[INFO ] 2020-03-04 15:44:36.655 [main] GenericDao - Entity Retrieved: User{username='notAdmin', password='notPassword', id=1}
[INFO ] 2020-03-04 15:44:36.702 [main] GenericDao - Deleted entity: User{username='notAdmin', password='notPassword', id=1}
[INFO ] 2020-03-04 15:44:36.829 [main] GenericDao - Retrieved all entities
[INFO ] 2020-03-04 15:44:36.838 [main] GenericDao - Entity Retrieved: null
[INFO ] 2020-03-04 15:44:36.921 [main] GenericDao - Retrieved all entities
[INFO ] 2020-03-04 15:44:36.964 [main] GenericDao - Inserted entity: User{username='newUser', password='newPassword', id=73}
[INFO ] 2020-03-04 15:44:36.979 [main] GenericDao - Retrieved all entities
[INFO ] 2020-03-04 15:44:37.011 [main] GenericDao - Entity Retrieved: User{username='notAdmin', password='notPassword', id=1}
[INFO ] 2020-03-04 15:44:37.043 [main] GenericDao - Entity Retrieved: User{username='notAdmin', password='notPassword', id=1}
[INFO ] 2020-03-04 15:44:37.052 [main] GenericDao - Updated entity: User{username='resetUsername', password='notPassword', id=1}
[INFO ] 2020-03-04 15:44:37.057 [main] GenericDao - Entity Retrieved: User{username='resetUsername', password='notPassword', id=1}
[INFO ] 2020-03-04 15:44:37.102 [main] GenericDao - Entity Retrieved: Book{id=1, isbn10='125031318X', isbn13='9781250313188', title='Gideon the Ninth', author='Tamsyn Muir'}
[INFO ] 2020-03-04 15:44:37.138 [main] GenericDao - Deleted entity: Book{id=1, isbn10='125031318X', isbn13='9781250313188', title='Gideon the Ninth', author='Tamsyn Muir'}
[INFO ] 2020-03-04 15:44:37.157 [main] GenericDao - Retrieved all entities
[INFO ] 2020-03-04 15:44:37.167 [main] GenericDao - Entity Retrieved: null
[INFO ] 2020-03-04 15:44:37.232 [main] GenericDao - Retrieved all entities
[INFO ] 2020-03-04 15:44:37.271 [main] GenericDao - Entity Retrieved: User{username='admin', password='password', id=2}
[INFO ] 2020-03-04 15:44:37.276 [main] GenericDao - Inserted entity: Book{id=45, isbn10='125031318X', isbn13='9781250313188', title='Gideon the Ninth', author='Tamsyn Muir'}
[INFO ] 2020-03-04 15:44:37.286 [main] GenericDao - Retrieved all entities
[INFO ] 2020-03-04 15:44:37.318 [main] GenericDao - Entity Retrieved: Book{id=1, isbn10='125031318X', isbn13='9781250313188', title='Gideon the Ninth', author='Tamsyn Muir'}
[INFO ] 2020-03-04 15:44:37.361 [main] GenericDao - Entity Retrieved: Book{id=1, isbn10='125031318X', isbn13='9781250313188', title='Gideon the Ninth', author='Tamsyn Muir'}
[INFO ] 2020-03-04 15:44:37.373 [main] GenericDao - Updated entity: Book{id=1, isbn10='125031318X', isbn13='9781250313188', title='resetTitle', author='Tamsyn Muir'}
[INFO ] 2020-03-04 15:44:37.387 [main] GenericDao - Entity Retrieved: Book{id=1, isbn10='125031318X', isbn13='9781250313188', title='resetTitle', author='Tamsyn Muir'}
[INFO ] 2020-03-04 15:48:03.381 [main] GenericDao - Entity Retrieved: User{username='notAdmin', password='notPassword', id=1}
[INFO ] 2020-03-04 15:48:03.431 [main] GenericDao - Deleted entity: User{username='notAdmin', password='notPassword', id=1}
[INFO ] 2020-03-04 15:48:03.559 [main] GenericDao - Retrieved all entities
[INFO ] 2020-03-04 15:48:03.572 [main] GenericDao - Entity Retrieved: null
[INFO ] 2020-03-04 15:48:03.665 [main] GenericDao - Retrieved all entities
[INFO ] 2020-03-04 15:48:03.732 [main] GenericDao - Inserted entity: User{username='newUser', password='newPassword', id=74}
[INFO ] 2020-03-04 15:48:03.756 [main] GenericDao - Retrieved all entities
[INFO ] 2020-03-04 15:48:03.810 [main] GenericDao - Entity Retrieved: User{username='notAdmin', password='notPassword', id=1}
[INFO ] 2020-03-04 15:48:03.853 [main] GenericDao - Entity Retrieved: User{username='notAdmin', password='notPassword', id=1}
[INFO ] 2020-03-04 15:48:03.866 [main] GenericDao - Updated entity: User{username='resetUsername', password='notPassword', id=1}
[INFO ] 2020-03-04 15:48:03.885 [main] GenericDao - Entity Retrieved: User{username='resetUsername', password='notPassword', id=1}
[INFO ] 2020-03-04 15:48:03.931 [main] GenericDao - Entity Retrieved: Book{id=1, isbn10='125031318X', isbn13='9781250313188', title='Gideon the Ninth', author='Tamsyn Muir'}
[INFO ] 2020-03-04 15:48:03.966 [main] GenericDao - Deleted entity: Book{id=1, isbn10='125031318X', isbn13='9781250313188', title='Gideon the Ninth', author='Tamsyn Muir'}
[INFO ] 2020-03-04 15:48:03.991 [main] GenericDao - Retrieved all entities
[INFO ] 2020-03-04 15:48:03.996 [main] GenericDao - Entity Retrieved: null
[INFO ] 2020-03-04 15:48:04.046 [main] GenericDao - Retrieved all entities
[INFO ] 2020-03-04 15:48:04.096 [main] GenericDao - Entity Retrieved: User{username='admin', password='password', id=2}
[INFO ] 2020-03-04 15:48:04.104 [main] GenericDao - Inserted entity: Book{id=46, isbn10='125031318X', isbn13='9781250313188', title='Gideon the Ninth', author='Tamsyn Muir'}
[INFO ] 2020-03-04 15:48:04.121 [main] GenericDao - Retrieved all entities
[INFO ] 2020-03-04 15:48:04.179 [main] GenericDao - Entity Retrieved: Book{id=1, isbn10='125031318X', isbn13='9781250313188', title='Gideon the Ninth', author='Tamsyn Muir'}
[INFO ] 2020-03-04 15:48:04.235 [main] GenericDao - Entity Retrieved: Book{id=1, isbn10='125031318X', isbn13='9781250313188', title='Gideon the Ninth', author='Tamsyn Muir'}
[INFO ] 2020-03-04 15:48:04.240 [main] GenericDao - Updated entity: Book{id=1, isbn10='125031318X', isbn13='9781250313188', title='resetTitle', author='Tamsyn Muir'}
[INFO ] 2020-03-04 15:48:04.250 [main] GenericDao - Entity Retrieved: Book{id=1, isbn10='125031318X', isbn13='9781250313188', title='resetTitle', author='Tamsyn Muir'}
[INFO ] 2020-03-04 15:51:18.529 [main] GenericDao - Entity Retrieved: User{username='notAdmin', password='notPassword', id=1}
[INFO ] 2020-03-04 15:51:18.596 [main] GenericDao - Deleted entity: User{username='notAdmin', password='notPassword', id=1}
[INFO ] 2020-03-04 15:51:18.705 [main] GenericDao - Retrieved all entities
[INFO ] 2020-03-04 15:51:18.712 [main] GenericDao - Entity Retrieved: null
[INFO ] 2020-03-04 15:51:18.812 [main] GenericDao - Retrieved all entities
[INFO ] 2020-03-04 15:51:18.902 [main] GenericDao - Inserted entity: User{username='newUser', password='newPassword', id=75}
[INFO ] 2020-03-04 15:51:18.928 [main] GenericDao - Retrieved all entities
[INFO ] 2020-03-04 15:51:18.976 [main] GenericDao - Entity Retrieved: User{username='notAdmin', password='notPassword', id=1}
[INFO ] 2020-03-04 15:51:19.024 [main] GenericDao - Entity Retrieved: User{username='notAdmin', password='notPassword', id=1}
[INFO ] 2020-03-04 15:51:19.042 [main] GenericDao - Updated entity: User{username='resetUsername', password='notPassword', id=1}
[INFO ] 2020-03-04 15:51:19.060 [main] GenericDao - Entity Retrieved: User{username='resetUsername', password='notPassword', id=1}
[INFO ] 2020-03-04 15:51:19.131 [main] GenericDao - Entity Retrieved: Book{id=1, isbn10='125031318X', isbn13='9781250313188', title='Gideon the Ninth', author='Tamsyn Muir'}
[INFO ] 2020-03-04 15:51:19.173 [main] GenericDao - Deleted entity: Book{id=1, isbn10='125031318X', isbn13='9781250313188', title='Gideon the Ninth', author='Tamsyn Muir'}
[INFO ] 2020-03-04 15:51:19.185 [main] GenericDao - Retrieved all entities
[INFO ] 2020-03-04 15:51:19.190 [main] GenericDao - Entity Retrieved: null
[INFO ] 2020-03-04 15:51:19.242 [main] GenericDao - Retrieved all entities
[INFO ] 2020-03-04 15:51:19.301 [main] GenericDao - Entity Retrieved: User{username='admin', password='password', id=2}
[INFO ] 2020-03-04 15:51:19.318 [main] GenericDao - Inserted entity: Book{id=47, isbn10='125031318X', isbn13='9781250313188', title='Gideon the Ninth', author='Tamsyn Muir'}
[INFO ] 2020-03-04 15:51:19.342 [main] GenericDao - Retrieved all entities
[INFO ] 2020-03-04 15:51:19.375 [main] GenericDao - Entity Retrieved: Book{id=1, isbn10='125031318X', isbn13='9781250313188', title='Gideon the Ninth', author='Tamsyn Muir'}
[INFO ] 2020-03-04 15:51:19.416 [main] GenericDao - Entity Retrieved: Book{id=1, isbn10='125031318X', isbn13='9781250313188', title='Gideon the Ninth', author='Tamsyn Muir'}
[INFO ] 2020-03-04 15:51:19.424 [main] GenericDao - Updated entity: Book{id=1, isbn10='125031318X', isbn13='9781250313188', title='resetTitle', author='Tamsyn Muir'}
[INFO ] 2020-03-04 15:51:19.432 [main] GenericDao - Entity Retrieved: Book{id=1, isbn10='125031318X', isbn13='9781250313188', title='resetTitle', author='Tamsyn Muir'}
[ERROR] 2020-03-09 09:32:16.624 [main] Database - java.sql.SQLException: The server time zone value 'CDT' is unrecognized or represents more than one time zone. You must configure either the server or JDBC driver (via the serverTimezone configuration property) to use a more specifc time zone value if you want to utilize time zone support.
[ERROR] 2020-03-09 09:34:14.417 [main] Database - java.sql.SQLException: The server time zone value 'CDT' is unrecognized or represents more than one time zone. You must configure either the server or JDBC driver (via the serverTimezone configuration property) to use a more specifc time zone value if you want to utilize time zone support.
[ERROR] 2020-03-09 09:39:00.536 [main] Database - java.sql.SQLException: The server time zone value 'CDT' is unrecognized or represents more than one time zone. You must configure either the server or JDBC driver (via the serverTimezone configuration property) to use a more specifc time zone value if you want to utilize time zone support.
[INFO ] 2020-03-09 09:44:47.391 [main] GenericDao - Entity Retrieved: User{username='notAdmin', password='notPassword', id=1}
[INFO ] 2020-03-09 09:44:47.439 [main] GenericDao - Deleted entity: User{username='notAdmin', password='notPassword', id=1}
[INFO ] 2020-03-09 09:44:47.607 [main] GenericDao - Retrieved all entities
[INFO ] 2020-03-09 09:44:47.616 [main] GenericDao - Entity Retrieved: null
[INFO ] 2020-03-09 09:44:47.696 [main] GenericDao - Retrieved all entities
[INFO ] 2020-03-09 09:44:47.754 [main] GenericDao - Inserted entity: User{username='newUser', password='newPassword', id=76}
[INFO ] 2020-03-09 09:44:47.775 [main] GenericDao - Retrieved all entities
[INFO ] 2020-03-09 09:44:47.820 [main] GenericDao - Entity Retrieved: User{username='notAdmin', password='notPassword', id=1}
[INFO ] 2020-03-09 09:44:47.859 [main] GenericDao - Entity Retrieved: User{username='notAdmin', password='notPassword', id=1}
[INFO ] 2020-03-09 09:44:47.871 [main] GenericDao - Updated entity: User{username='resetUsername', password='notPassword', id=1}
[INFO ] 2020-03-09 09:44:47.888 [main] GenericDao - Entity Retrieved: User{username='resetUsername', password='notPassword', id=1}
[INFO ] 2020-03-09 09:49:11.999 [main] GenericDao - Entity Retrieved: User{username='notAdmin', password='notPassword', id=1}
[INFO ] 2020-03-09 09:49:12.050 [main] GenericDao - Deleted entity: User{username='notAdmin', password='notPassword', id=1}
[INFO ] 2020-03-09 09:49:12.177 [main] GenericDao - Retrieved all entities
[INFO ] 2020-03-09 09:49:12.186 [main] GenericDao - Entity Retrieved: null
[INFO ] 2020-03-09 09:49:12.203 [main] GenericDao - Retrieved all entities
[INFO ] 2020-03-09 09:50:13.020 [main] GenericDao - Entity Retrieved: User{username='notAdmin', password='notPassword', id=1}
[INFO ] 2020-03-09 09:50:13.053 [main] GenericDao - Deleted entity: User{username='notAdmin', password='notPassword', id=1}
[INFO ] 2020-03-09 09:50:13.147 [main] GenericDao - Retrieved all entities
[INFO ] 2020-03-09 09:50:13.156 [main] GenericDao - Entity Retrieved: null
[INFO ] 2020-03-09 09:50:13.170 [main] GenericDao - Retrieved all entities
[INFO ] 2020-03-09 09:53:12.089 [main] GenericDao - Entity Retrieved: Book{id=1, isbn10='125031318X', isbn13='9781250313188', title='Gideon the Ninth', author='Tamsyn Muir'}
[INFO ] 2020-03-09 09:53:12.120 [main] GenericDao - Deleted entity: Book{id=1, isbn10='125031318X', isbn13='9781250313188', title='Gideon the Ninth', author='Tamsyn Muir'}
[INFO ] 2020-03-09 09:53:12.229 [main] GenericDao - Retrieved all entities
[INFO ] 2020-03-09 09:53:12.235 [main] GenericDao - Entity Retrieved: null
[INFO ] 2020-03-09 09:53:12.278 [main] GenericDao - Retrieved all entities
[INFO ] 2020-03-09 09:53:37.290 [main] GenericDao - Entity Retrieved: Book{id=1, isbn10='125031318X', isbn13='9781250313188', title='Gideon the Ninth', author='Tamsyn Muir'}
[INFO ] 2020-03-09 09:53:37.330 [main] GenericDao - Deleted entity: Book{id=1, isbn10='125031318X', isbn13='9781250313188', title='Gideon the Ninth', author='Tamsyn Muir'}
[INFO ] 2020-03-09 09:53:37.442 [main] GenericDao - Retrieved all entities
[INFO ] 2020-03-09 09:53:37.458 [main] GenericDao - Entity Retrieved: null
[INFO ] 2020-03-09 09:53:37.496 [main] GenericDao - Retrieved all entities
[INFO ] 2020-03-09 09:54:23.285 [main] GenericDao - Entity Retrieved: Book{id=1, isbn10='125031318X', isbn13='9781250313188', title='Gideon the Ninth', author='Tamsyn Muir'}
[INFO ] 2020-03-09 09:54:23.317 [main] GenericDao - Deleted entity: Book{id=1, isbn10='125031318X', isbn13='9781250313188', title='Gideon the Ninth', author='Tamsyn Muir'}
[INFO ] 2020-03-09 09:54:23.413 [main] GenericDao - Retrieved all entities
[INFO ] 2020-03-09 09:54:23.418 [main] GenericDao - Entity Retrieved: null
[INFO ] 2020-03-09 09:54:23.433 [main] GenericDao - Retrieved all entities
[INFO ] 2020-03-09 09:54:34.339 [main] GenericDao - Entity Retrieved: Book{id=1, isbn10='125031318X', isbn13='9781250313188', title='Gideon the Ninth', author='Tamsyn Muir'}
[INFO ] 2020-03-09 09:54:34.376 [main] GenericDao - Deleted entity: Book{id=1, isbn10='125031318X', isbn13='9781250313188', title='Gideon the Ninth', author='Tamsyn Muir'}
[INFO ] 2020-03-09 09:54:34.486 [main] GenericDao - Retrieved all entities
[INFO ] 2020-03-09 09:54:34.502 [main] GenericDao - Entity Retrieved: null
[INFO ] 2020-03-09 09:54:34.553 [main] GenericDao - Retrieved all entities
[INFO ] 2020-03-09 09:54:34.644 [main] GenericDao - Retrieved all entities
[INFO ] 2020-03-09 09:54:34.690 [main] GenericDao - Entity Retrieved: User{username='admin', password='password', id=2}
[INFO ] 2020-03-09 09:54:34.710 [main] GenericDao - Inserted entity: Book{id=48, isbn10='125031318X', isbn13='9781250313188', title='Gideon the Ninth', author='Tamsyn Muir'}
[INFO ] 2020-03-09 09:54:34.718 [main] GenericDao - Retrieved all entities
[INFO ] 2020-03-09 09:54:34.750 [main] GenericDao - Entity Retrieved: Book{id=1, isbn10='125031318X', isbn13='9781250313188', title='Gideon the Ninth', author='Tamsyn Muir'}
[INFO ] 2020-03-09 09:54:34.784 [main] GenericDao - Entity Retrieved: Book{id=1, isbn10='125031318X', isbn13='9781250313188', title='Gideon the Ninth', author='Tamsyn Muir'}
[INFO ] 2020-03-09 09:54:34.790 [main] GenericDao - Updated entity: Book{id=1, isbn10='125031318X', isbn13='9781250313188', title='resetTitle', author='Tamsyn Muir'}
[INFO ] 2020-03-09 09:54:34.795 [main] GenericDao - Entity Retrieved: Book{id=1, isbn10='125031318X', isbn13='9781250313188', title='resetTitle', author='Tamsyn Muir'}
[INFO ] 2020-03-09 09:55:00.427 [main] GenericDao - Entity Retrieved: User{username='notAdmin', password='notPassword', id=1}
[INFO ] 2020-03-09 09:55:00.472 [main] GenericDao - Deleted entity: User{username='notAdmin', password='notPassword', id=1}
[INFO ] 2020-03-09 09:55:00.592 [main] GenericDao - Retrieved all entities
[INFO ] 2020-03-09 09:55:00.604 [main] GenericDao - Entity Retrieved: null
[INFO ] 2020-03-09 09:55:00.631 [main] GenericDao - Retrieved all entities
[INFO ] 2020-03-09 09:55:00.710 [main] GenericDao - Retrieved all entities
[INFO ] 2020-03-09 09:55:00.772 [main] GenericDao - Inserted entity: User{username='newUser', password='newPassword', id=77}
[INFO ] 2020-03-09 09:55:00.795 [main] GenericDao - Retrieved all entities
[INFO ] 2020-03-09 09:55:00.831 [main] GenericDao - Entity Retrieved: User{username='notAdmin', password='notPassword', id=1}
[INFO ] 2020-03-09 09:55:00.887 [main] GenericDao - Entity Retrieved: User{username='notAdmin', password='notPassword', id=1}
[INFO ] 2020-03-09 09:55:00.905 [main] GenericDao - Updated entity: User{username='resetUsername', password='notPassword', id=1}
[INFO ] 2020-03-09 09:55:00.914 [main] GenericDao - Entity Retrieved: User{username='resetUsername', password='notPassword', id=1}
[INFO ] 2020-03-09 09:55:00.961 [main] GenericDao - Entity Retrieved: Book{id=1, isbn10='125031318X', isbn13='9781250313188', title='Gideon the Ninth', author='Tamsyn Muir'}
[INFO ] 2020-03-09 09:55:00.984 [main] GenericDao - Deleted entity: Book{id=1, isbn10='125031318X', isbn13='9781250313188', title='Gideon the Ninth', author='Tamsyn Muir'}
[INFO ] 2020-03-09 09:55:00.993 [main] GenericDao - Retrieved all entities
[INFO ] 2020-03-09 09:55:00.995 [main] GenericDao - Entity Retrieved: null
[INFO ] 2020-03-09 09:55:01.010 [main] GenericDao - Retrieved all entities
[INFO ] 2020-03-09 09:55:01.064 [main] GenericDao - Retrieved all entities
[INFO ] 2020-03-09 09:55:01.106 [main] GenericDao - Entity Retrieved: User{username='admin', password='password', id=2}
[INFO ] 2020-03-09 09:55:01.121 [main] GenericDao - Inserted entity: Book{id=49, isbn10='125031318X', isbn13='9781250313188', title='Gideon the Ninth', author='Tamsyn Muir'}
[INFO ] 2020-03-09 09:55:01.143 [main] GenericDao - Retrieved all entities
[INFO ] 2020-03-09 09:55:01.203 [main] GenericDao - Entity Retrieved: Book{id=1, isbn10='125031318X', isbn13='9781250313188', title='Gideon the Ninth', author='Tamsyn Muir'}
[INFO ] 2020-03-09 09:55:01.231 [main] GenericDao - Entity Retrieved: Book{id=1, isbn10='125031318X', isbn13='9781250313188', title='Gideon the Ninth', author='Tamsyn Muir'}
[INFO ] 2020-03-09 09:55:01.238 [main] GenericDao - Updated entity: Book{id=1, isbn10='125031318X', isbn13='9781250313188', title='resetTitle', author='Tamsyn Muir'}
[INFO ] 2020-03-09 09:55:01.246 [main] GenericDao - Entity Retrieved: Book{id=1, isbn10='125031318X', isbn13='9781250313188', title='resetTitle', author='Tamsyn Muir'}
