[DEBUG] 2020-02-17 13:25:50.216 [main] IntegratorServiceImpl - Adding Integrator [org.hibernate.cfg.beanvalidation.BeanValidationIntegrator].
[DEBUG] 2020-02-17 13:25:50.223 [main] IntegratorServiceImpl - Adding Integrator [org.hibernate.secure.spi.JaccIntegrator].
[DEBUG] 2020-02-17 13:25:50.235 [main] IntegratorServiceImpl - Adding Integrator [org.hibernate.cache.internal.CollectionCacheInvalidator].
[INFO ] 2020-02-17 13:25:50.373 [main] Version - HHH000412: Hibernate Core {5.4.4.Final}
[DEBUG] 2020-02-17 13:25:50.376 [main] Environment - HHH000206: hibernate.properties not found
[DEBUG] 2020-02-17 13:25:50.686 [main] JaxbCfgProcessor - cfg.xml document did not define namespaces; wrapping in custom event reader to introduce namespace information
[DEBUG] 2020-02-17 13:25:51.044 [main] ServiceBinding - Overriding existing service binding [org.hibernate.secure.spi.JaccService]
[DEBUG] 2020-02-17 13:25:51.072 [main] RegionFactoryInitiator - Cannot default RegionFactory based on registered strategies as `[]` RegionFactory strategies were registered
[DEBUG] 2020-02-17 13:25:51.075 [main] RegionFactoryInitiator - Cache region factory : org.hibernate.cache.internal.NoCachingRegionFactory
[INFO ] 2020-02-17 13:25:51.098 [main] Version - HCANN000001: Hibernate Commons Annotations {5.1.0.Final}
[DEBUG] 2020-02-17 13:25:51.146 [main] BasicTypeRegistry - Adding type registration boolean -> org.hibernate.type.BooleanType@336880df
[DEBUG] 2020-02-17 13:25:51.147 [main] BasicTypeRegistry - Adding type registration boolean -> org.hibernate.type.BooleanType@336880df
[DEBUG] 2020-02-17 13:25:51.147 [main] BasicTypeRegistry - Adding type registration java.lang.Boolean -> org.hibernate.type.BooleanType@336880df
[DEBUG] 2020-02-17 13:25:51.147 [main] BasicTypeRegistry - Adding type registration numeric_boolean -> org.hibernate.type.NumericBooleanType@75fc1992
[DEBUG] 2020-02-17 13:25:51.148 [main] BasicTypeRegistry - Adding type registration true_false -> org.hibernate.type.TrueFalseType@7be7e15
[DEBUG] 2020-02-17 13:25:51.149 [main] BasicTypeRegistry - Adding type registration yes_no -> org.hibernate.type.YesNoType@4248b963
[DEBUG] 2020-02-17 13:25:51.150 [main] BasicTypeRegistry - Adding type registration byte -> org.hibernate.type.ByteType@72725ee1
[DEBUG] 2020-02-17 13:25:51.150 [main] BasicTypeRegistry - Adding type registration byte -> org.hibernate.type.ByteType@72725ee1
[DEBUG] 2020-02-17 13:25:51.153 [main] BasicTypeRegistry - Adding type registration java.lang.Byte -> org.hibernate.type.ByteType@72725ee1
[DEBUG] 2020-02-17 13:25:51.154 [main] BasicTypeRegistry - Adding type registration character -> org.hibernate.type.CharacterType@249e0271
[DEBUG] 2020-02-17 13:25:51.154 [main] BasicTypeRegistry - Adding type registration char -> org.hibernate.type.CharacterType@249e0271
[DEBUG] 2020-02-17 13:25:51.155 [main] BasicTypeRegistry - Adding type registration java.lang.Character -> org.hibernate.type.CharacterType@249e0271
[DEBUG] 2020-02-17 13:25:51.156 [main] BasicTypeRegistry - Adding type registration short -> org.hibernate.type.ShortType@3bfc6a5e
[DEBUG] 2020-02-17 13:25:51.156 [main] BasicTypeRegistry - Adding type registration short -> org.hibernate.type.ShortType@3bfc6a5e
[DEBUG] 2020-02-17 13:25:51.156 [main] BasicTypeRegistry - Adding type registration java.lang.Short -> org.hibernate.type.ShortType@3bfc6a5e
[DEBUG] 2020-02-17 13:25:51.158 [main] BasicTypeRegistry - Adding type registration integer -> org.hibernate.type.IntegerType@3964d79
[DEBUG] 2020-02-17 13:25:51.158 [main] BasicTypeRegistry - Adding type registration int -> org.hibernate.type.IntegerType@3964d79
[DEBUG] 2020-02-17 13:25:51.158 [main] BasicTypeRegistry - Adding type registration java.lang.Integer -> org.hibernate.type.IntegerType@3964d79
[DEBUG] 2020-02-17 13:25:51.158 [main] BasicTypeRegistry - Adding type registration long -> org.hibernate.type.LongType@4acb2510
[DEBUG] 2020-02-17 13:25:51.159 [main] BasicTypeRegistry - Adding type registration long -> org.hibernate.type.LongType@4acb2510
[DEBUG] 2020-02-17 13:25:51.159 [main] BasicTypeRegistry - Adding type registration java.lang.Long -> org.hibernate.type.LongType@4acb2510
[DEBUG] 2020-02-17 13:25:51.160 [main] BasicTypeRegistry - Adding type registration float -> org.hibernate.type.FloatType@7a904f32
[DEBUG] 2020-02-17 13:25:51.160 [main] BasicTypeRegistry - Adding type registration float -> org.hibernate.type.FloatType@7a904f32
[DEBUG] 2020-02-17 13:25:51.160 [main] BasicTypeRegistry - Adding type registration java.lang.Float -> org.hibernate.type.FloatType@7a904f32
[DEBUG] 2020-02-17 13:25:51.162 [main] BasicTypeRegistry - Adding type registration double -> org.hibernate.type.DoubleType@4339e0de
[DEBUG] 2020-02-17 13:25:51.163 [main] BasicTypeRegistry - Adding type registration double -> org.hibernate.type.DoubleType@4339e0de
[DEBUG] 2020-02-17 13:25:51.163 [main] BasicTypeRegistry - Adding type registration java.lang.Double -> org.hibernate.type.DoubleType@4339e0de
[DEBUG] 2020-02-17 13:25:51.164 [main] BasicTypeRegistry - Adding type registration big_decimal -> org.hibernate.type.BigDecimalType@27b2faa6
[DEBUG] 2020-02-17 13:25:51.164 [main] BasicTypeRegistry - Adding type registration java.math.BigDecimal -> org.hibernate.type.BigDecimalType@27b2faa6
[DEBUG] 2020-02-17 13:25:51.164 [main] BasicTypeRegistry - Adding type registration big_integer -> org.hibernate.type.BigIntegerType@75a118e6
[DEBUG] 2020-02-17 13:25:51.165 [main] BasicTypeRegistry - Adding type registration java.math.BigInteger -> org.hibernate.type.BigIntegerType@75a118e6
[DEBUG] 2020-02-17 13:25:51.165 [main] BasicTypeRegistry - Adding type registration string -> org.hibernate.type.StringType@6bda1d19
[DEBUG] 2020-02-17 13:25:51.165 [main] BasicTypeRegistry - Adding type registration java.lang.String -> org.hibernate.type.StringType@6bda1d19
[DEBUG] 2020-02-17 13:25:51.166 [main] BasicTypeRegistry - Adding type registration nstring -> org.hibernate.type.StringNVarcharType@37b57b54
[DEBUG] 2020-02-17 13:25:51.166 [main] BasicTypeRegistry - Adding type registration ncharacter -> org.hibernate.type.CharacterNCharType@7be71476
[DEBUG] 2020-02-17 13:25:51.167 [main] BasicTypeRegistry - Adding type registration url -> org.hibernate.type.UrlType@154bd49b
[DEBUG] 2020-02-17 13:25:51.167 [main] BasicTypeRegistry - Adding type registration java.net.URL -> org.hibernate.type.UrlType@154bd49b
[DEBUG] 2020-02-17 13:25:51.168 [main] BasicTypeRegistry - Adding type registration Duration -> org.hibernate.type.DurationType@2dd8239
[DEBUG] 2020-02-17 13:25:51.168 [main] BasicTypeRegistry - Adding type registration java.time.Duration -> org.hibernate.type.DurationType@2dd8239
[DEBUG] 2020-02-17 13:25:51.172 [main] BasicTypeRegistry - Adding type registration Instant -> org.hibernate.type.InstantType@93f432e
[DEBUG] 2020-02-17 13:25:51.172 [main] BasicTypeRegistry - Adding type registration java.time.Instant -> org.hibernate.type.InstantType@93f432e
[DEBUG] 2020-02-17 13:25:51.174 [main] BasicTypeRegistry - Adding type registration LocalDateTime -> org.hibernate.type.LocalDateTimeType@2bebb74f
[DEBUG] 2020-02-17 13:25:51.174 [main] BasicTypeRegistry - Adding type registration java.time.LocalDateTime -> org.hibernate.type.LocalDateTimeType@2bebb74f
[DEBUG] 2020-02-17 13:25:51.175 [main] BasicTypeRegistry - Adding type registration LocalDate -> org.hibernate.type.LocalDateType@3f9f71ff
[DEBUG] 2020-02-17 13:25:51.175 [main] BasicTypeRegistry - Adding type registration java.time.LocalDate -> org.hibernate.type.LocalDateType@3f9f71ff
[DEBUG] 2020-02-17 13:25:51.176 [main] BasicTypeRegistry - Adding type registration LocalTime -> org.hibernate.type.LocalTimeType@ad3324b
[DEBUG] 2020-02-17 13:25:51.176 [main] BasicTypeRegistry - Adding type registration java.time.LocalTime -> org.hibernate.type.LocalTimeType@ad3324b
[DEBUG] 2020-02-17 13:25:51.178 [main] BasicTypeRegistry - Adding type registration OffsetDateTime -> org.hibernate.type.OffsetDateTimeType@48eb9836
[DEBUG] 2020-02-17 13:25:51.178 [main] BasicTypeRegistry - Adding type registration java.time.OffsetDateTime -> org.hibernate.type.OffsetDateTimeType@48eb9836
[DEBUG] 2020-02-17 13:25:51.180 [main] BasicTypeRegistry - Adding type registration OffsetTime -> org.hibernate.type.OffsetTimeType@74294c1a
[DEBUG] 2020-02-17 13:25:51.180 [main] BasicTypeRegistry - Adding type registration java.time.OffsetTime -> org.hibernate.type.OffsetTimeType@74294c1a
[DEBUG] 2020-02-17 13:25:51.181 [main] BasicTypeRegistry - Adding type registration ZonedDateTime -> org.hibernate.type.ZonedDateTimeType@e8ea697
[DEBUG] 2020-02-17 13:25:51.181 [main] BasicTypeRegistry - Adding type registration java.time.ZonedDateTime -> org.hibernate.type.ZonedDateTimeType@e8ea697
[DEBUG] 2020-02-17 13:25:51.182 [main] BasicTypeRegistry - Adding type registration date -> org.hibernate.type.DateType@7fcf294e
[DEBUG] 2020-02-17 13:25:51.183 [main] BasicTypeRegistry - Adding type registration java.sql.Date -> org.hibernate.type.DateType@7fcf294e
[DEBUG] 2020-02-17 13:25:51.184 [main] BasicTypeRegistry - Adding type registration time -> org.hibernate.type.TimeType@46c3a14d
[DEBUG] 2020-02-17 13:25:51.185 [main] BasicTypeRegistry - Adding type registration java.sql.Time -> org.hibernate.type.TimeType@46c3a14d
[DEBUG] 2020-02-17 13:25:51.186 [main] BasicTypeRegistry - Adding type registration timestamp -> org.hibernate.type.TimestampType@4d1f1ff5
[DEBUG] 2020-02-17 13:25:51.186 [main] BasicTypeRegistry - Adding type registration java.sql.Timestamp -> org.hibernate.type.TimestampType@4d1f1ff5
[DEBUG] 2020-02-17 13:25:51.186 [main] BasicTypeRegistry - Adding type registration java.util.Date -> org.hibernate.type.TimestampType@4d1f1ff5
[DEBUG] 2020-02-17 13:25:51.187 [main] BasicTypeRegistry - Adding type registration dbtimestamp -> org.hibernate.type.DbTimestampType@61a1ea2c
[DEBUG] 2020-02-17 13:25:51.188 [main] BasicTypeRegistry - Adding type registration calendar -> org.hibernate.type.CalendarType@131ff6fa
[DEBUG] 2020-02-17 13:25:51.188 [main] BasicTypeRegistry - Adding type registration java.util.Calendar -> org.hibernate.type.CalendarType@131ff6fa
[DEBUG] 2020-02-17 13:25:51.188 [main] BasicTypeRegistry - Adding type registration java.util.GregorianCalendar -> org.hibernate.type.CalendarType@131ff6fa
[DEBUG] 2020-02-17 13:25:51.188 [main] BasicTypeRegistry - Adding type registration calendar_date -> org.hibernate.type.CalendarDateType@2184b4f4
[DEBUG] 2020-02-17 13:25:51.190 [main] BasicTypeRegistry - Adding type registration locale -> org.hibernate.type.LocaleType@35764bef
[DEBUG] 2020-02-17 13:25:51.190 [main] BasicTypeRegistry - Adding type registration java.util.Locale -> org.hibernate.type.LocaleType@35764bef
[DEBUG] 2020-02-17 13:25:51.192 [main] BasicTypeRegistry - Adding type registration currency -> org.hibernate.type.CurrencyType@778d82e9
[DEBUG] 2020-02-17 13:25:51.192 [main] BasicTypeRegistry - Adding type registration java.util.Currency -> org.hibernate.type.CurrencyType@778d82e9
[DEBUG] 2020-02-17 13:25:51.193 [main] BasicTypeRegistry - Adding type registration timezone -> org.hibernate.type.TimeZoneType@10cd6753
[DEBUG] 2020-02-17 13:25:51.193 [main] BasicTypeRegistry - Adding type registration java.util.TimeZone -> org.hibernate.type.TimeZoneType@10cd6753
[DEBUG] 2020-02-17 13:25:51.194 [main] BasicTypeRegistry - Adding type registration class -> org.hibernate.type.ClassType@260ff5b7
[DEBUG] 2020-02-17 13:25:51.194 [main] BasicTypeRegistry - Adding type registration java.lang.Class -> org.hibernate.type.ClassType@260ff5b7
[DEBUG] 2020-02-17 13:25:51.195 [main] BasicTypeRegistry - Adding type registration uuid-binary -> org.hibernate.type.UUIDBinaryType@58860997
[DEBUG] 2020-02-17 13:25:51.196 [main] BasicTypeRegistry - Adding type registration java.util.UUID -> org.hibernate.type.UUIDBinaryType@58860997
[DEBUG] 2020-02-17 13:25:51.196 [main] BasicTypeRegistry - Adding type registration uuid-char -> org.hibernate.type.UUIDCharType@199bc830
[DEBUG] 2020-02-17 13:25:51.197 [main] BasicTypeRegistry - Adding type registration binary -> org.hibernate.type.BinaryType@3e15bb06
[DEBUG] 2020-02-17 13:25:51.197 [main] BasicTypeRegistry - Adding type registration byte[] -> org.hibernate.type.BinaryType@3e15bb06
[DEBUG] 2020-02-17 13:25:51.198 [main] BasicTypeRegistry - Adding type registration [B -> org.hibernate.type.BinaryType@3e15bb06
[DEBUG] 2020-02-17 13:25:51.201 [main] BasicTypeRegistry - Adding type registration wrapper-binary -> org.hibernate.type.WrapperBinaryType@2f61d591
[DEBUG] 2020-02-17 13:25:51.202 [main] BasicTypeRegistry - Adding type registration Byte[] -> org.hibernate.type.WrapperBinaryType@2f61d591
[DEBUG] 2020-02-17 13:25:51.202 [main] BasicTypeRegistry - Adding type registration [Ljava.lang.Byte; -> org.hibernate.type.WrapperBinaryType@2f61d591
[DEBUG] 2020-02-17 13:25:51.203 [main] BasicTypeRegistry - Adding type registration row_version -> org.hibernate.type.RowVersionType@1416cf9f
[DEBUG] 2020-02-17 13:25:51.204 [main] BasicTypeRegistry - Adding type registration image -> org.hibernate.type.ImageType@2dfe5525
[DEBUG] 2020-02-17 13:25:51.204 [main] BasicTypeRegistry - Adding type registration characters -> org.hibernate.type.CharArrayType@6d303498
[DEBUG] 2020-02-17 13:25:51.204 [main] BasicTypeRegistry - Adding type registration char[] -> org.hibernate.type.CharArrayType@6d303498
[DEBUG] 2020-02-17 13:25:51.204 [main] BasicTypeRegistry - Adding type registration [C -> org.hibernate.type.CharArrayType@6d303498
[DEBUG] 2020-02-17 13:25:51.205 [main] BasicTypeRegistry - Adding type registration wrapper-characters -> org.hibernate.type.CharacterArrayType@29eda4f8
[DEBUG] 2020-02-17 13:25:51.205 [main] BasicTypeRegistry - Adding type registration [Ljava.lang.Character; -> org.hibernate.type.CharacterArrayType@29eda4f8
[DEBUG] 2020-02-17 13:25:51.206 [main] BasicTypeRegistry - Adding type registration Character[] -> org.hibernate.type.CharacterArrayType@29eda4f8
[DEBUG] 2020-02-17 13:25:51.206 [main] BasicTypeRegistry - Adding type registration text -> org.hibernate.type.TextType@3d5790ea
[DEBUG] 2020-02-17 13:25:51.206 [main] BasicTypeRegistry - Adding type registration ntext -> org.hibernate.type.NTextType@56913163
[DEBUG] 2020-02-17 13:25:51.207 [main] BasicTypeRegistry - Adding type registration blob -> org.hibernate.type.BlobType@7158daf2
[DEBUG] 2020-02-17 13:25:51.207 [main] BasicTypeRegistry - Adding type registration java.sql.Blob -> org.hibernate.type.BlobType@7158daf2
[DEBUG] 2020-02-17 13:25:51.208 [main] BasicTypeRegistry - Adding type registration materialized_blob -> org.hibernate.type.MaterializedBlobType@e8e0dec
[DEBUG] 2020-02-17 13:25:51.209 [main] BasicTypeRegistry - Adding type registration clob -> org.hibernate.type.ClobType@1a6cf771
[DEBUG] 2020-02-17 13:25:51.209 [main] BasicTypeRegistry - Adding type registration java.sql.Clob -> org.hibernate.type.ClobType@1a6cf771
[DEBUG] 2020-02-17 13:25:51.210 [main] BasicTypeRegistry - Adding type registration nclob -> org.hibernate.type.NClobType@18acfe88
[DEBUG] 2020-02-17 13:25:51.210 [main] BasicTypeRegistry - Adding type registration java.sql.NClob -> org.hibernate.type.NClobType@18acfe88
[DEBUG] 2020-02-17 13:25:51.211 [main] BasicTypeRegistry - Adding type registration materialized_clob -> org.hibernate.type.MaterializedClobType@19962194
[DEBUG] 2020-02-17 13:25:51.211 [main] BasicTypeRegistry - Adding type registration materialized_nclob -> org.hibernate.type.MaterializedNClobType@3cbf1ba4
[DEBUG] 2020-02-17 13:25:51.213 [main] BasicTypeRegistry - Adding type registration serializable -> org.hibernate.type.SerializableType@2b9f74d0
[DEBUG] 2020-02-17 13:25:51.217 [main] BasicTypeRegistry - Adding type registration object -> org.hibernate.type.ObjectType@706fe5c6
[DEBUG] 2020-02-17 13:25:51.217 [main] BasicTypeRegistry - Adding type registration java.lang.Object -> org.hibernate.type.ObjectType@706fe5c6
[DEBUG] 2020-02-17 13:25:51.217 [main] BasicTypeRegistry - Adding type registration imm_date -> org.hibernate.type.AdaptedImmutableType@6b3f6585
[DEBUG] 2020-02-17 13:25:51.217 [main] BasicTypeRegistry - Adding type registration imm_time -> org.hibernate.type.AdaptedImmutableType@282ffbf5
[DEBUG] 2020-02-17 13:25:51.217 [main] BasicTypeRegistry - Adding type registration imm_timestamp -> org.hibernate.type.AdaptedImmutableType@3e104d4b
[DEBUG] 2020-02-17 13:25:51.217 [main] BasicTypeRegistry - Adding type registration imm_dbtimestamp -> org.hibernate.type.AdaptedImmutableType@55e2fe3c
[DEBUG] 2020-02-17 13:25:51.218 [main] BasicTypeRegistry - Adding type registration imm_calendar -> org.hibernate.type.AdaptedImmutableType@45e1aa48
[DEBUG] 2020-02-17 13:25:51.218 [main] BasicTypeRegistry - Adding type registration imm_calendar_date -> org.hibernate.type.AdaptedImmutableType@12c60152
[DEBUG] 2020-02-17 13:25:51.218 [main] BasicTypeRegistry - Adding type registration imm_binary -> org.hibernate.type.AdaptedImmutableType@2e807c54
[DEBUG] 2020-02-17 13:25:51.218 [main] BasicTypeRegistry - Adding type registration imm_serializable -> org.hibernate.type.AdaptedImmutableType@6cd164a6
[DEBUG] 2020-02-17 13:25:51.245 [main] DefaultIdentifierGeneratorFactory - Registering IdentifierGenerator strategy [uuid2] -> [org.hibernate.id.UUIDGenerator]
[DEBUG] 2020-02-17 13:25:51.246 [main] DefaultIdentifierGeneratorFactory - Registering IdentifierGenerator strategy [guid] -> [org.hibernate.id.GUIDGenerator]
[DEBUG] 2020-02-17 13:25:51.247 [main] DefaultIdentifierGeneratorFactory - Registering IdentifierGenerator strategy [uuid] -> [org.hibernate.id.UUIDHexGenerator]
[DEBUG] 2020-02-17 13:25:51.248 [main] DefaultIdentifierGeneratorFactory - Registering IdentifierGenerator strategy [uuid.hex] -> [org.hibernate.id.UUIDHexGenerator]
[DEBUG] 2020-02-17 13:25:51.248 [main] DefaultIdentifierGeneratorFactory - Registering IdentifierGenerator strategy [assigned] -> [org.hibernate.id.Assigned]
[DEBUG] 2020-02-17 13:25:51.251 [main] DefaultIdentifierGeneratorFactory - Registering IdentifierGenerator strategy [identity] -> [org.hibernate.id.IdentityGenerator]
[DEBUG] 2020-02-17 13:25:51.251 [main] DefaultIdentifierGeneratorFactory - Registering IdentifierGenerator strategy [select] -> [org.hibernate.id.SelectGenerator]
[DEBUG] 2020-02-17 13:25:51.253 [main] DefaultIdentifierGeneratorFactory - Registering IdentifierGenerator strategy [sequence] -> [org.hibernate.id.enhanced.SequenceStyleGenerator]
[DEBUG] 2020-02-17 13:25:51.254 [main] DefaultIdentifierGeneratorFactory - Registering IdentifierGenerator strategy [seqhilo] -> [org.hibernate.id.SequenceHiLoGenerator]
[DEBUG] 2020-02-17 13:25:51.255 [main] DefaultIdentifierGeneratorFactory - Registering IdentifierGenerator strategy [increment] -> [org.hibernate.id.IncrementGenerator]
[DEBUG] 2020-02-17 13:25:51.255 [main] DefaultIdentifierGeneratorFactory - Registering IdentifierGenerator strategy [foreign] -> [org.hibernate.id.ForeignGenerator]
[DEBUG] 2020-02-17 13:25:51.255 [main] DefaultIdentifierGeneratorFactory - Registering IdentifierGenerator strategy [sequence-identity] -> [org.hibernate.id.SequenceIdentityGenerator]
[DEBUG] 2020-02-17 13:25:51.255 [main] DefaultIdentifierGeneratorFactory - Registering IdentifierGenerator strategy [enhanced-sequence] -> [org.hibernate.id.enhanced.SequenceStyleGenerator]
[DEBUG] 2020-02-17 13:25:51.256 [main] DefaultIdentifierGeneratorFactory - Registering IdentifierGenerator strategy [enhanced-table] -> [org.hibernate.id.enhanced.TableGenerator]
[INFO ] 2020-02-17 13:25:51.261 [main] C3P0ConnectionProvider - HHH010002: C3P0 using driver: com.mysql.cj.jdbc.Driver at URL: jdbc:mysql://localhost:3306/BookshelfBansheeTest
[INFO ] 2020-02-17 13:25:51.261 [main] C3P0ConnectionProvider - HHH10001001: Connection properties: {password=****, user=root}
[INFO ] 2020-02-17 13:25:51.261 [main] C3P0ConnectionProvider - HHH10001003: Autocommit mode: false
[INFO ] 2020-02-17 13:25:51.566 [main] C3P0ConnectionProvider - HHH10001007: JDBC isolation level: <unknown>
[DEBUG] 2020-02-17 13:25:51.763 [main] JdbcEnvironmentInitiator - Database ->
       name : MySQL
    version : 8.0.16
      major : 8
      minor : 0
[DEBUG] 2020-02-17 13:25:51.764 [main] JdbcEnvironmentInitiator - Driver ->
       name : MySQL Connector/J
    version : mysql-connector-java-8.0.16 (Revision: 34cbc6bc61f72836e26327537a432d6db7c77de6)
      major : 8
      minor : 0
[DEBUG] 2020-02-17 13:25:51.764 [main] JdbcEnvironmentInitiator - JDBC version : 4.2
[INFO ] 2020-02-17 13:25:51.826 [main] Dialect - HHH000400: Using dialect: org.hibernate.dialect.MySQL8Dialect
[DEBUG] 2020-02-17 13:25:51.851 [main] IdentifierHelperBuilder - JDBC driver metadata reported database stores quoted identifiers in more than one case
[DEBUG] 2020-02-17 13:25:51.892 [main] IdentifierHelperBuilder - IdentifierCaseStrategy for both quoted and unquoted identifiers was set to the same strategy [MIXED]; that will likely lead to problems in schema update and validation if using quoted identifiers
[DEBUG] 2020-02-17 13:25:51.921 [main] Namespace - Created database namespace [logicalName=Name{catalog=null, schema=null}, physicalName=Name{catalog=null, schema=null}]
[DEBUG] 2020-02-17 13:25:51.924 [main] TypeConfiguration$Scope - Scoping TypeConfiguration [org.hibernate.type.spi.TypeConfiguration@2e17a321] to MetadataBuildingContext [org.hibernate.boot.internal.MetadataBuildingContextRootImpl@521bb1a4]
[DEBUG] 2020-02-17 13:25:51.958 [main] AnnotationMetadataSourceProcessorImpl - Encountered a non-categorized annotated class [com.bookshelfBanshee.entity.Role]; ignoring
[DEBUG] 2020-02-17 13:25:51.973 [main] AnnotationBinder - Binding entity from annotated class: com.bookshelfBanshee.entity.User
[DEBUG] 2020-02-17 13:25:51.995 [main] Ejb3Column - Binding column: Ejb3DiscriminatorColumn{logicalColumnName'DTYPE', discriminatorTypeName='string'}
[DEBUG] 2020-02-17 13:25:51.999 [main] EntityBinder - Import with entity name User
[DEBUG] 2020-02-17 13:25:52.002 [main] EntityBinder - Bind entity com.bookshelfBanshee.entity.User on table user
[DEBUG] 2020-02-17 13:25:52.020 [main] Ejb3Column - Binding column: Ejb3Column{table=org.hibernate.mapping.Table(user), mappingColumn=id, insertable=true, updatable=true, unique=false}
[DEBUG] 2020-02-17 13:25:52.022 [main] PropertyBinder - MetadataSourceProcessor property id with lazy=false
[DEBUG] 2020-02-17 13:25:52.023 [main] AbstractPropertyHolder - Attempting to locate auto-apply AttributeConverter for property [com.bookshelfBanshee.entity.User:id]
[DEBUG] 2020-02-17 13:25:52.025 [main] SimpleValueBinder - building SimpleValue for id
[DEBUG] 2020-02-17 13:25:52.026 [main] PropertyBinder - Building property id
[DEBUG] 2020-02-17 13:25:52.029 [main] BinderHelper - #makeIdGenerator(org.hibernate.mapping.SimpleValue([org.hibernate.mapping.Column(id)]), id, org.hibernate.id.enhanced.SequenceStyleGenerator, native, ...)
[DEBUG] 2020-02-17 13:25:52.030 [main] Ejb3Column - Binding column: Ejb3Column{table=org.hibernate.mapping.Table(user), mappingColumn=password, insertable=true, updatable=true, unique=false}
[DEBUG] 2020-02-17 13:25:52.030 [main] PropertyBinder - MetadataSourceProcessor property password with lazy=false
[DEBUG] 2020-02-17 13:25:52.030 [main] AbstractPropertyHolder - Attempting to locate auto-apply AttributeConverter for property [com.bookshelfBanshee.entity.User:password]
[DEBUG] 2020-02-17 13:25:52.030 [main] SimpleValueBinder - building SimpleValue for password
[DEBUG] 2020-02-17 13:25:52.030 [main] PropertyBinder - Building property password
[DEBUG] 2020-02-17 13:25:52.031 [main] Ejb3Column - Binding column: Ejb3Column{table=org.hibernate.mapping.Table(user), mappingColumn=username, insertable=true, updatable=true, unique=false}
[DEBUG] 2020-02-17 13:25:52.031 [main] PropertyBinder - MetadataSourceProcessor property username with lazy=false
[DEBUG] 2020-02-17 13:25:52.031 [main] AbstractPropertyHolder - Attempting to locate auto-apply AttributeConverter for property [com.bookshelfBanshee.entity.User:username]
[DEBUG] 2020-02-17 13:25:52.031 [main] SimpleValueBinder - building SimpleValue for username
[DEBUG] 2020-02-17 13:25:52.031 [main] PropertyBinder - Building property username
[DEBUG] 2020-02-17 13:25:52.032 [main] SimpleValueBinder - Starting fillSimpleValue for id
[DEBUG] 2020-02-17 13:25:52.033 [main] SimpleValueBinder - Starting fillSimpleValue for password
[DEBUG] 2020-02-17 13:25:52.033 [main] SimpleValueBinder - Starting fillSimpleValue for username
[DEBUG] 2020-02-17 13:25:52.033 [main] PrimaryKey - Forcing column [id] to be non-null as it is part of the primary key for table [user]
[DEBUG] 2020-02-17 13:25:52.060 [main] SessionFactoryImpl - Building session factory
[DEBUG] 2020-02-17 13:25:52.061 [main] Settings - SessionFactory name : null
[DEBUG] 2020-02-17 13:25:52.062 [main] Settings - Automatic flush during beforeCompletion(): enabled
[DEBUG] 2020-02-17 13:25:52.062 [main] Settings - Automatic session close at end of transaction: disabled
[DEBUG] 2020-02-17 13:25:52.062 [main] Settings - Statistics: disabled
[DEBUG] 2020-02-17 13:25:52.062 [main] Settings - Deleted entity synthetic identifier rollback: disabled
[DEBUG] 2020-02-17 13:25:52.062 [main] Settings - Default entity-mode: pojo
[DEBUG] 2020-02-17 13:25:52.062 [main] Settings - Check Nullability in Core (should be disabled when Bean Validation is on): enabled
[DEBUG] 2020-02-17 13:25:52.062 [main] Settings - Allow initialization of lazy state outside session : disabled
[DEBUG] 2020-02-17 13:25:52.063 [main] Settings - Using BatchFetchStyle : LEGACY
[DEBUG] 2020-02-17 13:25:52.063 [main] Settings - Default batch fetch size: -1
[DEBUG] 2020-02-17 13:25:52.063 [main] Settings - Maximum outer join fetch depth: 2
[DEBUG] 2020-02-17 13:25:52.063 [main] Settings - Default null ordering: NONE
[DEBUG] 2020-02-17 13:25:52.063 [main] Settings - Order SQL updates by primary key: disabled
[DEBUG] 2020-02-17 13:25:52.063 [main] Settings - Order SQL inserts for batching: disabled
[DEBUG] 2020-02-17 13:25:52.063 [main] Settings - multi-tenancy strategy : NONE
[DEBUG] 2020-02-17 13:25:52.064 [main] Settings - JTA Track by Thread: enabled
[DEBUG] 2020-02-17 13:25:52.064 [main] Settings - Query language substitutions: {}
[DEBUG] 2020-02-17 13:25:52.064 [main] Settings - Named query checking : enabled
[DEBUG] 2020-02-17 13:25:52.064 [main] Settings - Second-level cache: disabled
[DEBUG] 2020-02-17 13:25:52.064 [main] Settings - Second-level query cache: disabled
[DEBUG] 2020-02-17 13:25:52.064 [main] Settings - Second-level query cache factory: null
[DEBUG] 2020-02-17 13:25:52.064 [main] Settings - Second-level cache region prefix: null
[DEBUG] 2020-02-17 13:25:52.064 [main] Settings - Optimize second-level cache for minimal puts: disabled
[DEBUG] 2020-02-17 13:25:52.064 [main] Settings - Structured second-level cache entries: disabled
[DEBUG] 2020-02-17 13:25:52.064 [main] Settings - Second-level cache direct-reference entries: disabled
[DEBUG] 2020-02-17 13:25:52.064 [main] Settings - Automatic eviction of collection cache: disabled
[DEBUG] 2020-02-17 13:25:52.064 [main] Settings - JDBC batch size: 15
[DEBUG] 2020-02-17 13:25:52.064 [main] Settings - JDBC batch updates for versioned data: enabled
[DEBUG] 2020-02-17 13:25:52.064 [main] Settings - Scrollable result sets: enabled
[DEBUG] 2020-02-17 13:25:52.064 [main] Settings - Wrap result sets: disabled
[DEBUG] 2020-02-17 13:25:52.064 [main] Settings - JDBC3 getGeneratedKeys(): enabled
[DEBUG] 2020-02-17 13:25:52.064 [main] Settings - JDBC result set fetch size: null
[DEBUG] 2020-02-17 13:25:52.064 [main] Settings - Connection release mode: AFTER_TRANSACTION
[DEBUG] 2020-02-17 13:25:52.064 [main] Settings - Generate SQL with comments: disabled
[DEBUG] 2020-02-17 13:25:52.064 [main] Settings - JPA compliance - query : 
[DEBUG] 2020-02-17 13:25:52.064 [main] Settings - JPA compliance - closed-handling : 
[DEBUG] 2020-02-17 13:25:52.064 [main] Settings - JPA compliance - lists : 
[DEBUG] 2020-02-17 13:25:52.065 [main] Settings - JPA compliance - transactions : 
[INFO ] 2020-02-17 13:25:52.101 [main] beans - HHH10005002: No explicit CDI BeanManager reference was passed to Hibernate, but CDI is available on the Hibernate ClassLoader.
[DEBUG] 2020-02-17 13:25:52.113 [main] SessionFactoryImpl - Session factory constructed with filter configurations : {}
[DEBUG] 2020-02-17 13:25:52.113 [main] SessionFactoryImpl - Instantiating session factory with properties: {sun.desktop=gnome, awt.toolkit=sun.awt.X11.XToolkit, java.specification.version=11, sun.cpu.isalist=, hibernate.c3p0.idle_test_period=3000, sun.jnu.encoding=UTF-8, hibernate.c3p0.min_size=5, java.class.path=/home/student/IdeaProjects/bookshelfBanshee/target/test-classes:/home/student/IdeaProjects/bookshelfBanshee/target/classes:/home/student/.m2/repository/org/junit/platform/junit-platform-runner/1.0.0/junit-platform-runner-1.0.0.jar:/home/student/.m2/repository/org/apiguardian/apiguardian-api/1.0.0/apiguardian-api-1.0.0.jar:/home/student/.m2/repository/org/junit/platform/junit-platform-launcher/1.0.0/junit-platform-launcher-1.0.0.jar:/home/student/.m2/repository/org/junit/platform/junit-platform-suite-api/1.0.0/junit-platform-suite-api-1.0.0.jar:/home/student/.m2/repository/org/junit/platform/junit-platform-commons/1.0.0/junit-platform-commons-1.0.0.jar:/home/student/.m2/repository/org/junit/vintage/junit-vintage-engine/4.12.0/junit-vintage-engine-4.12.0.jar:/home/student/.m2/repository/org/junit/platform/junit-platform-engine/1.0.0/junit-platform-engine-1.0.0.jar:/home/student/.m2/repository/org/opentest4j/opentest4j/1.0.0/opentest4j-1.0.0.jar:/home/student/.m2/repository/org/junit/jupiter/junit-jupiter-engine/5.0.0/junit-jupiter-engine-5.0.0.jar:/home/student/.m2/repository/org/junit/jupiter/junit-jupiter-api/5.0.0/junit-jupiter-api-5.0.0.jar:/home/student/.m2/repository/junit/junit/4.12/junit-4.12.jar:/home/student/.m2/repository/org/hamcrest/hamcrest-core/1.3/hamcrest-core-1.3.jar:/home/student/.m2/repository/javax/javaee-web-api/7.0/javaee-web-api-7.0.jar:/home/student/.m2/repository/mysql/mysql-connector-java/8.0.16/mysql-connector-java-8.0.16.jar:/home/student/.m2/repository/com/google/protobuf/protobuf-java/3.6.1/protobuf-java-3.6.1.jar:/home/student/.m2/repository/jstl/jstl/1.2/jstl-1.2.jar:/home/student/.m2/repository/org/apache/logging/log4j/log4j-api/2.10.0/log4j-api-2.10.0.jar:/home/student/.m2/repository/org/apache/logging/log4j/log4j-core/2.10.0/log4j-core-2.10.0.jar:/home/student/.m2/repository/org/hibernate/hibernate-core/5.4.4.Final/hibernate-core-5.4.4.Final.jar:/home/student/.m2/repository/org/jboss/logging/jboss-logging/3.3.2.Final/jboss-logging-3.3.2.Final.jar:/home/student/.m2/repository/javax/persistence/javax.persistence-api/2.2/javax.persistence-api-2.2.jar:/home/student/.m2/repository/org/javassist/javassist/3.24.0-GA/javassist-3.24.0-GA.jar:/home/student/.m2/repository/net/bytebuddy/byte-buddy/1.9.11/byte-buddy-1.9.11.jar:/home/student/.m2/repository/antlr/antlr/2.7.7/antlr-2.7.7.jar:/home/student/.m2/repository/org/jboss/spec/javax/transaction/jboss-transaction-api_1.2_spec/1.1.1.Final/jboss-transaction-api_1.2_spec-1.1.1.Final.jar:/home/student/.m2/repository/org/jboss/jandex/2.0.5.Final/jandex-2.0.5.Final.jar:/home/student/.m2/repository/com/fasterxml/classmate/1.3.4/classmate-1.3.4.jar:/home/student/.m2/repository/javax/activation/javax.activation-api/1.2.0/javax.activation-api-1.2.0.jar:/home/student/.m2/repository/org/dom4j/dom4j/2.1.1/dom4j-2.1.1.jar:/home/student/.m2/repository/org/hibernate/common/hibernate-commons-annotations/5.1.0.Final/hibernate-commons-annotations-5.1.0.Final.jar:/home/student/.m2/repository/javax/xml/bind/jaxb-api/2.3.1/jaxb-api-2.3.1.jar:/home/student/.m2/repository/org/glassfish/jaxb/jaxb-runtime/2.3.1/jaxb-runtime-2.3.1.jar:/home/student/.m2/repository/org/glassfish/jaxb/txw2/2.3.1/txw2-2.3.1.jar:/home/student/.m2/repository/com/sun/istack/istack-commons-runtime/3.0.7/istack-commons-runtime-3.0.7.jar:/home/student/.m2/repository/org/jvnet/staxex/stax-ex/1.8/stax-ex-1.8.jar:/home/student/.m2/repository/com/sun/xml/fastinfoset/FastInfoset/1.2.15/FastInfoset-1.2.15.jar:/home/student/.m2/repository/org/hibernate/hibernate-c3p0/5.4.4.Final/hibernate-c3p0-5.4.4.Final.jar:/home/student/.m2/repository/com/mchange/c3p0/0.9.5.3/c3p0-0.9.5.3.jar:/home/student/.m2/repository/com/mchange/mchange-commons-java/0.2.15/mchange-commons-java-0.2.15.jar:, java.vm.vendor=Ubuntu, sun.arch.data.model=64, java.vendor.url=https://ubuntu.com/, user.timezone=America/Chicago, os.name=Linux, java.vm.specification.version=11, sun.java.launcher=SUN_STANDARD, user.country=US, sun.boot.library.path=/usr/lib/jvm/java-11-openjdk-amd64/lib, sun.java.command=/home/student/IdeaProjects/bookshelfBanshee/target/surefire/surefirebooter771297204503009610.jar /home/student/IdeaProjects/bookshelfBanshee/target/surefire/surefire7964691828018948875tmp /home/student/IdeaProjects/bookshelfBanshee/target/surefire/surefire_02832923478092344389tmp, jdk.debug=release, surefire.test.class.path=/home/student/IdeaProjects/bookshelfBanshee/target/test-classes:/home/student/IdeaProjects/bookshelfBanshee/target/classes:/home/student/.m2/repository/org/junit/platform/junit-platform-runner/1.0.0/junit-platform-runner-1.0.0.jar:/home/student/.m2/repository/org/apiguardian/apiguardian-api/1.0.0/apiguardian-api-1.0.0.jar:/home/student/.m2/repository/org/junit/platform/junit-platform-launcher/1.0.0/junit-platform-launcher-1.0.0.jar:/home/student/.m2/repository/org/junit/platform/junit-platform-suite-api/1.0.0/junit-platform-suite-api-1.0.0.jar:/home/student/.m2/repository/org/junit/platform/junit-platform-commons/1.0.0/junit-platform-commons-1.0.0.jar:/home/student/.m2/repository/org/junit/vintage/junit-vintage-engine/4.12.0/junit-vintage-engine-4.12.0.jar:/home/student/.m2/repository/org/junit/platform/junit-platform-engine/1.0.0/junit-platform-engine-1.0.0.jar:/home/student/.m2/repository/org/opentest4j/opentest4j/1.0.0/opentest4j-1.0.0.jar:/home/student/.m2/repository/org/junit/jupiter/junit-jupiter-engine/5.0.0/junit-jupiter-engine-5.0.0.jar:/home/student/.m2/repository/org/junit/jupiter/junit-jupiter-api/5.0.0/junit-jupiter-api-5.0.0.jar:/home/student/.m2/repository/junit/junit/4.12/junit-4.12.jar:/home/student/.m2/repository/org/hamcrest/hamcrest-core/1.3/hamcrest-core-1.3.jar:/home/student/.m2/repository/javax/javaee-web-api/7.0/javaee-web-api-7.0.jar:/home/student/.m2/repository/mysql/mysql-connector-java/8.0.16/mysql-connector-java-8.0.16.jar:/home/student/.m2/repository/com/google/protobuf/protobuf-java/3.6.1/protobuf-java-3.6.1.jar:/home/student/.m2/repository/jstl/jstl/1.2/jstl-1.2.jar:/home/student/.m2/repository/org/apache/logging/log4j/log4j-api/2.10.0/log4j-api-2.10.0.jar:/home/student/.m2/repository/org/apache/logging/log4j/log4j-core/2.10.0/log4j-core-2.10.0.jar:/home/student/.m2/repository/org/hibernate/hibernate-core/5.4.4.Final/hibernate-core-5.4.4.Final.jar:/home/student/.m2/repository/org/jboss/logging/jboss-logging/3.3.2.Final/jboss-logging-3.3.2.Final.jar:/home/student/.m2/repository/javax/persistence/javax.persistence-api/2.2/javax.persistence-api-2.2.jar:/home/student/.m2/repository/org/javassist/javassist/3.24.0-GA/javassist-3.24.0-GA.jar:/home/student/.m2/repository/net/bytebuddy/byte-buddy/1.9.11/byte-buddy-1.9.11.jar:/home/student/.m2/repository/antlr/antlr/2.7.7/antlr-2.7.7.jar:/home/student/.m2/repository/org/jboss/spec/javax/transaction/jboss-transaction-api_1.2_spec/1.1.1.Final/jboss-transaction-api_1.2_spec-1.1.1.Final.jar:/home/student/.m2/repository/org/jboss/jandex/2.0.5.Final/jandex-2.0.5.Final.jar:/home/student/.m2/repository/com/fasterxml/classmate/1.3.4/classmate-1.3.4.jar:/home/student/.m2/repository/javax/activation/javax.activation-api/1.2.0/javax.activation-api-1.2.0.jar:/home/student/.m2/repository/org/dom4j/dom4j/2.1.1/dom4j-2.1.1.jar:/home/student/.m2/repository/org/hibernate/common/hibernate-commons-annotations/5.1.0.Final/hibernate-commons-annotations-5.1.0.Final.jar:/home/student/.m2/repository/javax/xml/bind/jaxb-api/2.3.1/jaxb-api-2.3.1.jar:/home/student/.m2/repository/org/glassfish/jaxb/jaxb-runtime/2.3.1/jaxb-runtime-2.3.1.jar:/home/student/.m2/repository/org/glassfish/jaxb/txw2/2.3.1/txw2-2.3.1.jar:/home/student/.m2/repository/com/sun/istack/istack-commons-runtime/3.0.7/istack-commons-runtime-3.0.7.jar:/home/student/.m2/repository/org/jvnet/staxex/stax-ex/1.8/stax-ex-1.8.jar:/home/student/.m2/repository/com/sun/xml/fastinfoset/FastInfoset/1.2.15/FastInfoset-1.2.15.jar:/home/student/.m2/repository/org/hibernate/hibernate-c3p0/5.4.4.Final/hibernate-c3p0-5.4.4.Final.jar:/home/student/.m2/repository/com/mchange/c3p0/0.9.5.3/c3p0-0.9.5.3.jar:/home/student/.m2/repository/com/mchange/mchange-commons-java/0.2.15/mchange-commons-java-0.2.15.jar:, sun.cpu.endian=little, user.home=/home/student, hibernate.c3p0.max_statements=50, user.language=en, java.specification.vendor=Oracle Corporation, java.version.date=2020-01-14, java.home=/usr/lib/jvm/java-11-openjdk-amd64, file.separator=/, basedir=/home/student/IdeaProjects/bookshelfBanshee, java.vm.compressedOopsMode=32-bit, line.separator=
, hibernate.c3p0.timeout=300, java.specification.name=Java Platform API Specification, java.vm.specification.vendor=Oracle Corporation, java.awt.graphicsenv=sun.awt.X11GraphicsEnvironment, surefire.real.class.path=/home/student/IdeaProjects/bookshelfBanshee/target/surefire/surefirebooter771297204503009610.jar, connection.password=student, sun.management.compiler=HotSpot 64-Bit Tiered Compilers, hibernate.c3p0.max_size=20, java.runtime.version=11.0.6+10-post-Ubuntu-1ubuntu118.04.1, user.name=student, path.separator=:, hibernate.connection.username=****, os.version=5.3.0-28-generic, java.runtime.name=OpenJDK Runtime Environment, hibernate.connection.url=jdbc:mysql://localhost:3306/BookshelfBansheeTest, file.encoding=UTF-8, java.vm.name=OpenJDK 64-Bit Server VM, localRepository=/home/student/.m2/repository, hibernate.connection.driver_class=com.mysql.cj.jdbc.Driver, java.vendor.url.bug=https://bugs.launchpad.net/ubuntu/+source/openjdk-lts, java.io.tmpdir=/tmp, java.version=11.0.6, user.dir=/home/student/IdeaProjects/bookshelfBanshee, os.arch=amd64, connection.username=root, java.vm.specification.name=Java Virtual Machine Specification, java.awt.printerjob=sun.print.PSPrinterJob, hibernate.connection.password=****, sun.os.patch.level=unknown, connection.driver_class=com.mysql.cj.jdbc.Driver, hibernate.boot.CfgXmlAccessService.key=org.hibernate.boot.cfgxml.spi.LoadedConfig@45b32dfe, java.library.path=/usr/java/packages/lib:/usr/lib/x86_64-linux-gnu/jni:/lib/x86_64-linux-gnu:/usr/lib/x86_64-linux-gnu:/usr/lib/jni:/lib:/usr/lib, idea.version2019.1.4=true, java.vendor=Ubuntu, java.vm.info=mixed mode, sharing, java.vm.version=11.0.6+10-post-Ubuntu-1ubuntu118.04.1, hibernate.bytecode.use_reflection_optimizer=false, sun.io.unicode.encoding=UnicodeLittle, connection.url=jdbc:mysql://localhost:3306/BookshelfBansheeTest, java.class.version=55.0}
[DEBUG] 2020-02-17 13:25:52.134 [main] TypeSafeActivator - Unable to acquire Bean Validation ValidatorFactory, skipping activation
[DEBUG] 2020-02-17 13:25:52.134 [main] JaccIntegrator - Skipping JACC integration as it was not enabled
[DEBUG] 2020-02-17 13:25:52.135 [main] SessionFactoryImpl - Instantiated session factory
[DEBUG] 2020-02-17 13:25:52.135 [main] TypeConfiguration$Scope - Scoping TypeConfiguration [org.hibernate.type.spi.TypeConfiguration@2e17a321] to SessionFactoryImpl [org.hibernate.internal.SessionFactoryImpl@478b0739]
[DEBUG] 2020-02-17 13:25:52.180 [main] ClassLoaderAccessImpl - Not known whether passed class name [com.bookshelfBanshee.entity.User] is safe
[DEBUG] 2020-02-17 13:25:52.180 [main] ClassLoaderAccessImpl - No temp ClassLoader provided; using live ClassLoader for loading potentially unsafe class : com.bookshelfBanshee.entity.User
[DEBUG] 2020-02-17 13:25:52.192 [main] ClassLoaderAccessImpl - Not known whether passed class name [com.bookshelfBanshee.entity.User] is safe
[DEBUG] 2020-02-17 13:25:52.192 [main] ClassLoaderAccessImpl - No temp ClassLoader provided; using live ClassLoader for loading potentially unsafe class : com.bookshelfBanshee.entity.User
[DEBUG] 2020-02-17 13:25:52.378 [main] AbstractEntityPersister - Static SQL for entity: com.bookshelfBanshee.entity.User
[DEBUG] 2020-02-17 13:25:52.378 [main] AbstractEntityPersister -  Version select: select id from user where id =?
[DEBUG] 2020-02-17 13:25:52.378 [main] AbstractEntityPersister -  Snapshot select: select user_.id, user_.password as password2_0_, user_.username as username3_0_ from user user_ where user_.id=?
[DEBUG] 2020-02-17 13:25:52.378 [main] AbstractEntityPersister -  Insert 0: insert into user (password, username, id) values (?, ?, ?)
[DEBUG] 2020-02-17 13:25:52.378 [main] AbstractEntityPersister -  Update 0: update user set password=?, username=? where id=?
[DEBUG] 2020-02-17 13:25:52.378 [main] AbstractEntityPersister -  Delete 0: delete from user where id=?
[DEBUG] 2020-02-17 13:25:52.378 [main] AbstractEntityPersister -  Identity insert: insert into user (password, username) values (?, ?)
[DEBUG] 2020-02-17 13:25:52.397 [main] QuerySpacesImpl - Adding QuerySpace : uid = <gen:0> -> org.hibernate.loader.plan.build.internal.spaces.EntityQuerySpaceImpl@1eca3ea7]
[DEBUG] 2020-02-17 13:25:52.398 [main] MetamodelGraphWalker - Visiting attribute path : password
[DEBUG] 2020-02-17 13:25:52.398 [main] MetamodelGraphWalker - Visiting attribute path : username
[DEBUG] 2020-02-17 13:25:52.398 [main] FetchStyleLoadPlanBuildingAssociationVisitationStrategy - Building LoadPlan...
[DEBUG] 2020-02-17 13:25:52.405 [main] LoadQueryJoinAndFetchProcessor - processing queryspace <gen:0>
[DEBUG] 2020-02-17 13:25:52.408 [main] LoadPlanTreePrinter - LoadPlan(entity=com.bookshelfBanshee.entity.User)
    - Returns
       - EntityReturnImpl(entity=com.bookshelfBanshee.entity.User, querySpaceUid=<gen:0>, path=com.bookshelfBanshee.entity.User)
    - QuerySpaces
       - EntityQuerySpaceImpl(uid=<gen:0>, entity=com.bookshelfBanshee.entity.User)
          - SQL table alias mapping - user0_
          - alias suffix - 0_
          - suffixed key columns - {id1_0_0_}

[DEBUG] 2020-02-17 13:25:52.409 [main] EntityLoader - Static select for entity com.bookshelfBanshee.entity.User [NONE]: select user0_.id as id1_0_0_, user0_.password as password2_0_0_, user0_.username as username3_0_0_ from user user0_ where user0_.id=?
[DEBUG] 2020-02-17 13:25:52.409 [main] QuerySpacesImpl - Adding QuerySpace : uid = <gen:0> -> org.hibernate.loader.plan.build.internal.spaces.EntityQuerySpaceImpl@67b61834]
[DEBUG] 2020-02-17 13:25:52.409 [main] MetamodelGraphWalker - Visiting attribute path : password
[DEBUG] 2020-02-17 13:25:52.409 [main] MetamodelGraphWalker - Visiting attribute path : username
[DEBUG] 2020-02-17 13:25:52.410 [main] FetchStyleLoadPlanBuildingAssociationVisitationStrategy - Building LoadPlan...
[DEBUG] 2020-02-17 13:25:52.410 [main] LoadQueryJoinAndFetchProcessor - processing queryspace <gen:0>
[DEBUG] 2020-02-17 13:25:52.412 [main] LoadPlanTreePrinter - LoadPlan(entity=com.bookshelfBanshee.entity.User)
    - Returns
       - EntityReturnImpl(entity=com.bookshelfBanshee.entity.User, querySpaceUid=<gen:0>, path=com.bookshelfBanshee.entity.User)
    - QuerySpaces
       - EntityQuerySpaceImpl(uid=<gen:0>, entity=com.bookshelfBanshee.entity.User)
          - SQL table alias mapping - user0_
          - alias suffix - 0_
          - suffixed key columns - {id1_0_0_}

[DEBUG] 2020-02-17 13:25:52.412 [main] EntityLoader - Static select for entity com.bookshelfBanshee.entity.User [READ]: select user0_.id as id1_0_0_, user0_.password as password2_0_0_, user0_.username as username3_0_0_ from user user0_ where user0_.id=?
[DEBUG] 2020-02-17 13:25:52.442 [main] Loader - Static select for action ACTION_MERGE on entity com.bookshelfBanshee.entity.User: select user0_.id as id1_0_0_, user0_.password as password2_0_0_, user0_.username as username3_0_0_ from user user0_ where user0_.id=?
[DEBUG] 2020-02-17 13:25:52.443 [main] Loader - Static select for action ACTION_REFRESH on entity com.bookshelfBanshee.entity.User: select user0_.id as id1_0_0_, user0_.password as password2_0_0_, user0_.username as username3_0_0_ from user user0_ where user0_.id=?
[DEBUG] 2020-02-17 13:25:52.487 [main] SchemaManagementToolCoordinator - No actions specified; doing nothing
[DEBUG] 2020-02-17 13:25:52.487 [main] JtaPlatformInitiator - No JtaPlatform was specified, checking resolver
[DEBUG] 2020-02-17 13:25:52.488 [main] JtaPlatformResolverInitiator - No JtaPlatformResolver was specified, using default [org.hibernate.engine.transaction.jta.platform.internal.StandardJtaPlatformResolver]
[DEBUG] 2020-02-17 13:25:52.491 [main] StandardJtaPlatformResolver - Could not resolve JtaPlatform, using default [org.hibernate.engine.transaction.jta.platform.internal.NoJtaPlatform]
[INFO ] 2020-02-17 13:25:52.491 [main] JtaPlatformInitiator - HHH000490: Using JtaPlatform implementation: [org.hibernate.engine.transaction.jta.platform.internal.NoJtaPlatform]
[DEBUG] 2020-02-17 13:25:52.492 [main] NamedQueryRepository - Checking 0 named HQL queries
[DEBUG] 2020-02-17 13:25:52.493 [main] NamedQueryRepository - Checking 0 named SQL queries
[DEBUG] 2020-02-17 13:25:52.494 [main] SessionFactoryRegistry - Initializing SessionFactoryRegistry : org.hibernate.internal.SessionFactoryRegistry@7b6141f0
[DEBUG] 2020-02-17 13:25:52.495 [main] SessionFactoryRegistry - Registering SessionFactory: c5859a14-e740-415a-ba9e-36869d71ff5e (<unnamed>)
[DEBUG] 2020-02-17 13:25:52.496 [main] SessionFactoryRegistry - Not binding SessionFactory to JNDI, no JNDI name configured
[DEBUG] 2020-02-17 13:25:52.546 [main] StatisticsInitiator - Statistics initialized [enabled=false]
[DEBUG] 2020-02-17 13:25:52.560 [main] SQL - select user0_.id as id1_0_0_, user0_.password as password2_0_0_, user0_.username as username3_0_0_ from user user0_ where user0_.id=?
[DEBUG] 2020-02-17 13:25:52.583 [main] ResultSetProcessorImpl - Starting ResultSet row #0
[DEBUG] 2020-02-17 13:25:52.583 [main] EntityReferenceInitializerImpl - On call to EntityIdentifierReaderImpl#resolve, EntityKey was already known; should only happen on root returns with an optional identifier specified
[DEBUG] 2020-02-17 13:25:52.590 [main] TwoPhaseLoad - Resolving attributes for [com.bookshelfBanshee.entity.User#1]
[DEBUG] 2020-02-17 13:25:52.591 [main] TwoPhaseLoad - Processing attribute `password` : value = notPassword
[DEBUG] 2020-02-17 13:25:52.591 [main] TwoPhaseLoad - Attribute (`password`)  - enhanced for lazy-loading? - false
[DEBUG] 2020-02-17 13:25:52.591 [main] TwoPhaseLoad - Processing attribute `username` : value = notAdmin
[DEBUG] 2020-02-17 13:25:52.591 [main] TwoPhaseLoad - Attribute (`username`)  - enhanced for lazy-loading? - false
[DEBUG] 2020-02-17 13:25:52.591 [main] TwoPhaseLoad - Done materializing entity [com.bookshelfBanshee.entity.User#1]
[DEBUG] 2020-02-17 13:25:52.592 [main] ResourceRegistryStandardImpl - HHH000387: ResultSet's statement was not registered
[DEBUG] 2020-02-17 13:25:52.593 [main] AbstractLoadPlanBasedEntityLoader - Done entity load : com.bookshelfBanshee.entity.User#1
[DEBUG] 2020-02-17 13:25:52.593 [main] LogicalConnectionManagedImpl - Initiating JDBC connection release from afterTransaction
[DEBUG] 2020-02-17 13:25:52.601 [main] TransactionImpl - On TransactionImpl creation, JpaCompliance#isJpaTransactionComplianceEnabled == false
[DEBUG] 2020-02-17 13:25:52.601 [main] TransactionImpl - begin
[DEBUG] 2020-02-17 13:25:52.607 [main] TransactionImpl - committing
[DEBUG] 2020-02-17 13:25:52.608 [main] AbstractFlushingEventListener - Processing flush-time cascades
[DEBUG] 2020-02-17 13:25:52.608 [main] AbstractFlushingEventListener - Dirty checking collections
[DEBUG] 2020-02-17 13:25:52.609 [main] AbstractFlushingEventListener - Flushed: 0 insertions, 0 updates, 1 deletions to 1 objects
[DEBUG] 2020-02-17 13:25:52.609 [main] AbstractFlushingEventListener - Flushed: 0 (re)creations, 0 updates, 0 removals to 0 collections
[DEBUG] 2020-02-17 13:25:52.609 [main] EntityPrinter - Listing entities:
[DEBUG] 2020-02-17 13:25:52.609 [main] EntityPrinter - com.bookshelfBanshee.entity.User{password=notPassword, id=1, username=notAdmin}
[DEBUG] 2020-02-17 13:25:52.613 [main] SQL - delete from user where id=?
[DEBUG] 2020-02-17 13:25:52.629 [main] LogicalConnectionManagedImpl - Initiating JDBC connection release from afterTransaction
[DEBUG] 2020-02-17 13:25:52.633 [main] LogicalConnectionManagedImpl - Initiating JDBC connection release from afterTransaction
[DEBUG] 2020-02-17 13:25:52.633 [main] JdbcCoordinatorImpl - HHH000420: Closing un-released batch
[DEBUG] 2020-02-17 13:25:52.666 [main] CriteriaQueryImpl - Rendered criteria query -> select generatedAlias0 from User as generatedAlias0
[DEBUG] 2020-02-17 13:25:52.679 [main] QueryTranslatorFactoryInitiator - QueryTranslatorFactory: org.hibernate.hql.internal.ast.ASTQueryTranslatorFactory@166b11e
[DEBUG] 2020-02-17 13:25:52.729 [main] QueryTranslatorImpl - parse() - HQL: select generatedAlias0 from com.bookshelfBanshee.entity.User as generatedAlias0
[DEBUG] 2020-02-17 13:25:52.735 [main] ErrorTracker - throwQueryException() : no errors
[DEBUG] 2020-02-17 13:25:52.745 [main] QueryTranslatorImpl - --- HQL AST ---
 \-[QUERY] Node: 'query'
    \-[SELECT_FROM] Node: 'SELECT_FROM'
       +-[FROM] Node: 'from'
       |  \-[RANGE] Node: 'RANGE'
       |     +-[DOT] Node: '.'
       |     |  +-[DOT] Node: '.'
       |     |  |  +-[DOT] Node: '.'
       |     |  |  |  +-[IDENT] Node: 'com'
       |     |  |  |  \-[IDENT] Node: 'bookshelfBanshee'
       |     |  |  \-[IDENT] Node: 'entity'
       |     |  \-[IDENT] Node: 'User'
       |     \-[ALIAS] Node: 'generatedAlias0'
       \-[SELECT] Node: 'select'
          \-[IDENT] Node: 'generatedAlias0'

[DEBUG] 2020-02-17 13:25:52.764 [main] HqlSqlBaseWalker - select << begin [level=1, statement=select]
[DEBUG] 2020-02-17 13:25:52.773 [main] FromElement - FromClause{level=1} : com.bookshelfBanshee.entity.User (generatedAlias0) -> user0_
[DEBUG] 2020-02-17 13:25:52.774 [main] FromReferenceNode - Resolved : generatedAlias0 -> user0_.id
[DEBUG] 2020-02-17 13:25:52.775 [main] HqlSqlBaseWalker - select : finishing up [level=1, statement=select]
[DEBUG] 2020-02-17 13:25:52.775 [main] HqlSqlWalker - processQuery() :  ( SELECT ( {select clause} user0_.id ) ( FromClause{level=1} user user0_ ) )
[DEBUG] 2020-02-17 13:25:52.781 [main] JoinProcessor - Using FROM fragment [user user0_]
[DEBUG] 2020-02-17 13:25:52.781 [main] HqlSqlBaseWalker - select >> end [level=1, statement=select]
[DEBUG] 2020-02-17 13:25:52.782 [main] QueryTranslatorImpl - --- SQL AST ---
 \-[SELECT] QueryNode: 'SELECT'  querySpaces (user)
    +-[SELECT_CLAUSE] SelectClause: '{select clause}'
    |  +-[ALIAS_REF] IdentNode: 'user0_.id as id1_0_' {alias=generatedAlias0, className=com.bookshelfBanshee.entity.User, tableAlias=user0_}
    |  \-[SQL_TOKEN] SqlFragment: 'user0_.password as password2_0_, user0_.username as username3_0_'
    \-[FROM] FromClause: 'from' FromClause{level=1, fromElementCounter=1, fromElements=1, fromElementByClassAlias=[generatedAlias0], fromElementByTableAlias=[user0_], fromElementsByPath=[], collectionJoinFromElementsByPath=[], impliedElements=[]}
       \-[FROM_FRAGMENT] FromElement: 'user user0_' FromElement{explicit,not a collection join,not a fetch join,fetch non-lazy properties,classAlias=generatedAlias0,role=null,tableName=user,tableAlias=user0_,origin=null,columns={,className=com.bookshelfBanshee.entity.User}}

[DEBUG] 2020-02-17 13:25:52.782 [main] ErrorTracker - throwQueryException() : no errors
[DEBUG] 2020-02-17 13:25:52.786 [main] QueryTranslatorImpl - HQL: select generatedAlias0 from com.bookshelfBanshee.entity.User as generatedAlias0
[DEBUG] 2020-02-17 13:25:52.786 [main] QueryTranslatorImpl - SQL: select user0_.id as id1_0_, user0_.password as password2_0_, user0_.username as username3_0_ from user user0_
[DEBUG] 2020-02-17 13:25:52.786 [main] ErrorTracker - throwQueryException() : no errors
[DEBUG] 2020-02-17 13:25:52.793 [main] SQL - select user0_.id as id1_0_, user0_.password as password2_0_, user0_.username as username3_0_ from user user0_
[DEBUG] 2020-02-17 13:25:52.807 [main] Loader - Result set row: 0
[DEBUG] 2020-02-17 13:25:52.808 [main] Loader - Result row: EntityKey[com.bookshelfBanshee.entity.User#2]
[DEBUG] 2020-02-17 13:25:52.808 [main] Loader - Result set row: 1
[DEBUG] 2020-02-17 13:25:52.808 [main] Loader - Result row: EntityKey[com.bookshelfBanshee.entity.User#3]
[DEBUG] 2020-02-17 13:25:52.808 [main] Loader - Result set row: 2
[DEBUG] 2020-02-17 13:25:52.808 [main] Loader - Result row: EntityKey[com.bookshelfBanshee.entity.User#4]
[DEBUG] 2020-02-17 13:25:52.809 [main] Loader - Result set row: 3
[DEBUG] 2020-02-17 13:25:52.809 [main] Loader - Result row: EntityKey[com.bookshelfBanshee.entity.User#5]
[DEBUG] 2020-02-17 13:25:52.809 [main] TwoPhaseLoad - Resolving attributes for [com.bookshelfBanshee.entity.User#2]
[DEBUG] 2020-02-17 13:25:52.809 [main] TwoPhaseLoad - Processing attribute `password` : value = password
[DEBUG] 2020-02-17 13:25:52.809 [main] TwoPhaseLoad - Attribute (`password`)  - enhanced for lazy-loading? - false
[DEBUG] 2020-02-17 13:25:52.809 [main] TwoPhaseLoad - Processing attribute `username` : value = admin
[DEBUG] 2020-02-17 13:25:52.809 [main] TwoPhaseLoad - Attribute (`username`)  - enhanced for lazy-loading? - false
[DEBUG] 2020-02-17 13:25:52.809 [main] TwoPhaseLoad - Done materializing entity [com.bookshelfBanshee.entity.User#2]
[DEBUG] 2020-02-17 13:25:52.809 [main] TwoPhaseLoad - Resolving attributes for [com.bookshelfBanshee.entity.User#3]
[DEBUG] 2020-02-17 13:25:52.809 [main] TwoPhaseLoad - Processing attribute `password` : value = secure
[DEBUG] 2020-02-17 13:25:52.809 [main] TwoPhaseLoad - Attribute (`password`)  - enhanced for lazy-loading? - false
[DEBUG] 2020-02-17 13:25:52.809 [main] TwoPhaseLoad - Processing attribute `username` : value = user
[DEBUG] 2020-02-17 13:25:52.809 [main] TwoPhaseLoad - Attribute (`username`)  - enhanced for lazy-loading? - false
[DEBUG] 2020-02-17 13:25:52.809 [main] TwoPhaseLoad - Done materializing entity [com.bookshelfBanshee.entity.User#3]
[DEBUG] 2020-02-17 13:25:52.809 [main] TwoPhaseLoad - Resolving attributes for [com.bookshelfBanshee.entity.User#4]
[DEBUG] 2020-02-17 13:25:52.809 [main] TwoPhaseLoad - Processing attribute `password` : value = password2
[DEBUG] 2020-02-17 13:25:52.809 [main] TwoPhaseLoad - Attribute (`password`)  - enhanced for lazy-loading? - false
[DEBUG] 2020-02-17 13:25:52.809 [main] TwoPhaseLoad - Processing attribute `username` : value = user2
[DEBUG] 2020-02-17 13:25:52.809 [main] TwoPhaseLoad - Attribute (`username`)  - enhanced for lazy-loading? - false
[DEBUG] 2020-02-17 13:25:52.809 [main] TwoPhaseLoad - Done materializing entity [com.bookshelfBanshee.entity.User#4]
[DEBUG] 2020-02-17 13:25:52.810 [main] TwoPhaseLoad - Resolving attributes for [com.bookshelfBanshee.entity.User#5]
[DEBUG] 2020-02-17 13:25:52.810 [main] TwoPhaseLoad - Processing attribute `password` : value = me
[DEBUG] 2020-02-17 13:25:52.810 [main] TwoPhaseLoad - Attribute (`password`)  - enhanced for lazy-loading? - false
[DEBUG] 2020-02-17 13:25:52.810 [main] TwoPhaseLoad - Processing attribute `username` : value = encrypt
[DEBUG] 2020-02-17 13:25:52.810 [main] TwoPhaseLoad - Attribute (`username`)  - enhanced for lazy-loading? - false
[DEBUG] 2020-02-17 13:25:52.810 [main] TwoPhaseLoad - Done materializing entity [com.bookshelfBanshee.entity.User#5]
[DEBUG] 2020-02-17 13:25:52.811 [main] LogicalConnectionManagedImpl - Initiating JDBC connection release from afterTransaction
[DEBUG] 2020-02-17 13:25:52.870 [main] CriteriaQueryImpl - Rendered criteria query -> select generatedAlias0 from User as generatedAlias0
[DEBUG] 2020-02-17 13:25:52.871 [main] SQL - select user0_.id as id1_0_, user0_.password as password2_0_, user0_.username as username3_0_ from user user0_
[DEBUG] 2020-02-17 13:25:52.875 [main] Loader - Result set row: 0
[DEBUG] 2020-02-17 13:25:52.876 [main] Loader - Result row: EntityKey[com.bookshelfBanshee.entity.User#1]
[DEBUG] 2020-02-17 13:25:52.876 [main] Loader - Result set row: 1
[DEBUG] 2020-02-17 13:25:52.876 [main] Loader - Result row: EntityKey[com.bookshelfBanshee.entity.User#2]
[DEBUG] 2020-02-17 13:25:52.876 [main] Loader - Result set row: 2
[DEBUG] 2020-02-17 13:25:52.877 [main] Loader - Result row: EntityKey[com.bookshelfBanshee.entity.User#3]
[DEBUG] 2020-02-17 13:25:52.877 [main] Loader - Result set row: 3
[DEBUG] 2020-02-17 13:25:52.877 [main] Loader - Result row: EntityKey[com.bookshelfBanshee.entity.User#4]
[DEBUG] 2020-02-17 13:25:52.877 [main] Loader - Result set row: 4
[DEBUG] 2020-02-17 13:25:52.877 [main] Loader - Result row: EntityKey[com.bookshelfBanshee.entity.User#5]
[DEBUG] 2020-02-17 13:25:52.877 [main] TwoPhaseLoad - Resolving attributes for [com.bookshelfBanshee.entity.User#1]
[DEBUG] 2020-02-17 13:25:52.877 [main] TwoPhaseLoad - Processing attribute `password` : value = notPassword
[DEBUG] 2020-02-17 13:25:52.877 [main] TwoPhaseLoad - Attribute (`password`)  - enhanced for lazy-loading? - false
[DEBUG] 2020-02-17 13:25:52.877 [main] TwoPhaseLoad - Processing attribute `username` : value = notAdmin
[DEBUG] 2020-02-17 13:25:52.877 [main] TwoPhaseLoad - Attribute (`username`)  - enhanced for lazy-loading? - false
[DEBUG] 2020-02-17 13:25:52.877 [main] TwoPhaseLoad - Done materializing entity [com.bookshelfBanshee.entity.User#1]
[DEBUG] 2020-02-17 13:25:52.878 [main] TwoPhaseLoad - Resolving attributes for [com.bookshelfBanshee.entity.User#2]
[DEBUG] 2020-02-17 13:25:52.879 [main] TwoPhaseLoad - Processing attribute `password` : value = password
[DEBUG] 2020-02-17 13:25:52.879 [main] TwoPhaseLoad - Attribute (`password`)  - enhanced for lazy-loading? - false
[DEBUG] 2020-02-17 13:25:52.879 [main] TwoPhaseLoad - Processing attribute `username` : value = admin
[DEBUG] 2020-02-17 13:25:52.879 [main] TwoPhaseLoad - Attribute (`username`)  - enhanced for lazy-loading? - false
[DEBUG] 2020-02-17 13:25:52.879 [main] TwoPhaseLoad - Done materializing entity [com.bookshelfBanshee.entity.User#2]
[DEBUG] 2020-02-17 13:25:52.879 [main] TwoPhaseLoad - Resolving attributes for [com.bookshelfBanshee.entity.User#3]
[DEBUG] 2020-02-17 13:25:52.879 [main] TwoPhaseLoad - Processing attribute `password` : value = secure
[DEBUG] 2020-02-17 13:25:52.879 [main] TwoPhaseLoad - Attribute (`password`)  - enhanced for lazy-loading? - false
[DEBUG] 2020-02-17 13:25:52.879 [main] TwoPhaseLoad - Processing attribute `username` : value = user
[DEBUG] 2020-02-17 13:25:52.879 [main] TwoPhaseLoad - Attribute (`username`)  - enhanced for lazy-loading? - false
[DEBUG] 2020-02-17 13:25:52.879 [main] TwoPhaseLoad - Done materializing entity [com.bookshelfBanshee.entity.User#3]
[DEBUG] 2020-02-17 13:25:52.879 [main] TwoPhaseLoad - Resolving attributes for [com.bookshelfBanshee.entity.User#4]
[DEBUG] 2020-02-17 13:25:52.879 [main] TwoPhaseLoad - Processing attribute `password` : value = password2
[DEBUG] 2020-02-17 13:25:52.879 [main] TwoPhaseLoad - Attribute (`password`)  - enhanced for lazy-loading? - false
[DEBUG] 2020-02-17 13:25:52.879 [main] TwoPhaseLoad - Processing attribute `username` : value = user2
[DEBUG] 2020-02-17 13:25:52.879 [main] TwoPhaseLoad - Attribute (`username`)  - enhanced for lazy-loading? - false
[DEBUG] 2020-02-17 13:25:52.879 [main] TwoPhaseLoad - Done materializing entity [com.bookshelfBanshee.entity.User#4]
[DEBUG] 2020-02-17 13:25:52.879 [main] TwoPhaseLoad - Resolving attributes for [com.bookshelfBanshee.entity.User#5]
[DEBUG] 2020-02-17 13:25:52.879 [main] TwoPhaseLoad - Processing attribute `password` : value = me
[DEBUG] 2020-02-17 13:25:52.879 [main] TwoPhaseLoad - Attribute (`password`)  - enhanced for lazy-loading? - false
[DEBUG] 2020-02-17 13:25:52.879 [main] TwoPhaseLoad - Processing attribute `username` : value = encrypt
[DEBUG] 2020-02-17 13:25:52.879 [main] TwoPhaseLoad - Attribute (`username`)  - enhanced for lazy-loading? - false
[DEBUG] 2020-02-17 13:25:52.881 [main] TwoPhaseLoad - Done materializing entity [com.bookshelfBanshee.entity.User#5]
[DEBUG] 2020-02-17 13:25:52.881 [main] LogicalConnectionManagedImpl - Initiating JDBC connection release from afterTransaction
[DEBUG] 2020-02-17 13:25:52.927 [main] TransactionImpl - On TransactionImpl creation, JpaCompliance#isJpaTransactionComplianceEnabled == false
[DEBUG] 2020-02-17 13:25:52.928 [main] TransactionImpl - begin
[DEBUG] 2020-02-17 13:25:52.931 [main] ActionQueue - Executing identity-insert immediately
[DEBUG] 2020-02-17 13:25:52.931 [main] SQL - insert into user (password, username) values (?, ?)
[DEBUG] 2020-02-17 13:25:52.938 [main] IdentifierGeneratorHelper - Natively generated identity: 25
[DEBUG] 2020-02-17 13:25:52.938 [main] ResourceRegistryStandardImpl - HHH000387: ResultSet's statement was not registered
[DEBUG] 2020-02-17 13:25:52.939 [main] TransactionImpl - committing
[DEBUG] 2020-02-17 13:25:52.940 [main] AbstractFlushingEventListener - Processing flush-time cascades
[DEBUG] 2020-02-17 13:25:52.940 [main] AbstractFlushingEventListener - Dirty checking collections
[DEBUG] 2020-02-17 13:25:52.941 [main] AbstractFlushingEventListener - Flushed: 0 insertions, 0 updates, 0 deletions to 1 objects
[DEBUG] 2020-02-17 13:25:52.941 [main] AbstractFlushingEventListener - Flushed: 0 (re)creations, 0 updates, 0 removals to 0 collections
[DEBUG] 2020-02-17 13:25:52.941 [main] EntityPrinter - Listing entities:
[DEBUG] 2020-02-17 13:25:52.941 [main] EntityPrinter - com.bookshelfBanshee.entity.User{password=newPassword, id=25, username=newUser}
[DEBUG] 2020-02-17 13:25:52.944 [main] LogicalConnectionManagedImpl - Initiating JDBC connection release from afterTransaction
[DEBUG] 2020-02-17 13:25:52.952 [main] LogicalConnectionManagedImpl - Initiating JDBC connection release from afterTransaction
[DEBUG] 2020-02-17 13:25:52.952 [main] CriteriaQueryImpl - Rendered criteria query -> select generatedAlias0 from User as generatedAlias0
[DEBUG] 2020-02-17 13:25:52.952 [main] SQL - select user0_.id as id1_0_, user0_.password as password2_0_, user0_.username as username3_0_ from user user0_
[DEBUG] 2020-02-17 13:25:52.954 [main] Loader - Result set row: 0
[DEBUG] 2020-02-17 13:25:52.954 [main] Loader - Result row: EntityKey[com.bookshelfBanshee.entity.User#1]
[DEBUG] 2020-02-17 13:25:52.954 [main] Loader - Result set row: 1
[DEBUG] 2020-02-17 13:25:52.954 [main] Loader - Result row: EntityKey[com.bookshelfBanshee.entity.User#2]
[DEBUG] 2020-02-17 13:25:52.955 [main] Loader - Result set row: 2
[DEBUG] 2020-02-17 13:25:52.955 [main] Loader - Result row: EntityKey[com.bookshelfBanshee.entity.User#3]
[DEBUG] 2020-02-17 13:25:52.955 [main] Loader - Result set row: 3
[DEBUG] 2020-02-17 13:25:52.955 [main] Loader - Result row: EntityKey[com.bookshelfBanshee.entity.User#4]
[DEBUG] 2020-02-17 13:25:52.955 [main] Loader - Result set row: 4
[DEBUG] 2020-02-17 13:25:52.956 [main] Loader - Result row: EntityKey[com.bookshelfBanshee.entity.User#5]
[DEBUG] 2020-02-17 13:25:52.956 [main] Loader - Result set row: 5
[DEBUG] 2020-02-17 13:25:52.956 [main] Loader - Result row: EntityKey[com.bookshelfBanshee.entity.User#25]
[DEBUG] 2020-02-17 13:25:52.956 [main] TwoPhaseLoad - Resolving attributes for [com.bookshelfBanshee.entity.User#1]
[DEBUG] 2020-02-17 13:25:52.957 [main] TwoPhaseLoad - Processing attribute `password` : value = notPassword
[DEBUG] 2020-02-17 13:25:52.957 [main] TwoPhaseLoad - Attribute (`password`)  - enhanced for lazy-loading? - false
[DEBUG] 2020-02-17 13:25:52.957 [main] TwoPhaseLoad - Processing attribute `username` : value = notAdmin
[DEBUG] 2020-02-17 13:25:52.957 [main] TwoPhaseLoad - Attribute (`username`)  - enhanced for lazy-loading? - false
[DEBUG] 2020-02-17 13:25:52.957 [main] TwoPhaseLoad - Done materializing entity [com.bookshelfBanshee.entity.User#1]
[DEBUG] 2020-02-17 13:25:52.957 [main] TwoPhaseLoad - Resolving attributes for [com.bookshelfBanshee.entity.User#2]
[DEBUG] 2020-02-17 13:25:52.957 [main] TwoPhaseLoad - Processing attribute `password` : value = password
[DEBUG] 2020-02-17 13:25:52.957 [main] TwoPhaseLoad - Attribute (`password`)  - enhanced for lazy-loading? - false
[DEBUG] 2020-02-17 13:25:52.957 [main] TwoPhaseLoad - Processing attribute `username` : value = admin
[DEBUG] 2020-02-17 13:25:52.957 [main] TwoPhaseLoad - Attribute (`username`)  - enhanced for lazy-loading? - false
[DEBUG] 2020-02-17 13:25:52.957 [main] TwoPhaseLoad - Done materializing entity [com.bookshelfBanshee.entity.User#2]
[DEBUG] 2020-02-17 13:25:52.957 [main] TwoPhaseLoad - Resolving attributes for [com.bookshelfBanshee.entity.User#3]
[DEBUG] 2020-02-17 13:25:52.957 [main] TwoPhaseLoad - Processing attribute `password` : value = secure
[DEBUG] 2020-02-17 13:25:52.957 [main] TwoPhaseLoad - Attribute (`password`)  - enhanced for lazy-loading? - false
[DEBUG] 2020-02-17 13:25:52.957 [main] TwoPhaseLoad - Processing attribute `username` : value = user
[DEBUG] 2020-02-17 13:25:52.957 [main] TwoPhaseLoad - Attribute (`username`)  - enhanced for lazy-loading? - false
[DEBUG] 2020-02-17 13:25:52.957 [main] TwoPhaseLoad - Done materializing entity [com.bookshelfBanshee.entity.User#3]
[DEBUG] 2020-02-17 13:25:52.957 [main] TwoPhaseLoad - Resolving attributes for [com.bookshelfBanshee.entity.User#4]
[DEBUG] 2020-02-17 13:25:52.957 [main] TwoPhaseLoad - Processing attribute `password` : value = password2
[DEBUG] 2020-02-17 13:25:52.957 [main] TwoPhaseLoad - Attribute (`password`)  - enhanced for lazy-loading? - false
[DEBUG] 2020-02-17 13:25:52.957 [main] TwoPhaseLoad - Processing attribute `username` : value = user2
[DEBUG] 2020-02-17 13:25:52.957 [main] TwoPhaseLoad - Attribute (`username`)  - enhanced for lazy-loading? - false
[DEBUG] 2020-02-17 13:25:52.957 [main] TwoPhaseLoad - Done materializing entity [com.bookshelfBanshee.entity.User#4]
[DEBUG] 2020-02-17 13:25:52.957 [main] TwoPhaseLoad - Resolving attributes for [com.bookshelfBanshee.entity.User#5]
[DEBUG] 2020-02-17 13:25:52.957 [main] TwoPhaseLoad - Processing attribute `password` : value = me
[DEBUG] 2020-02-17 13:25:52.957 [main] TwoPhaseLoad - Attribute (`password`)  - enhanced for lazy-loading? - false
[DEBUG] 2020-02-17 13:25:52.958 [main] TwoPhaseLoad - Processing attribute `username` : value = encrypt
[DEBUG] 2020-02-17 13:25:52.959 [main] TwoPhaseLoad - Attribute (`username`)  - enhanced for lazy-loading? - false
[DEBUG] 2020-02-17 13:25:52.959 [main] TwoPhaseLoad - Done materializing entity [com.bookshelfBanshee.entity.User#5]
[DEBUG] 2020-02-17 13:25:52.959 [main] TwoPhaseLoad - Resolving attributes for [com.bookshelfBanshee.entity.User#25]
[DEBUG] 2020-02-17 13:25:52.959 [main] TwoPhaseLoad - Processing attribute `password` : value = newPassword
[DEBUG] 2020-02-17 13:25:52.959 [main] TwoPhaseLoad - Attribute (`password`)  - enhanced for lazy-loading? - false
[DEBUG] 2020-02-17 13:25:52.959 [main] TwoPhaseLoad - Processing attribute `username` : value = newUser
[DEBUG] 2020-02-17 13:25:52.959 [main] TwoPhaseLoad - Attribute (`username`)  - enhanced for lazy-loading? - false
[DEBUG] 2020-02-17 13:25:52.959 [main] TwoPhaseLoad - Done materializing entity [com.bookshelfBanshee.entity.User#25]
[DEBUG] 2020-02-17 13:25:52.959 [main] LogicalConnectionManagedImpl - Initiating JDBC connection release from afterTransaction
[DEBUG] 2020-02-17 13:25:52.999 [main] SQL - select user0_.id as id1_0_0_, user0_.password as password2_0_0_, user0_.username as username3_0_0_ from user user0_ where user0_.id=?
[DEBUG] 2020-02-17 13:25:53.003 [main] ResultSetProcessorImpl - Starting ResultSet row #0
[DEBUG] 2020-02-17 13:25:53.004 [main] EntityReferenceInitializerImpl - On call to EntityIdentifierReaderImpl#resolve, EntityKey was already known; should only happen on root returns with an optional identifier specified
[DEBUG] 2020-02-17 13:25:53.004 [main] TwoPhaseLoad - Resolving attributes for [com.bookshelfBanshee.entity.User#1]
[DEBUG] 2020-02-17 13:25:53.004 [main] TwoPhaseLoad - Processing attribute `password` : value = notPassword
[DEBUG] 2020-02-17 13:25:53.004 [main] TwoPhaseLoad - Attribute (`password`)  - enhanced for lazy-loading? - false
[DEBUG] 2020-02-17 13:25:53.004 [main] TwoPhaseLoad - Processing attribute `username` : value = notAdmin
[DEBUG] 2020-02-17 13:25:53.004 [main] TwoPhaseLoad - Attribute (`username`)  - enhanced for lazy-loading? - false
[DEBUG] 2020-02-17 13:25:53.004 [main] TwoPhaseLoad - Done materializing entity [com.bookshelfBanshee.entity.User#1]
[DEBUG] 2020-02-17 13:25:53.004 [main] ResourceRegistryStandardImpl - HHH000387: ResultSet's statement was not registered
[DEBUG] 2020-02-17 13:25:53.004 [main] AbstractLoadPlanBasedEntityLoader - Done entity load : com.bookshelfBanshee.entity.User#1
[DEBUG] 2020-02-17 13:25:53.004 [main] LogicalConnectionManagedImpl - Initiating JDBC connection release from afterTransaction
[DEBUG] 2020-02-17 13:25:53.061 [main] SQL - select user0_.id as id1_0_0_, user0_.password as password2_0_0_, user0_.username as username3_0_0_ from user user0_ where user0_.id=?
[DEBUG] 2020-02-17 13:25:53.063 [main] ResultSetProcessorImpl - Starting ResultSet row #0
[DEBUG] 2020-02-17 13:25:53.063 [main] EntityReferenceInitializerImpl - On call to EntityIdentifierReaderImpl#resolve, EntityKey was already known; should only happen on root returns with an optional identifier specified
[DEBUG] 2020-02-17 13:25:53.064 [main] TwoPhaseLoad - Resolving attributes for [com.bookshelfBanshee.entity.User#1]
[DEBUG] 2020-02-17 13:25:53.064 [main] TwoPhaseLoad - Processing attribute `password` : value = notPassword
[DEBUG] 2020-02-17 13:25:53.064 [main] TwoPhaseLoad - Attribute (`password`)  - enhanced for lazy-loading? - false
[DEBUG] 2020-02-17 13:25:53.065 [main] TwoPhaseLoad - Processing attribute `username` : value = notAdmin
[DEBUG] 2020-02-17 13:25:53.065 [main] TwoPhaseLoad - Attribute (`username`)  - enhanced for lazy-loading? - false
[DEBUG] 2020-02-17 13:25:53.065 [main] TwoPhaseLoad - Done materializing entity [com.bookshelfBanshee.entity.User#1]
[DEBUG] 2020-02-17 13:25:53.065 [main] ResourceRegistryStandardImpl - HHH000387: ResultSet's statement was not registered
[DEBUG] 2020-02-17 13:25:53.065 [main] AbstractLoadPlanBasedEntityLoader - Done entity load : com.bookshelfBanshee.entity.User#1
[DEBUG] 2020-02-17 13:25:53.065 [main] LogicalConnectionManagedImpl - Initiating JDBC connection release from afterTransaction
[DEBUG] 2020-02-17 13:25:53.067 [main] TransactionImpl - On TransactionImpl creation, JpaCompliance#isJpaTransactionComplianceEnabled == false
[DEBUG] 2020-02-17 13:25:53.067 [main] TransactionImpl - begin
[DEBUG] 2020-02-17 13:25:53.068 [main] TransactionImpl - committing
[DEBUG] 2020-02-17 13:25:53.069 [main] AbstractFlushingEventListener - Processing flush-time cascades
[DEBUG] 2020-02-17 13:25:53.069 [main] AbstractFlushingEventListener - Dirty checking collections
[DEBUG] 2020-02-17 13:25:53.069 [main] AbstractFlushingEventListener - Flushed: 0 insertions, 1 updates, 0 deletions to 1 objects
[DEBUG] 2020-02-17 13:25:53.069 [main] AbstractFlushingEventListener - Flushed: 0 (re)creations, 0 updates, 0 removals to 0 collections
[DEBUG] 2020-02-17 13:25:53.069 [main] EntityPrinter - Listing entities:
[DEBUG] 2020-02-17 13:25:53.069 [main] EntityPrinter - com.bookshelfBanshee.entity.User{password=notPassword, id=1, username=resetUsername}
[DEBUG] 2020-02-17 13:25:53.070 [main] SQL - update user set password=?, username=? where id=?
[DEBUG] 2020-02-17 13:25:53.078 [main] LogicalConnectionManagedImpl - Initiating JDBC connection release from afterTransaction
[DEBUG] 2020-02-17 13:25:53.085 [main] LogicalConnectionManagedImpl - Initiating JDBC connection release from afterTransaction
[DEBUG] 2020-02-17 13:25:53.089 [main] SQL - select user0_.id as id1_0_0_, user0_.password as password2_0_0_, user0_.username as username3_0_0_ from user user0_ where user0_.id=?
[DEBUG] 2020-02-17 13:25:53.091 [main] ResultSetProcessorImpl - Starting ResultSet row #0
[DEBUG] 2020-02-17 13:25:53.092 [main] EntityReferenceInitializerImpl - On call to EntityIdentifierReaderImpl#resolve, EntityKey was already known; should only happen on root returns with an optional identifier specified
[DEBUG] 2020-02-17 13:25:53.092 [main] TwoPhaseLoad - Resolving attributes for [com.bookshelfBanshee.entity.User#1]
[DEBUG] 2020-02-17 13:25:53.092 [main] TwoPhaseLoad - Processing attribute `password` : value = notPassword
[DEBUG] 2020-02-17 13:25:53.092 [main] TwoPhaseLoad - Attribute (`password`)  - enhanced for lazy-loading? - false
[DEBUG] 2020-02-17 13:25:53.092 [main] TwoPhaseLoad - Processing attribute `username` : value = resetUsername
[DEBUG] 2020-02-17 13:25:53.092 [main] TwoPhaseLoad - Attribute (`username`)  - enhanced for lazy-loading? - false
[DEBUG] 2020-02-17 13:25:53.092 [main] TwoPhaseLoad - Done materializing entity [com.bookshelfBanshee.entity.User#1]
[DEBUG] 2020-02-17 13:25:53.092 [main] ResourceRegistryStandardImpl - HHH000387: ResultSet's statement was not registered
[DEBUG] 2020-02-17 13:25:53.093 [main] AbstractLoadPlanBasedEntityLoader - Done entity load : com.bookshelfBanshee.entity.User#1
[DEBUG] 2020-02-17 13:25:53.093 [main] LogicalConnectionManagedImpl - Initiating JDBC connection release from afterTransaction
