[DEBUG] 2020-02-17 10:54:42.257 [main] IntegratorServiceImpl - Adding Integrator [org.hibernate.cfg.beanvalidation.BeanValidationIntegrator].
[DEBUG] 2020-02-17 10:54:42.259 [main] IntegratorServiceImpl - Adding Integrator [org.hibernate.secure.spi.JaccIntegrator].
[DEBUG] 2020-02-17 10:54:42.263 [main] IntegratorServiceImpl - Adding Integrator [org.hibernate.cache.internal.CollectionCacheInvalidator].
[INFO ] 2020-02-17 10:54:42.356 [main] Version - HHH000412: Hibernate Core {5.4.4.Final}
[DEBUG] 2020-02-17 10:54:42.362 [main] Environment - HHH000206: hibernate.properties not found
[DEBUG] 2020-02-17 10:54:42.590 [main] JaxbCfgProcessor - cfg.xml document did not define namespaces; wrapping in custom event reader to introduce namespace information
[DEBUG] 2020-02-17 10:54:42.881 [main] ServiceBinding - Overriding existing service binding [org.hibernate.secure.spi.JaccService]
[DEBUG] 2020-02-17 10:54:42.901 [main] RegionFactoryInitiator - Cannot default RegionFactory based on registered strategies as `[]` RegionFactory strategies were registered
[DEBUG] 2020-02-17 10:54:42.905 [main] RegionFactoryInitiator - Cache region factory : org.hibernate.cache.internal.NoCachingRegionFactory
[INFO ] 2020-02-17 10:54:42.929 [main] Version - HCANN000001: Hibernate Commons Annotations {5.1.0.Final}
[DEBUG] 2020-02-17 10:54:42.969 [main] BasicTypeRegistry - Adding type registration boolean -> org.hibernate.type.BooleanType@41f4fe5
[DEBUG] 2020-02-17 10:54:42.969 [main] BasicTypeRegistry - Adding type registration boolean -> org.hibernate.type.BooleanType@41f4fe5
[DEBUG] 2020-02-17 10:54:42.969 [main] BasicTypeRegistry - Adding type registration java.lang.Boolean -> org.hibernate.type.BooleanType@41f4fe5
[DEBUG] 2020-02-17 10:54:42.970 [main] BasicTypeRegistry - Adding type registration numeric_boolean -> org.hibernate.type.NumericBooleanType@6f4ade6e
[DEBUG] 2020-02-17 10:54:42.970 [main] BasicTypeRegistry - Adding type registration true_false -> org.hibernate.type.TrueFalseType@86733
[DEBUG] 2020-02-17 10:54:42.971 [main] BasicTypeRegistry - Adding type registration yes_no -> org.hibernate.type.YesNoType@7fc7c4a
[DEBUG] 2020-02-17 10:54:42.972 [main] BasicTypeRegistry - Adding type registration byte -> org.hibernate.type.ByteType@7afbf561
[DEBUG] 2020-02-17 10:54:42.972 [main] BasicTypeRegistry - Adding type registration byte -> org.hibernate.type.ByteType@7afbf561
[DEBUG] 2020-02-17 10:54:42.972 [main] BasicTypeRegistry - Adding type registration java.lang.Byte -> org.hibernate.type.ByteType@7afbf561
[DEBUG] 2020-02-17 10:54:42.973 [main] BasicTypeRegistry - Adding type registration character -> org.hibernate.type.CharacterType@771cbb1a
[DEBUG] 2020-02-17 10:54:42.973 [main] BasicTypeRegistry - Adding type registration char -> org.hibernate.type.CharacterType@771cbb1a
[DEBUG] 2020-02-17 10:54:42.974 [main] BasicTypeRegistry - Adding type registration java.lang.Character -> org.hibernate.type.CharacterType@771cbb1a
[DEBUG] 2020-02-17 10:54:42.975 [main] BasicTypeRegistry - Adding type registration short -> org.hibernate.type.ShortType@64693226
[DEBUG] 2020-02-17 10:54:42.975 [main] BasicTypeRegistry - Adding type registration short -> org.hibernate.type.ShortType@64693226
[DEBUG] 2020-02-17 10:54:42.975 [main] BasicTypeRegistry - Adding type registration java.lang.Short -> org.hibernate.type.ShortType@64693226
[DEBUG] 2020-02-17 10:54:42.976 [main] BasicTypeRegistry - Adding type registration integer -> org.hibernate.type.IntegerType@5ec46cdd
[DEBUG] 2020-02-17 10:54:42.976 [main] BasicTypeRegistry - Adding type registration int -> org.hibernate.type.IntegerType@5ec46cdd
[DEBUG] 2020-02-17 10:54:42.976 [main] BasicTypeRegistry - Adding type registration java.lang.Integer -> org.hibernate.type.IntegerType@5ec46cdd
[DEBUG] 2020-02-17 10:54:42.977 [main] BasicTypeRegistry - Adding type registration long -> org.hibernate.type.LongType@4da9f723
[DEBUG] 2020-02-17 10:54:42.977 [main] BasicTypeRegistry - Adding type registration long -> org.hibernate.type.LongType@4da9f723
[DEBUG] 2020-02-17 10:54:42.977 [main] BasicTypeRegistry - Adding type registration java.lang.Long -> org.hibernate.type.LongType@4da9f723
[DEBUG] 2020-02-17 10:54:42.978 [main] BasicTypeRegistry - Adding type registration float -> org.hibernate.type.FloatType@6fca5907
[DEBUG] 2020-02-17 10:54:42.978 [main] BasicTypeRegistry - Adding type registration float -> org.hibernate.type.FloatType@6fca5907
[DEBUG] 2020-02-17 10:54:42.978 [main] BasicTypeRegistry - Adding type registration java.lang.Float -> org.hibernate.type.FloatType@6fca5907
[DEBUG] 2020-02-17 10:54:42.980 [main] BasicTypeRegistry - Adding type registration double -> org.hibernate.type.DoubleType@67d86804
[DEBUG] 2020-02-17 10:54:42.980 [main] BasicTypeRegistry - Adding type registration double -> org.hibernate.type.DoubleType@67d86804
[DEBUG] 2020-02-17 10:54:42.981 [main] BasicTypeRegistry - Adding type registration java.lang.Double -> org.hibernate.type.DoubleType@67d86804
[DEBUG] 2020-02-17 10:54:42.981 [main] BasicTypeRegistry - Adding type registration big_decimal -> org.hibernate.type.BigDecimalType@74db12c2
[DEBUG] 2020-02-17 10:54:42.981 [main] BasicTypeRegistry - Adding type registration java.math.BigDecimal -> org.hibernate.type.BigDecimalType@74db12c2
[DEBUG] 2020-02-17 10:54:42.982 [main] BasicTypeRegistry - Adding type registration big_integer -> org.hibernate.type.BigIntegerType@38b5f25
[DEBUG] 2020-02-17 10:54:42.983 [main] BasicTypeRegistry - Adding type registration java.math.BigInteger -> org.hibernate.type.BigIntegerType@38b5f25
[DEBUG] 2020-02-17 10:54:42.984 [main] BasicTypeRegistry - Adding type registration string -> org.hibernate.type.StringType@6ae3fb94
[DEBUG] 2020-02-17 10:54:42.984 [main] BasicTypeRegistry - Adding type registration java.lang.String -> org.hibernate.type.StringType@6ae3fb94
[DEBUG] 2020-02-17 10:54:42.985 [main] BasicTypeRegistry - Adding type registration nstring -> org.hibernate.type.StringNVarcharType@21c7208d
[DEBUG] 2020-02-17 10:54:42.985 [main] BasicTypeRegistry - Adding type registration ncharacter -> org.hibernate.type.CharacterNCharType@5a8cbffe
[DEBUG] 2020-02-17 10:54:42.986 [main] BasicTypeRegistry - Adding type registration url -> org.hibernate.type.UrlType@7c551ad4
[DEBUG] 2020-02-17 10:54:42.986 [main] BasicTypeRegistry - Adding type registration java.net.URL -> org.hibernate.type.UrlType@7c551ad4
[DEBUG] 2020-02-17 10:54:42.986 [main] BasicTypeRegistry - Adding type registration Duration -> org.hibernate.type.DurationType@5a82ebf8
[DEBUG] 2020-02-17 10:54:42.986 [main] BasicTypeRegistry - Adding type registration java.time.Duration -> org.hibernate.type.DurationType@5a82ebf8
[DEBUG] 2020-02-17 10:54:42.991 [main] BasicTypeRegistry - Adding type registration Instant -> org.hibernate.type.InstantType@5b275174
[DEBUG] 2020-02-17 10:54:42.991 [main] BasicTypeRegistry - Adding type registration java.time.Instant -> org.hibernate.type.InstantType@5b275174
[DEBUG] 2020-02-17 10:54:42.993 [main] BasicTypeRegistry - Adding type registration LocalDateTime -> org.hibernate.type.LocalDateTimeType@59c33386
[DEBUG] 2020-02-17 10:54:42.993 [main] BasicTypeRegistry - Adding type registration java.time.LocalDateTime -> org.hibernate.type.LocalDateTimeType@59c33386
[DEBUG] 2020-02-17 10:54:42.994 [main] BasicTypeRegistry - Adding type registration LocalDate -> org.hibernate.type.LocalDateType@736309a9
[DEBUG] 2020-02-17 10:54:42.994 [main] BasicTypeRegistry - Adding type registration java.time.LocalDate -> org.hibernate.type.LocalDateType@736309a9
[DEBUG] 2020-02-17 10:54:42.995 [main] BasicTypeRegistry - Adding type registration LocalTime -> org.hibernate.type.LocalTimeType@6240651f
[DEBUG] 2020-02-17 10:54:42.995 [main] BasicTypeRegistry - Adding type registration java.time.LocalTime -> org.hibernate.type.LocalTimeType@6240651f
[DEBUG] 2020-02-17 10:54:42.996 [main] BasicTypeRegistry - Adding type registration OffsetDateTime -> org.hibernate.type.OffsetDateTimeType@6642dc5a
[DEBUG] 2020-02-17 10:54:42.996 [main] BasicTypeRegistry - Adding type registration java.time.OffsetDateTime -> org.hibernate.type.OffsetDateTimeType@6642dc5a
[DEBUG] 2020-02-17 10:54:42.999 [main] BasicTypeRegistry - Adding type registration OffsetTime -> org.hibernate.type.OffsetTimeType@211febf3
[DEBUG] 2020-02-17 10:54:42.999 [main] BasicTypeRegistry - Adding type registration java.time.OffsetTime -> org.hibernate.type.OffsetTimeType@211febf3
[DEBUG] 2020-02-17 10:54:43.000 [main] BasicTypeRegistry - Adding type registration ZonedDateTime -> org.hibernate.type.ZonedDateTimeType@2acbc859
[DEBUG] 2020-02-17 10:54:43.000 [main] BasicTypeRegistry - Adding type registration java.time.ZonedDateTime -> org.hibernate.type.ZonedDateTimeType@2acbc859
[DEBUG] 2020-02-17 10:54:43.001 [main] BasicTypeRegistry - Adding type registration date -> org.hibernate.type.DateType@52cb4f50
[DEBUG] 2020-02-17 10:54:43.001 [main] BasicTypeRegistry - Adding type registration java.sql.Date -> org.hibernate.type.DateType@52cb4f50
[DEBUG] 2020-02-17 10:54:43.002 [main] BasicTypeRegistry - Adding type registration time -> org.hibernate.type.TimeType@7f5eae0f
[DEBUG] 2020-02-17 10:54:43.002 [main] BasicTypeRegistry - Adding type registration java.sql.Time -> org.hibernate.type.TimeType@7f5eae0f
[DEBUG] 2020-02-17 10:54:43.003 [main] BasicTypeRegistry - Adding type registration timestamp -> org.hibernate.type.TimestampType@1108adc8
[DEBUG] 2020-02-17 10:54:43.003 [main] BasicTypeRegistry - Adding type registration java.sql.Timestamp -> org.hibernate.type.TimestampType@1108adc8
[DEBUG] 2020-02-17 10:54:43.003 [main] BasicTypeRegistry - Adding type registration java.util.Date -> org.hibernate.type.TimestampType@1108adc8
[DEBUG] 2020-02-17 10:54:43.005 [main] BasicTypeRegistry - Adding type registration dbtimestamp -> org.hibernate.type.DbTimestampType@5eb2172
[DEBUG] 2020-02-17 10:54:43.005 [main] BasicTypeRegistry - Adding type registration calendar -> org.hibernate.type.CalendarType@444cc791
[DEBUG] 2020-02-17 10:54:43.006 [main] BasicTypeRegistry - Adding type registration java.util.Calendar -> org.hibernate.type.CalendarType@444cc791
[DEBUG] 2020-02-17 10:54:43.006 [main] BasicTypeRegistry - Adding type registration java.util.GregorianCalendar -> org.hibernate.type.CalendarType@444cc791
[DEBUG] 2020-02-17 10:54:43.006 [main] BasicTypeRegistry - Adding type registration calendar_date -> org.hibernate.type.CalendarDateType@73437222
[DEBUG] 2020-02-17 10:54:43.008 [main] BasicTypeRegistry - Adding type registration locale -> org.hibernate.type.LocaleType@4096aa05
[DEBUG] 2020-02-17 10:54:43.008 [main] BasicTypeRegistry - Adding type registration java.util.Locale -> org.hibernate.type.LocaleType@4096aa05
[DEBUG] 2020-02-17 10:54:43.009 [main] BasicTypeRegistry - Adding type registration currency -> org.hibernate.type.CurrencyType@14d8444b
[DEBUG] 2020-02-17 10:54:43.009 [main] BasicTypeRegistry - Adding type registration java.util.Currency -> org.hibernate.type.CurrencyType@14d8444b
[DEBUG] 2020-02-17 10:54:43.010 [main] BasicTypeRegistry - Adding type registration timezone -> org.hibernate.type.TimeZoneType@205bed61
[DEBUG] 2020-02-17 10:54:43.010 [main] BasicTypeRegistry - Adding type registration java.util.TimeZone -> org.hibernate.type.TimeZoneType@205bed61
[DEBUG] 2020-02-17 10:54:43.010 [main] BasicTypeRegistry - Adding type registration class -> org.hibernate.type.ClassType@5c60b0a0
[DEBUG] 2020-02-17 10:54:43.010 [main] BasicTypeRegistry - Adding type registration java.lang.Class -> org.hibernate.type.ClassType@5c60b0a0
[DEBUG] 2020-02-17 10:54:43.011 [main] BasicTypeRegistry - Adding type registration uuid-binary -> org.hibernate.type.UUIDBinaryType@760cf594
[DEBUG] 2020-02-17 10:54:43.011 [main] BasicTypeRegistry - Adding type registration java.util.UUID -> org.hibernate.type.UUIDBinaryType@760cf594
[DEBUG] 2020-02-17 10:54:43.012 [main] BasicTypeRegistry - Adding type registration uuid-char -> org.hibernate.type.UUIDCharType@204e90f7
[DEBUG] 2020-02-17 10:54:43.012 [main] BasicTypeRegistry - Adding type registration binary -> org.hibernate.type.BinaryType@763cf5b9
[DEBUG] 2020-02-17 10:54:43.012 [main] BasicTypeRegistry - Adding type registration byte[] -> org.hibernate.type.BinaryType@763cf5b9
[DEBUG] 2020-02-17 10:54:43.013 [main] BasicTypeRegistry - Adding type registration [B -> org.hibernate.type.BinaryType@763cf5b9
[DEBUG] 2020-02-17 10:54:43.013 [main] BasicTypeRegistry - Adding type registration wrapper-binary -> org.hibernate.type.WrapperBinaryType@3c35c345
[DEBUG] 2020-02-17 10:54:43.014 [main] BasicTypeRegistry - Adding type registration Byte[] -> org.hibernate.type.WrapperBinaryType@3c35c345
[DEBUG] 2020-02-17 10:54:43.014 [main] BasicTypeRegistry - Adding type registration [Ljava.lang.Byte; -> org.hibernate.type.WrapperBinaryType@3c35c345
[DEBUG] 2020-02-17 10:54:43.014 [main] BasicTypeRegistry - Adding type registration row_version -> org.hibernate.type.RowVersionType@69a2b3b6
[DEBUG] 2020-02-17 10:54:43.015 [main] BasicTypeRegistry - Adding type registration image -> org.hibernate.type.ImageType@1e141e42
[DEBUG] 2020-02-17 10:54:43.015 [main] BasicTypeRegistry - Adding type registration characters -> org.hibernate.type.CharArrayType@2de50ee4
[DEBUG] 2020-02-17 10:54:43.015 [main] BasicTypeRegistry - Adding type registration char[] -> org.hibernate.type.CharArrayType@2de50ee4
[DEBUG] 2020-02-17 10:54:43.016 [main] BasicTypeRegistry - Adding type registration [C -> org.hibernate.type.CharArrayType@2de50ee4
[DEBUG] 2020-02-17 10:54:43.016 [main] BasicTypeRegistry - Adding type registration wrapper-characters -> org.hibernate.type.CharacterArrayType@4e17913b
[DEBUG] 2020-02-17 10:54:43.017 [main] BasicTypeRegistry - Adding type registration [Ljava.lang.Character; -> org.hibernate.type.CharacterArrayType@4e17913b
[DEBUG] 2020-02-17 10:54:43.017 [main] BasicTypeRegistry - Adding type registration Character[] -> org.hibernate.type.CharacterArrayType@4e17913b
[DEBUG] 2020-02-17 10:54:43.018 [main] BasicTypeRegistry - Adding type registration text -> org.hibernate.type.TextType@3b9632d1
[DEBUG] 2020-02-17 10:54:43.018 [main] BasicTypeRegistry - Adding type registration ntext -> org.hibernate.type.NTextType@35e8316e
[DEBUG] 2020-02-17 10:54:43.019 [main] BasicTypeRegistry - Adding type registration blob -> org.hibernate.type.BlobType@7be7e15
[DEBUG] 2020-02-17 10:54:43.019 [main] BasicTypeRegistry - Adding type registration java.sql.Blob -> org.hibernate.type.BlobType@7be7e15
[DEBUG] 2020-02-17 10:54:43.020 [main] BasicTypeRegistry - Adding type registration materialized_blob -> org.hibernate.type.MaterializedBlobType@4248b963
[DEBUG] 2020-02-17 10:54:43.021 [main] BasicTypeRegistry - Adding type registration clob -> org.hibernate.type.ClobType@3f9270ed
[DEBUG] 2020-02-17 10:54:43.021 [main] BasicTypeRegistry - Adding type registration java.sql.Clob -> org.hibernate.type.ClobType@3f9270ed
[DEBUG] 2020-02-17 10:54:43.022 [main] BasicTypeRegistry - Adding type registration nclob -> org.hibernate.type.NClobType@2d0ecb24
[DEBUG] 2020-02-17 10:54:43.022 [main] BasicTypeRegistry - Adding type registration java.sql.NClob -> org.hibernate.type.NClobType@2d0ecb24
[DEBUG] 2020-02-17 10:54:43.023 [main] BasicTypeRegistry - Adding type registration materialized_clob -> org.hibernate.type.MaterializedClobType@abff8b7
[DEBUG] 2020-02-17 10:54:43.023 [main] BasicTypeRegistry - Adding type registration materialized_nclob -> org.hibernate.type.MaterializedNClobType@b0fc838
[DEBUG] 2020-02-17 10:54:43.027 [main] BasicTypeRegistry - Adding type registration serializable -> org.hibernate.type.SerializableType@37d871c2
[DEBUG] 2020-02-17 10:54:43.029 [main] BasicTypeRegistry - Adding type registration object -> org.hibernate.type.ObjectType@6428591a
[DEBUG] 2020-02-17 10:54:43.029 [main] BasicTypeRegistry - Adding type registration java.lang.Object -> org.hibernate.type.ObjectType@6428591a
[DEBUG] 2020-02-17 10:54:43.029 [main] BasicTypeRegistry - Adding type registration imm_date -> org.hibernate.type.AdaptedImmutableType@c2e3264
[DEBUG] 2020-02-17 10:54:43.029 [main] BasicTypeRegistry - Adding type registration imm_time -> org.hibernate.type.AdaptedImmutableType@107f4980
[DEBUG] 2020-02-17 10:54:43.029 [main] BasicTypeRegistry - Adding type registration imm_timestamp -> org.hibernate.type.AdaptedImmutableType@75a118e6
[DEBUG] 2020-02-17 10:54:43.029 [main] BasicTypeRegistry - Adding type registration imm_dbtimestamp -> org.hibernate.type.AdaptedImmutableType@1d540566
[DEBUG] 2020-02-17 10:54:43.029 [main] BasicTypeRegistry - Adding type registration imm_calendar -> org.hibernate.type.AdaptedImmutableType@6014a9ba
[DEBUG] 2020-02-17 10:54:43.029 [main] BasicTypeRegistry - Adding type registration imm_calendar_date -> org.hibernate.type.AdaptedImmutableType@acdcf71
[DEBUG] 2020-02-17 10:54:43.030 [main] BasicTypeRegistry - Adding type registration imm_binary -> org.hibernate.type.AdaptedImmutableType@77d680e6
[DEBUG] 2020-02-17 10:54:43.030 [main] BasicTypeRegistry - Adding type registration imm_serializable -> org.hibernate.type.AdaptedImmutableType@4a14c44f
[DEBUG] 2020-02-17 10:54:43.053 [main] DefaultIdentifierGeneratorFactory - Registering IdentifierGenerator strategy [uuid2] -> [org.hibernate.id.UUIDGenerator]
[DEBUG] 2020-02-17 10:54:43.053 [main] DefaultIdentifierGeneratorFactory - Registering IdentifierGenerator strategy [guid] -> [org.hibernate.id.GUIDGenerator]
[DEBUG] 2020-02-17 10:54:43.054 [main] DefaultIdentifierGeneratorFactory - Registering IdentifierGenerator strategy [uuid] -> [org.hibernate.id.UUIDHexGenerator]
[DEBUG] 2020-02-17 10:54:43.054 [main] DefaultIdentifierGeneratorFactory - Registering IdentifierGenerator strategy [uuid.hex] -> [org.hibernate.id.UUIDHexGenerator]
[DEBUG] 2020-02-17 10:54:43.054 [main] DefaultIdentifierGeneratorFactory - Registering IdentifierGenerator strategy [assigned] -> [org.hibernate.id.Assigned]
[DEBUG] 2020-02-17 10:54:43.056 [main] DefaultIdentifierGeneratorFactory - Registering IdentifierGenerator strategy [identity] -> [org.hibernate.id.IdentityGenerator]
[DEBUG] 2020-02-17 10:54:43.057 [main] DefaultIdentifierGeneratorFactory - Registering IdentifierGenerator strategy [select] -> [org.hibernate.id.SelectGenerator]
[DEBUG] 2020-02-17 10:54:43.058 [main] DefaultIdentifierGeneratorFactory - Registering IdentifierGenerator strategy [sequence] -> [org.hibernate.id.enhanced.SequenceStyleGenerator]
[DEBUG] 2020-02-17 10:54:43.059 [main] DefaultIdentifierGeneratorFactory - Registering IdentifierGenerator strategy [seqhilo] -> [org.hibernate.id.SequenceHiLoGenerator]
[DEBUG] 2020-02-17 10:54:43.060 [main] DefaultIdentifierGeneratorFactory - Registering IdentifierGenerator strategy [increment] -> [org.hibernate.id.IncrementGenerator]
[DEBUG] 2020-02-17 10:54:43.060 [main] DefaultIdentifierGeneratorFactory - Registering IdentifierGenerator strategy [foreign] -> [org.hibernate.id.ForeignGenerator]
[DEBUG] 2020-02-17 10:54:43.061 [main] DefaultIdentifierGeneratorFactory - Registering IdentifierGenerator strategy [sequence-identity] -> [org.hibernate.id.SequenceIdentityGenerator]
[DEBUG] 2020-02-17 10:54:43.061 [main] DefaultIdentifierGeneratorFactory - Registering IdentifierGenerator strategy [enhanced-sequence] -> [org.hibernate.id.enhanced.SequenceStyleGenerator]
[DEBUG] 2020-02-17 10:54:43.061 [main] DefaultIdentifierGeneratorFactory - Registering IdentifierGenerator strategy [enhanced-table] -> [org.hibernate.id.enhanced.TableGenerator]
[INFO ] 2020-02-17 10:54:43.065 [main] C3P0ConnectionProvider - HHH010002: C3P0 using driver: com.mysql.cj.jdbc.Driver at URL: jdbc:mysql://localhost:3306/BookshelfBansheeTest
[INFO ] 2020-02-17 10:54:43.065 [main] C3P0ConnectionProvider - HHH10001001: Connection properties: {password=****, user=root}
[INFO ] 2020-02-17 10:54:43.065 [main] C3P0ConnectionProvider - HHH10001003: Autocommit mode: false
[INFO ] 2020-02-17 10:54:43.271 [main] C3P0ConnectionProvider - HHH10001007: JDBC isolation level: <unknown>
[DEBUG] 2020-02-17 10:54:43.435 [main] JdbcEnvironmentInitiator - Database ->
       name : MySQL
    version : 8.0.16
      major : 8
      minor : 0
[DEBUG] 2020-02-17 10:54:43.435 [main] JdbcEnvironmentInitiator - Driver ->
       name : MySQL Connector/J
    version : mysql-connector-java-8.0.16 (Revision: 34cbc6bc61f72836e26327537a432d6db7c77de6)
      major : 8
      minor : 0
[DEBUG] 2020-02-17 10:54:43.436 [main] JdbcEnvironmentInitiator - JDBC version : 4.2
[INFO ] 2020-02-17 10:54:43.489 [main] Dialect - HHH000400: Using dialect: org.hibernate.dialect.MySQL8Dialect
[DEBUG] 2020-02-17 10:54:43.515 [main] IdentifierHelperBuilder - JDBC driver metadata reported database stores quoted identifiers in more than one case
[DEBUG] 2020-02-17 10:54:43.561 [main] IdentifierHelperBuilder - IdentifierCaseStrategy for both quoted and unquoted identifiers was set to the same strategy [MIXED]; that will likely lead to problems in schema update and validation if using quoted identifiers
[DEBUG] 2020-02-17 10:54:43.627 [main] Namespace - Created database namespace [logicalName=Name{catalog=null, schema=null}, physicalName=Name{catalog=null, schema=null}]
[DEBUG] 2020-02-17 10:54:43.630 [main] TypeConfiguration$Scope - Scoping TypeConfiguration [org.hibernate.type.spi.TypeConfiguration@7ff8a9dc] to MetadataBuildingContext [org.hibernate.boot.internal.MetadataBuildingContextRootImpl@2cde651b]
[DEBUG] 2020-02-17 10:54:43.669 [main] AnnotationMetadataSourceProcessorImpl - Encountered a non-categorized annotated class [Role]; ignoring
[DEBUG] 2020-02-17 10:54:43.683 [main] AnnotationBinder - Binding entity from annotated class: User
[DEBUG] 2020-02-17 10:54:43.701 [main] Ejb3Column - Binding column: Ejb3DiscriminatorColumn{logicalColumnName'DTYPE', discriminatorTypeName='string'}
[DEBUG] 2020-02-17 10:54:43.705 [main] EntityBinder - Import with entity name User
[DEBUG] 2020-02-17 10:54:43.707 [main] EntityBinder - Bind entity User on table user
[DEBUG] 2020-02-17 10:54:43.739 [main] Ejb3Column - Binding column: Ejb3Column{table=org.hibernate.mapping.Table(user), mappingColumn=id, insertable=true, updatable=true, unique=false}
[DEBUG] 2020-02-17 10:54:43.743 [main] PropertyBinder - MetadataSourceProcessor property id with lazy=false
[DEBUG] 2020-02-17 10:54:43.745 [main] AbstractPropertyHolder - Attempting to locate auto-apply AttributeConverter for property [User:id]
[DEBUG] 2020-02-17 10:54:43.747 [main] SimpleValueBinder - building SimpleValue for id
[DEBUG] 2020-02-17 10:54:43.748 [main] PropertyBinder - Building property id
[DEBUG] 2020-02-17 10:54:43.751 [main] BinderHelper - #makeIdGenerator(org.hibernate.mapping.SimpleValue([org.hibernate.mapping.Column(id)]), id, org.hibernate.id.enhanced.SequenceStyleGenerator, native, ...)
[DEBUG] 2020-02-17 10:54:43.752 [main] Ejb3Column - Binding column: Ejb3Column{table=org.hibernate.mapping.Table(user), mappingColumn=password, insertable=true, updatable=true, unique=false}
[DEBUG] 2020-02-17 10:54:43.753 [main] PropertyBinder - MetadataSourceProcessor property password with lazy=false
[DEBUG] 2020-02-17 10:54:43.753 [main] AbstractPropertyHolder - Attempting to locate auto-apply AttributeConverter for property [User:password]
[DEBUG] 2020-02-17 10:54:43.753 [main] SimpleValueBinder - building SimpleValue for password
[DEBUG] 2020-02-17 10:54:43.753 [main] PropertyBinder - Building property password
[DEBUG] 2020-02-17 10:54:43.754 [main] Ejb3Column - Binding column: Ejb3Column{table=org.hibernate.mapping.Table(user), mappingColumn=username, insertable=true, updatable=true, unique=false}
[DEBUG] 2020-02-17 10:54:43.754 [main] PropertyBinder - MetadataSourceProcessor property username with lazy=false
[DEBUG] 2020-02-17 10:54:43.754 [main] AbstractPropertyHolder - Attempting to locate auto-apply AttributeConverter for property [User:username]
[DEBUG] 2020-02-17 10:54:43.754 [main] SimpleValueBinder - building SimpleValue for username
[DEBUG] 2020-02-17 10:54:43.754 [main] PropertyBinder - Building property username
[DEBUG] 2020-02-17 10:54:43.757 [main] SimpleValueBinder - Starting fillSimpleValue for id
[DEBUG] 2020-02-17 10:54:43.757 [main] SimpleValueBinder - Starting fillSimpleValue for password
[DEBUG] 2020-02-17 10:54:43.757 [main] SimpleValueBinder - Starting fillSimpleValue for username
[DEBUG] 2020-02-17 10:54:43.758 [main] PrimaryKey - Forcing column [id] to be non-null as it is part of the primary key for table [user]
[DEBUG] 2020-02-17 10:54:43.785 [main] SessionFactoryImpl - Building session factory
[DEBUG] 2020-02-17 10:54:43.786 [main] Settings - SessionFactory name : null
[DEBUG] 2020-02-17 10:54:43.786 [main] Settings - Automatic flush during beforeCompletion(): enabled
[DEBUG] 2020-02-17 10:54:43.786 [main] Settings - Automatic session close at end of transaction: disabled
[DEBUG] 2020-02-17 10:54:43.786 [main] Settings - Statistics: disabled
[DEBUG] 2020-02-17 10:54:43.786 [main] Settings - Deleted entity synthetic identifier rollback: disabled
[DEBUG] 2020-02-17 10:54:43.786 [main] Settings - Default entity-mode: pojo
[DEBUG] 2020-02-17 10:54:43.786 [main] Settings - Check Nullability in Core (should be disabled when Bean Validation is on): enabled
[DEBUG] 2020-02-17 10:54:43.786 [main] Settings - Allow initialization of lazy state outside session : disabled
[DEBUG] 2020-02-17 10:54:43.786 [main] Settings - Using BatchFetchStyle : LEGACY
[DEBUG] 2020-02-17 10:54:43.786 [main] Settings - Default batch fetch size: -1
[DEBUG] 2020-02-17 10:54:43.787 [main] Settings - Maximum outer join fetch depth: 2
[DEBUG] 2020-02-17 10:54:43.787 [main] Settings - Default null ordering: NONE
[DEBUG] 2020-02-17 10:54:43.787 [main] Settings - Order SQL updates by primary key: disabled
[DEBUG] 2020-02-17 10:54:43.787 [main] Settings - Order SQL inserts for batching: disabled
[DEBUG] 2020-02-17 10:54:43.787 [main] Settings - multi-tenancy strategy : NONE
[DEBUG] 2020-02-17 10:54:43.787 [main] Settings - JTA Track by Thread: enabled
[DEBUG] 2020-02-17 10:54:43.787 [main] Settings - Query language substitutions: {}
[DEBUG] 2020-02-17 10:54:43.787 [main] Settings - Named query checking : enabled
[DEBUG] 2020-02-17 10:54:43.787 [main] Settings - Second-level cache: disabled
[DEBUG] 2020-02-17 10:54:43.787 [main] Settings - Second-level query cache: disabled
[DEBUG] 2020-02-17 10:54:43.787 [main] Settings - Second-level query cache factory: null
[DEBUG] 2020-02-17 10:54:43.787 [main] Settings - Second-level cache region prefix: null
[DEBUG] 2020-02-17 10:54:43.787 [main] Settings - Optimize second-level cache for minimal puts: disabled
[DEBUG] 2020-02-17 10:54:43.787 [main] Settings - Structured second-level cache entries: disabled
[DEBUG] 2020-02-17 10:54:43.787 [main] Settings - Second-level cache direct-reference entries: disabled
[DEBUG] 2020-02-17 10:54:43.787 [main] Settings - Automatic eviction of collection cache: disabled
[DEBUG] 2020-02-17 10:54:43.787 [main] Settings - JDBC batch size: 15
[DEBUG] 2020-02-17 10:54:43.787 [main] Settings - JDBC batch updates for versioned data: enabled
[DEBUG] 2020-02-17 10:54:43.787 [main] Settings - Scrollable result sets: enabled
[DEBUG] 2020-02-17 10:54:43.787 [main] Settings - Wrap result sets: disabled
[DEBUG] 2020-02-17 10:54:43.787 [main] Settings - JDBC3 getGeneratedKeys(): enabled
[DEBUG] 2020-02-17 10:54:43.787 [main] Settings - JDBC result set fetch size: null
[DEBUG] 2020-02-17 10:54:43.787 [main] Settings - Connection release mode: AFTER_TRANSACTION
[DEBUG] 2020-02-17 10:54:43.788 [main] Settings - Generate SQL with comments: disabled
[DEBUG] 2020-02-17 10:54:43.788 [main] Settings - JPA compliance - query : 
[DEBUG] 2020-02-17 10:54:43.788 [main] Settings - JPA compliance - closed-handling : 
[DEBUG] 2020-02-17 10:54:43.788 [main] Settings - JPA compliance - lists : 
[DEBUG] 2020-02-17 10:54:43.788 [main] Settings - JPA compliance - transactions : 
[INFO ] 2020-02-17 10:54:43.824 [main] beans - HHH10005002: No explicit CDI BeanManager reference was passed to Hibernate, but CDI is available on the Hibernate ClassLoader.
[DEBUG] 2020-02-17 10:54:43.836 [main] SessionFactoryImpl - Session factory constructed with filter configurations : {}
[DEBUG] 2020-02-17 10:54:43.837 [main] SessionFactoryImpl - Instantiating session factory with properties: {sun.desktop=gnome, awt.toolkit=sun.awt.X11.XToolkit, java.specification.version=11, sun.cpu.isalist=, hibernate.c3p0.idle_test_period=3000, sun.jnu.encoding=UTF-8, hibernate.c3p0.min_size=5, java.class.path=/home/student/intellij/lib/idea_rt.jar:/home/student/intellij/plugins/junit/lib/junit-rt.jar:/home/student/intellij/plugins/junit/lib/junit5-rt.jar:/home/student/IdeaProjects/bookshelfBanshee/target/test-classes:/home/student/IdeaProjects/bookshelfBanshee/target/classes:/home/student/.m2/repository/org/junit/platform/junit-platform-runner/1.0.0/junit-platform-runner-1.0.0.jar:/home/student/.m2/repository/org/apiguardian/apiguardian-api/1.0.0/apiguardian-api-1.0.0.jar:/home/student/.m2/repository/org/junit/platform/junit-platform-launcher/1.0.0/junit-platform-launcher-1.0.0.jar:/home/student/.m2/repository/org/junit/platform/junit-platform-suite-api/1.0.0/junit-platform-suite-api-1.0.0.jar:/home/student/.m2/repository/org/junit/platform/junit-platform-commons/1.0.0/junit-platform-commons-1.0.0.jar:/home/student/.m2/repository/org/junit/vintage/junit-vintage-engine/4.12.0/junit-vintage-engine-4.12.0.jar:/home/student/.m2/repository/org/junit/platform/junit-platform-engine/1.0.0/junit-platform-engine-1.0.0.jar:/home/student/.m2/repository/org/opentest4j/opentest4j/1.0.0/opentest4j-1.0.0.jar:/home/student/.m2/repository/org/junit/jupiter/junit-jupiter-engine/5.0.0/junit-jupiter-engine-5.0.0.jar:/home/student/.m2/repository/org/junit/jupiter/junit-jupiter-api/5.0.0/junit-jupiter-api-5.0.0.jar:/home/student/.m2/repository/junit/junit/4.12/junit-4.12.jar:/home/student/.m2/repository/org/hamcrest/hamcrest-core/1.3/hamcrest-core-1.3.jar:/home/student/.m2/repository/javax/javaee-web-api/7.0/javaee-web-api-7.0.jar:/home/student/.m2/repository/mysql/mysql-connector-java/8.0.16/mysql-connector-java-8.0.16.jar:/home/student/.m2/repository/com/google/protobuf/protobuf-java/3.6.1/protobuf-java-3.6.1.jar:/home/student/.m2/repository/jstl/jstl/1.2/jstl-1.2.jar:/home/student/.m2/repository/org/apache/logging/log4j/log4j-api/2.10.0/log4j-api-2.10.0.jar:/home/student/.m2/repository/org/apache/logging/log4j/log4j-core/2.10.0/log4j-core-2.10.0.jar:/home/student/.m2/repository/org/hibernate/hibernate-core/5.4.4.Final/hibernate-core-5.4.4.Final.jar:/home/student/.m2/repository/org/jboss/logging/jboss-logging/3.3.2.Final/jboss-logging-3.3.2.Final.jar:/home/student/.m2/repository/javax/persistence/javax.persistence-api/2.2/javax.persistence-api-2.2.jar:/home/student/.m2/repository/org/javassist/javassist/3.24.0-GA/javassist-3.24.0-GA.jar:/home/student/.m2/repository/net/bytebuddy/byte-buddy/1.9.11/byte-buddy-1.9.11.jar:/home/student/.m2/repository/antlr/antlr/2.7.7/antlr-2.7.7.jar:/home/student/.m2/repository/org/jboss/spec/javax/transaction/jboss-transaction-api_1.2_spec/1.1.1.Final/jboss-transaction-api_1.2_spec-1.1.1.Final.jar:/home/student/.m2/repository/org/jboss/jandex/2.0.5.Final/jandex-2.0.5.Final.jar:/home/student/.m2/repository/com/fasterxml/classmate/1.3.4/classmate-1.3.4.jar:/home/student/.m2/repository/javax/activation/javax.activation-api/1.2.0/javax.activation-api-1.2.0.jar:/home/student/.m2/repository/org/dom4j/dom4j/2.1.1/dom4j-2.1.1.jar:/home/student/.m2/repository/org/hibernate/common/hibernate-commons-annotations/5.1.0.Final/hibernate-commons-annotations-5.1.0.Final.jar:/home/student/.m2/repository/javax/xml/bind/jaxb-api/2.3.1/jaxb-api-2.3.1.jar:/home/student/.m2/repository/org/glassfish/jaxb/jaxb-runtime/2.3.1/jaxb-runtime-2.3.1.jar:/home/student/.m2/repository/org/glassfish/jaxb/txw2/2.3.1/txw2-2.3.1.jar:/home/student/.m2/repository/com/sun/istack/istack-commons-runtime/3.0.7/istack-commons-runtime-3.0.7.jar:/home/student/.m2/repository/org/jvnet/staxex/stax-ex/1.8/stax-ex-1.8.jar:/home/student/.m2/repository/com/sun/xml/fastinfoset/FastInfoset/1.2.15/FastInfoset-1.2.15.jar:/home/student/.m2/repository/org/hibernate/hibernate-c3p0/5.4.4.Final/hibernate-c3p0-5.4.4.Final.jar:/home/student/.m2/repository/com/mchange/c3p0/0.9.5.3/c3p0-0.9.5.3.jar:/home/student/.m2/repository/com/mchange/mchange-commons-java/0.2.15/mchange-commons-java-0.2.15.jar, java.vm.vendor=Ubuntu, sun.arch.data.model=64, idea.test.cyclic.buffer.size=1048576, java.vendor.url=https://ubuntu.com/, user.timezone=America/Chicago, os.name=Linux, java.vm.specification.version=11, sun.java.launcher=SUN_STANDARD, user.country=US, sun.boot.library.path=/usr/lib/jvm/java-11-openjdk-amd64/lib, sun.java.command=com.intellij.rt.execution.junit.JUnitStarter -ideVersion5 -junit5 UserDaoTest, jdk.debug=release, sun.cpu.endian=little, user.home=/home/student, hibernate.c3p0.max_statements=50, user.language=en, java.specification.vendor=Oracle Corporation, java.version.date=2020-01-14, java.home=/usr/lib/jvm/java-11-openjdk-amd64, file.separator=/, java.vm.compressedOopsMode=32-bit, line.separator=
, hibernate.c3p0.timeout=300, java.specification.name=Java Platform API Specification, java.vm.specification.vendor=Oracle Corporation, java.awt.graphicsenv=sun.awt.X11GraphicsEnvironment, connection.password=student, sun.management.compiler=HotSpot 64-Bit Tiered Compilers, hibernate.c3p0.max_size=20, java.runtime.version=11.0.6+10-post-Ubuntu-1ubuntu118.04.1, user.name=student, path.separator=:, hibernate.connection.username=****, os.version=5.3.0-28-generic, java.runtime.name=OpenJDK Runtime Environment, hibernate.connection.url=jdbc:mysql://localhost:3306/BookshelfBansheeTest, file.encoding=UTF-8, java.vm.name=OpenJDK 64-Bit Server VM, hibernate.connection.driver_class=com.mysql.cj.jdbc.Driver, java.vendor.url.bug=https://bugs.launchpad.net/ubuntu/+source/openjdk-lts, java.io.tmpdir=/tmp, java.version=11.0.6, user.dir=/home/student/IdeaProjects/bookshelfBanshee, os.arch=amd64, connection.username=root, java.vm.specification.name=Java Virtual Machine Specification, java.awt.printerjob=sun.print.PSPrinterJob, hibernate.connection.password=****, sun.os.patch.level=unknown, connection.driver_class=com.mysql.cj.jdbc.Driver, hibernate.boot.CfgXmlAccessService.key=org.hibernate.boot.cfgxml.spi.LoadedConfig@4ed9f7b1, java.library.path=/usr/java/packages/lib:/usr/lib/x86_64-linux-gnu/jni:/lib/x86_64-linux-gnu:/usr/lib/x86_64-linux-gnu:/usr/lib/jni:/lib:/usr/lib, java.vendor=Ubuntu, java.vm.info=mixed mode, sharing, java.vm.version=11.0.6+10-post-Ubuntu-1ubuntu118.04.1, hibernate.bytecode.use_reflection_optimizer=false, sun.io.unicode.encoding=UnicodeLittle, connection.url=jdbc:mysql://localhost:3306/BookshelfBansheeTest, java.class.version=55.0}
[DEBUG] 2020-02-17 10:54:43.854 [main] TypeSafeActivator - Unable to acquire Bean Validation ValidatorFactory, skipping activation
[DEBUG] 2020-02-17 10:54:43.855 [main] JaccIntegrator - Skipping JACC integration as it was not enabled
[DEBUG] 2020-02-17 10:54:43.855 [main] SessionFactoryImpl - Instantiated session factory
[DEBUG] 2020-02-17 10:54:43.855 [main] TypeConfiguration$Scope - Scoping TypeConfiguration [org.hibernate.type.spi.TypeConfiguration@7ff8a9dc] to SessionFactoryImpl [org.hibernate.internal.SessionFactoryImpl@76cf841]
[DEBUG] 2020-02-17 10:54:43.894 [main] ClassLoaderAccessImpl - Not known whether passed class name [User] is safe
[DEBUG] 2020-02-17 10:54:43.894 [main] ClassLoaderAccessImpl - No temp ClassLoader provided; using live ClassLoader for loading potentially unsafe class : User
[DEBUG] 2020-02-17 10:54:43.906 [main] ClassLoaderAccessImpl - Not known whether passed class name [User] is safe
[DEBUG] 2020-02-17 10:54:43.906 [main] ClassLoaderAccessImpl - No temp ClassLoader provided; using live ClassLoader for loading potentially unsafe class : User
[DEBUG] 2020-02-17 10:54:44.075 [main] AbstractEntityPersister - Static SQL for entity: User
[DEBUG] 2020-02-17 10:54:44.076 [main] AbstractEntityPersister -  Version select: select id from user where id =?
[DEBUG] 2020-02-17 10:54:44.076 [main] AbstractEntityPersister -  Snapshot select: select user_.id, user_.password as password2_0_, user_.username as username3_0_ from user user_ where user_.id=?
[DEBUG] 2020-02-17 10:54:44.076 [main] AbstractEntityPersister -  Insert 0: insert into user (password, username, id) values (?, ?, ?)
[DEBUG] 2020-02-17 10:54:44.076 [main] AbstractEntityPersister -  Update 0: update user set password=?, username=? where id=?
[DEBUG] 2020-02-17 10:54:44.076 [main] AbstractEntityPersister -  Delete 0: delete from user where id=?
[DEBUG] 2020-02-17 10:54:44.076 [main] AbstractEntityPersister -  Identity insert: insert into user (password, username) values (?, ?)
[DEBUG] 2020-02-17 10:54:44.092 [main] QuerySpacesImpl - Adding QuerySpace : uid = <gen:0> -> org.hibernate.loader.plan.build.internal.spaces.EntityQuerySpaceImpl@32507479]
[DEBUG] 2020-02-17 10:54:44.093 [main] MetamodelGraphWalker - Visiting attribute path : password
[DEBUG] 2020-02-17 10:54:44.093 [main] MetamodelGraphWalker - Visiting attribute path : username
[DEBUG] 2020-02-17 10:54:44.093 [main] FetchStyleLoadPlanBuildingAssociationVisitationStrategy - Building LoadPlan...
[DEBUG] 2020-02-17 10:54:44.100 [main] LoadQueryJoinAndFetchProcessor - processing queryspace <gen:0>
[DEBUG] 2020-02-17 10:54:44.103 [main] LoadPlanTreePrinter - LoadPlan(entity=User)
    - Returns
       - EntityReturnImpl(entity=User, querySpaceUid=<gen:0>, path=User)
    - QuerySpaces
       - EntityQuerySpaceImpl(uid=<gen:0>, entity=User)
          - SQL table alias mapping - user0_
          - alias suffix - 0_
          - suffixed key columns - {id1_0_0_}

[DEBUG] 2020-02-17 10:54:44.104 [main] EntityLoader - Static select for entity User [NONE]: select user0_.id as id1_0_0_, user0_.password as password2_0_0_, user0_.username as username3_0_0_ from user user0_ where user0_.id=?
[DEBUG] 2020-02-17 10:54:44.104 [main] QuerySpacesImpl - Adding QuerySpace : uid = <gen:0> -> org.hibernate.loader.plan.build.internal.spaces.EntityQuerySpaceImpl@251c8145]
[DEBUG] 2020-02-17 10:54:44.104 [main] MetamodelGraphWalker - Visiting attribute path : password
[DEBUG] 2020-02-17 10:54:44.104 [main] MetamodelGraphWalker - Visiting attribute path : username
[DEBUG] 2020-02-17 10:54:44.104 [main] FetchStyleLoadPlanBuildingAssociationVisitationStrategy - Building LoadPlan...
[DEBUG] 2020-02-17 10:54:44.104 [main] LoadQueryJoinAndFetchProcessor - processing queryspace <gen:0>
[DEBUG] 2020-02-17 10:54:44.105 [main] LoadPlanTreePrinter - LoadPlan(entity=User)
    - Returns
       - EntityReturnImpl(entity=User, querySpaceUid=<gen:0>, path=User)
    - QuerySpaces
       - EntityQuerySpaceImpl(uid=<gen:0>, entity=User)
          - SQL table alias mapping - user0_
          - alias suffix - 0_
          - suffixed key columns - {id1_0_0_}

[DEBUG] 2020-02-17 10:54:44.105 [main] EntityLoader - Static select for entity User [READ]: select user0_.id as id1_0_0_, user0_.password as password2_0_0_, user0_.username as username3_0_0_ from user user0_ where user0_.id=?
[DEBUG] 2020-02-17 10:54:44.113 [main] Loader - Static select for action ACTION_MERGE on entity User: select user0_.id as id1_0_0_, user0_.password as password2_0_0_, user0_.username as username3_0_0_ from user user0_ where user0_.id=?
[DEBUG] 2020-02-17 10:54:44.113 [main] Loader - Static select for action ACTION_REFRESH on entity User: select user0_.id as id1_0_0_, user0_.password as password2_0_0_, user0_.username as username3_0_0_ from user user0_ where user0_.id=?
[DEBUG] 2020-02-17 10:54:44.129 [main] SchemaManagementToolCoordinator - No actions specified; doing nothing
[DEBUG] 2020-02-17 10:54:44.129 [main] JtaPlatformInitiator - No JtaPlatform was specified, checking resolver
[DEBUG] 2020-02-17 10:54:44.130 [main] JtaPlatformResolverInitiator - No JtaPlatformResolver was specified, using default [org.hibernate.engine.transaction.jta.platform.internal.StandardJtaPlatformResolver]
[DEBUG] 2020-02-17 10:54:44.138 [main] StandardJtaPlatformResolver - Could not resolve JtaPlatform, using default [org.hibernate.engine.transaction.jta.platform.internal.NoJtaPlatform]
[INFO ] 2020-02-17 10:54:44.138 [main] JtaPlatformInitiator - HHH000490: Using JtaPlatform implementation: [org.hibernate.engine.transaction.jta.platform.internal.NoJtaPlatform]
[DEBUG] 2020-02-17 10:54:44.139 [main] NamedQueryRepository - Checking 0 named HQL queries
[DEBUG] 2020-02-17 10:54:44.139 [main] NamedQueryRepository - Checking 0 named SQL queries
[DEBUG] 2020-02-17 10:54:44.141 [main] SessionFactoryRegistry - Initializing SessionFactoryRegistry : org.hibernate.internal.SessionFactoryRegistry@71936a92
[DEBUG] 2020-02-17 10:54:44.142 [main] SessionFactoryRegistry - Registering SessionFactory: f5d3ae48-4424-4533-91e8-a61a51404d99 (<unnamed>)
[DEBUG] 2020-02-17 10:54:44.142 [main] SessionFactoryRegistry - Not binding SessionFactory to JNDI, no JNDI name configured
[DEBUG] 2020-02-17 10:54:44.191 [main] StatisticsInitiator - Statistics initialized [enabled=false]
[DEBUG] 2020-02-17 10:54:44.202 [main] SQL - select user0_.id as id1_0_0_, user0_.password as password2_0_0_, user0_.username as username3_0_0_ from user user0_ where user0_.id=?
[DEBUG] 2020-02-17 10:54:44.221 [main] ResultSetProcessorImpl - Starting ResultSet row #0
[DEBUG] 2020-02-17 10:54:44.221 [main] EntityReferenceInitializerImpl - On call to EntityIdentifierReaderImpl#resolve, EntityKey was already known; should only happen on root returns with an optional identifier specified
[DEBUG] 2020-02-17 10:54:44.228 [main] TwoPhaseLoad - Resolving attributes for [User#1]
[DEBUG] 2020-02-17 10:54:44.229 [main] TwoPhaseLoad - Processing attribute `password` : value = notPassword
[DEBUG] 2020-02-17 10:54:44.229 [main] TwoPhaseLoad - Attribute (`password`)  - enhanced for lazy-loading? - false
[DEBUG] 2020-02-17 10:54:44.229 [main] TwoPhaseLoad - Processing attribute `username` : value = notAdmin
[DEBUG] 2020-02-17 10:54:44.229 [main] TwoPhaseLoad - Attribute (`username`)  - enhanced for lazy-loading? - false
[DEBUG] 2020-02-17 10:54:44.229 [main] TwoPhaseLoad - Done materializing entity [User#1]
[DEBUG] 2020-02-17 10:54:44.230 [main] ResourceRegistryStandardImpl - HHH000387: ResultSet's statement was not registered
[DEBUG] 2020-02-17 10:54:44.230 [main] AbstractLoadPlanBasedEntityLoader - Done entity load : User#1
[DEBUG] 2020-02-17 10:54:44.230 [main] LogicalConnectionManagedImpl - Initiating JDBC connection release from afterTransaction
[DEBUG] 2020-02-17 10:54:44.237 [main] TransactionImpl - On TransactionImpl creation, JpaCompliance#isJpaTransactionComplianceEnabled == false
[DEBUG] 2020-02-17 10:54:44.237 [main] TransactionImpl - begin
[DEBUG] 2020-02-17 10:54:44.244 [main] TransactionImpl - committing
[DEBUG] 2020-02-17 10:54:44.244 [main] AbstractFlushingEventListener - Processing flush-time cascades
[DEBUG] 2020-02-17 10:54:44.244 [main] AbstractFlushingEventListener - Dirty checking collections
[DEBUG] 2020-02-17 10:54:44.245 [main] AbstractFlushingEventListener - Flushed: 0 insertions, 0 updates, 1 deletions to 1 objects
[DEBUG] 2020-02-17 10:54:44.245 [main] AbstractFlushingEventListener - Flushed: 0 (re)creations, 0 updates, 0 removals to 0 collections
[DEBUG] 2020-02-17 10:54:44.245 [main] EntityPrinter - Listing entities:
[DEBUG] 2020-02-17 10:54:44.246 [main] EntityPrinter - User{password=notPassword, id=1, username=notAdmin}
[DEBUG] 2020-02-17 10:54:44.249 [main] SQL - delete from user where id=?
[DEBUG] 2020-02-17 10:54:44.255 [main] LogicalConnectionManagedImpl - Initiating JDBC connection release from afterTransaction
[DEBUG] 2020-02-17 10:54:44.256 [main] LogicalConnectionManagedImpl - Initiating JDBC connection release from afterTransaction
[DEBUG] 2020-02-17 10:54:44.256 [main] JdbcCoordinatorImpl - HHH000420: Closing un-released batch
[DEBUG] 2020-02-17 10:54:44.271 [main] CriteriaQueryImpl - Rendered criteria query -> select generatedAlias0 from User as generatedAlias0
[DEBUG] 2020-02-17 10:54:44.282 [main] QueryTranslatorFactoryInitiator - QueryTranslatorFactory: org.hibernate.hql.internal.ast.ASTQueryTranslatorFactory@1796b2d4
[DEBUG] 2020-02-17 10:54:44.303 [main] QueryTranslatorImpl - parse() - HQL: select generatedAlias0 from User as generatedAlias0
[DEBUG] 2020-02-17 10:54:44.306 [main] ErrorTracker - throwQueryException() : no errors
[DEBUG] 2020-02-17 10:54:44.311 [main] QueryTranslatorImpl - --- HQL AST ---
 \-[QUERY] Node: 'query'
    \-[SELECT_FROM] Node: 'SELECT_FROM'
       +-[FROM] Node: 'from'
       |  \-[RANGE] Node: 'RANGE'
       |     +-[DOT] Node: '.'
       |     |  +-[DOT] Node: '.'
       |     |  |  +-[DOT] Node: '.'
       |     |  |  |  +-[IDENT] Node: 'edu'
       |     |  |  |  \-[IDENT] Node: 'matc'
       |     |  |  \-[IDENT] Node: 'entity'
       |     |  \-[IDENT] Node: 'User'
       |     \-[ALIAS] Node: 'generatedAlias0'
       \-[SELECT] Node: 'select'
          \-[IDENT] Node: 'generatedAlias0'

[DEBUG] 2020-02-17 10:54:44.324 [main] HqlSqlBaseWalker - select << begin [level=1, statement=select]
[DEBUG] 2020-02-17 10:54:44.332 [main] FromElement - FromClause{level=1} : User (generatedAlias0) -> user0_
[DEBUG] 2020-02-17 10:54:44.333 [main] FromReferenceNode - Resolved : generatedAlias0 -> user0_.id
[DEBUG] 2020-02-17 10:54:44.334 [main] HqlSqlBaseWalker - select : finishing up [level=1, statement=select]
[DEBUG] 2020-02-17 10:54:44.334 [main] HqlSqlWalker - processQuery() :  ( SELECT ( {select clause} user0_.id ) ( FromClause{level=1} user user0_ ) )
[DEBUG] 2020-02-17 10:54:44.339 [main] JoinProcessor - Using FROM fragment [user user0_]
[DEBUG] 2020-02-17 10:54:44.339 [main] HqlSqlBaseWalker - select >> end [level=1, statement=select]
[DEBUG] 2020-02-17 10:54:44.339 [main] QueryTranslatorImpl - --- SQL AST ---
 \-[SELECT] QueryNode: 'SELECT'  querySpaces (user)
    +-[SELECT_CLAUSE] SelectClause: '{select clause}'
    |  +-[ALIAS_REF] IdentNode: 'user0_.id as id1_0_' {alias=generatedAlias0, className=User, tableAlias=user0_}
    |  \-[SQL_TOKEN] SqlFragment: 'user0_.password as password2_0_, user0_.username as username3_0_'
    \-[FROM] FromClause: 'from' FromClause{level=1, fromElementCounter=1, fromElements=1, fromElementByClassAlias=[generatedAlias0], fromElementByTableAlias=[user0_], fromElementsByPath=[], collectionJoinFromElementsByPath=[], impliedElements=[]}
       \-[FROM_FRAGMENT] FromElement: 'user user0_' FromElement{explicit,not a collection join,not a fetch join,fetch non-lazy properties,classAlias=generatedAlias0,role=null,tableName=user,tableAlias=user0_,origin=null,columns={,className=User}}

[DEBUG] 2020-02-17 10:54:44.339 [main] ErrorTracker - throwQueryException() : no errors
[DEBUG] 2020-02-17 10:54:44.343 [main] QueryTranslatorImpl - HQL: select generatedAlias0 from User as generatedAlias0
[DEBUG] 2020-02-17 10:54:44.343 [main] QueryTranslatorImpl - SQL: select user0_.id as id1_0_, user0_.password as password2_0_, user0_.username as username3_0_ from user user0_
[DEBUG] 2020-02-17 10:54:44.343 [main] ErrorTracker - throwQueryException() : no errors
[DEBUG] 2020-02-17 10:54:44.349 [main] SQL - select user0_.id as id1_0_, user0_.password as password2_0_, user0_.username as username3_0_ from user user0_
[DEBUG] 2020-02-17 10:54:44.352 [main] Loader - Result set row: 0
[DEBUG] 2020-02-17 10:54:44.353 [main] Loader - Result row: EntityKey[User#2]
[DEBUG] 2020-02-17 10:54:44.353 [main] Loader - Result set row: 1
[DEBUG] 2020-02-17 10:54:44.353 [main] Loader - Result row: EntityKey[User#3]
[DEBUG] 2020-02-17 10:54:44.353 [main] Loader - Result set row: 2
[DEBUG] 2020-02-17 10:54:44.353 [main] Loader - Result row: EntityKey[User#4]
[DEBUG] 2020-02-17 10:54:44.353 [main] Loader - Result set row: 3
[DEBUG] 2020-02-17 10:54:44.353 [main] Loader - Result row: EntityKey[User#5]
[DEBUG] 2020-02-17 10:54:44.353 [main] TwoPhaseLoad - Resolving attributes for [User#2]
[DEBUG] 2020-02-17 10:54:44.353 [main] TwoPhaseLoad - Processing attribute `password` : value = password
[DEBUG] 2020-02-17 10:54:44.353 [main] TwoPhaseLoad - Attribute (`password`)  - enhanced for lazy-loading? - false
[DEBUG] 2020-02-17 10:54:44.353 [main] TwoPhaseLoad - Processing attribute `username` : value = admin
[DEBUG] 2020-02-17 10:54:44.354 [main] TwoPhaseLoad - Attribute (`username`)  - enhanced for lazy-loading? - false
[DEBUG] 2020-02-17 10:54:44.354 [main] TwoPhaseLoad - Done materializing entity [User#2]
[DEBUG] 2020-02-17 10:54:44.354 [main] TwoPhaseLoad - Resolving attributes for [User#3]
[DEBUG] 2020-02-17 10:54:44.354 [main] TwoPhaseLoad - Processing attribute `password` : value = secure
[DEBUG] 2020-02-17 10:54:44.354 [main] TwoPhaseLoad - Attribute (`password`)  - enhanced for lazy-loading? - false
[DEBUG] 2020-02-17 10:54:44.354 [main] TwoPhaseLoad - Processing attribute `username` : value = user
[DEBUG] 2020-02-17 10:54:44.354 [main] TwoPhaseLoad - Attribute (`username`)  - enhanced for lazy-loading? - false
[DEBUG] 2020-02-17 10:54:44.354 [main] TwoPhaseLoad - Done materializing entity [User#3]
[DEBUG] 2020-02-17 10:54:44.354 [main] TwoPhaseLoad - Resolving attributes for [User#4]
[DEBUG] 2020-02-17 10:54:44.354 [main] TwoPhaseLoad - Processing attribute `password` : value = password2
[DEBUG] 2020-02-17 10:54:44.354 [main] TwoPhaseLoad - Attribute (`password`)  - enhanced for lazy-loading? - false
[DEBUG] 2020-02-17 10:54:44.354 [main] TwoPhaseLoad - Processing attribute `username` : value = user2
[DEBUG] 2020-02-17 10:54:44.354 [main] TwoPhaseLoad - Attribute (`username`)  - enhanced for lazy-loading? - false
[DEBUG] 2020-02-17 10:54:44.354 [main] TwoPhaseLoad - Done materializing entity [User#4]
[DEBUG] 2020-02-17 10:54:44.354 [main] TwoPhaseLoad - Resolving attributes for [User#5]
[DEBUG] 2020-02-17 10:54:44.354 [main] TwoPhaseLoad - Processing attribute `password` : value = me
[DEBUG] 2020-02-17 10:54:44.354 [main] TwoPhaseLoad - Attribute (`password`)  - enhanced for lazy-loading? - false
[DEBUG] 2020-02-17 10:54:44.354 [main] TwoPhaseLoad - Processing attribute `username` : value = encrypt
[DEBUG] 2020-02-17 10:54:44.354 [main] TwoPhaseLoad - Attribute (`username`)  - enhanced for lazy-loading? - false
[DEBUG] 2020-02-17 10:54:44.354 [main] TwoPhaseLoad - Done materializing entity [User#5]
[DEBUG] 2020-02-17 10:54:44.356 [main] LogicalConnectionManagedImpl - Initiating JDBC connection release from afterTransaction
[DEBUG] 2020-02-17 10:54:44.391 [main] CriteriaQueryImpl - Rendered criteria query -> select generatedAlias0 from User as generatedAlias0
[DEBUG] 2020-02-17 10:54:44.392 [main] SQL - select user0_.id as id1_0_, user0_.password as password2_0_, user0_.username as username3_0_ from user user0_
[DEBUG] 2020-02-17 10:54:44.393 [main] Loader - Result set row: 0
[DEBUG] 2020-02-17 10:54:44.393 [main] Loader - Result row: EntityKey[User#1]
[DEBUG] 2020-02-17 10:54:44.393 [main] Loader - Result set row: 1
[DEBUG] 2020-02-17 10:54:44.393 [main] Loader - Result row: EntityKey[User#2]
[DEBUG] 2020-02-17 10:54:44.394 [main] Loader - Result set row: 2
[DEBUG] 2020-02-17 10:54:44.394 [main] Loader - Result row: EntityKey[User#3]
[DEBUG] 2020-02-17 10:54:44.394 [main] Loader - Result set row: 3
[DEBUG] 2020-02-17 10:54:44.394 [main] Loader - Result row: EntityKey[User#4]
[DEBUG] 2020-02-17 10:54:44.394 [main] Loader - Result set row: 4
[DEBUG] 2020-02-17 10:54:44.394 [main] Loader - Result row: EntityKey[User#5]
[DEBUG] 2020-02-17 10:54:44.394 [main] TwoPhaseLoad - Resolving attributes for [User#1]
[DEBUG] 2020-02-17 10:54:44.394 [main] TwoPhaseLoad - Processing attribute `password` : value = notPassword
[DEBUG] 2020-02-17 10:54:44.394 [main] TwoPhaseLoad - Attribute (`password`)  - enhanced for lazy-loading? - false
[DEBUG] 2020-02-17 10:54:44.394 [main] TwoPhaseLoad - Processing attribute `username` : value = notAdmin
[DEBUG] 2020-02-17 10:54:44.394 [main] TwoPhaseLoad - Attribute (`username`)  - enhanced for lazy-loading? - false
[DEBUG] 2020-02-17 10:54:44.394 [main] TwoPhaseLoad - Done materializing entity [User#1]
[DEBUG] 2020-02-17 10:54:44.394 [main] TwoPhaseLoad - Resolving attributes for [User#2]
[DEBUG] 2020-02-17 10:54:44.394 [main] TwoPhaseLoad - Processing attribute `password` : value = password
[DEBUG] 2020-02-17 10:54:44.394 [main] TwoPhaseLoad - Attribute (`password`)  - enhanced for lazy-loading? - false
[DEBUG] 2020-02-17 10:54:44.394 [main] TwoPhaseLoad - Processing attribute `username` : value = admin
[DEBUG] 2020-02-17 10:54:44.394 [main] TwoPhaseLoad - Attribute (`username`)  - enhanced for lazy-loading? - false
[DEBUG] 2020-02-17 10:54:44.395 [main] TwoPhaseLoad - Done materializing entity [User#2]
[DEBUG] 2020-02-17 10:54:44.395 [main] TwoPhaseLoad - Resolving attributes for [User#3]
[DEBUG] 2020-02-17 10:54:44.395 [main] TwoPhaseLoad - Processing attribute `password` : value = secure
[DEBUG] 2020-02-17 10:54:44.395 [main] TwoPhaseLoad - Attribute (`password`)  - enhanced for lazy-loading? - false
[DEBUG] 2020-02-17 10:54:44.395 [main] TwoPhaseLoad - Processing attribute `username` : value = user
[DEBUG] 2020-02-17 10:54:44.395 [main] TwoPhaseLoad - Attribute (`username`)  - enhanced for lazy-loading? - false
[DEBUG] 2020-02-17 10:54:44.395 [main] TwoPhaseLoad - Done materializing entity [User#3]
[DEBUG] 2020-02-17 10:54:44.395 [main] TwoPhaseLoad - Resolving attributes for [User#4]
[DEBUG] 2020-02-17 10:54:44.395 [main] TwoPhaseLoad - Processing attribute `password` : value = password2
[DEBUG] 2020-02-17 10:54:44.395 [main] TwoPhaseLoad - Attribute (`password`)  - enhanced for lazy-loading? - false
[DEBUG] 2020-02-17 10:54:44.395 [main] TwoPhaseLoad - Processing attribute `username` : value = user2
[DEBUG] 2020-02-17 10:54:44.395 [main] TwoPhaseLoad - Attribute (`username`)  - enhanced for lazy-loading? - false
[DEBUG] 2020-02-17 10:54:44.395 [main] TwoPhaseLoad - Done materializing entity [User#4]
[DEBUG] 2020-02-17 10:54:44.395 [main] TwoPhaseLoad - Resolving attributes for [User#5]
[DEBUG] 2020-02-17 10:54:44.395 [main] TwoPhaseLoad - Processing attribute `password` : value = me
[DEBUG] 2020-02-17 10:54:44.395 [main] TwoPhaseLoad - Attribute (`password`)  - enhanced for lazy-loading? - false
[DEBUG] 2020-02-17 10:54:44.395 [main] TwoPhaseLoad - Processing attribute `username` : value = encrypt
[DEBUG] 2020-02-17 10:54:44.395 [main] TwoPhaseLoad - Attribute (`username`)  - enhanced for lazy-loading? - false
[DEBUG] 2020-02-17 10:54:44.395 [main] TwoPhaseLoad - Done materializing entity [User#5]
[DEBUG] 2020-02-17 10:54:44.395 [main] LogicalConnectionManagedImpl - Initiating JDBC connection release from afterTransaction
[DEBUG] 2020-02-17 10:54:44.426 [main] TransactionImpl - On TransactionImpl creation, JpaCompliance#isJpaTransactionComplianceEnabled == false
[DEBUG] 2020-02-17 10:54:44.426 [main] TransactionImpl - begin
[DEBUG] 2020-02-17 10:54:44.431 [main] ActionQueue - Executing identity-insert immediately
[DEBUG] 2020-02-17 10:54:44.432 [main] SQL - insert into user (password, username) values (?, ?)
[DEBUG] 2020-02-17 10:54:44.443 [main] IdentifierGeneratorHelper - Natively generated identity: 8
[DEBUG] 2020-02-17 10:54:44.443 [main] ResourceRegistryStandardImpl - HHH000387: ResultSet's statement was not registered
[DEBUG] 2020-02-17 10:54:44.444 [main] TransactionImpl - committing
[DEBUG] 2020-02-17 10:54:44.444 [main] AbstractFlushingEventListener - Processing flush-time cascades
[DEBUG] 2020-02-17 10:54:44.445 [main] AbstractFlushingEventListener - Dirty checking collections
[DEBUG] 2020-02-17 10:54:44.445 [main] AbstractFlushingEventListener - Flushed: 0 insertions, 0 updates, 0 deletions to 1 objects
[DEBUG] 2020-02-17 10:54:44.445 [main] AbstractFlushingEventListener - Flushed: 0 (re)creations, 0 updates, 0 removals to 0 collections
[DEBUG] 2020-02-17 10:54:44.453 [main] EntityPrinter - Listing entities:
[DEBUG] 2020-02-17 10:54:44.453 [main] EntityPrinter - User{password=newPassword, id=8, username=newUser}
[DEBUG] 2020-02-17 10:54:44.459 [main] LogicalConnectionManagedImpl - Initiating JDBC connection release from afterTransaction
[DEBUG] 2020-02-17 10:54:44.460 [main] LogicalConnectionManagedImpl - Initiating JDBC connection release from afterTransaction
[DEBUG] 2020-02-17 10:54:44.460 [main] CriteriaQueryImpl - Rendered criteria query -> select generatedAlias0 from User as generatedAlias0
[DEBUG] 2020-02-17 10:54:44.461 [main] SQL - select user0_.id as id1_0_, user0_.password as password2_0_, user0_.username as username3_0_ from user user0_
[DEBUG] 2020-02-17 10:54:44.465 [main] Loader - Result set row: 0
[DEBUG] 2020-02-17 10:54:44.465 [main] Loader - Result row: EntityKey[User#1]
[DEBUG] 2020-02-17 10:54:44.465 [main] Loader - Result set row: 1
[DEBUG] 2020-02-17 10:54:44.465 [main] Loader - Result row: EntityKey[User#2]
[DEBUG] 2020-02-17 10:54:44.466 [main] Loader - Result set row: 2
[DEBUG] 2020-02-17 10:54:44.466 [main] Loader - Result row: EntityKey[User#3]
[DEBUG] 2020-02-17 10:54:44.466 [main] Loader - Result set row: 3
[DEBUG] 2020-02-17 10:54:44.466 [main] Loader - Result row: EntityKey[User#4]
[DEBUG] 2020-02-17 10:54:44.466 [main] Loader - Result set row: 4
[DEBUG] 2020-02-17 10:54:44.466 [main] Loader - Result row: EntityKey[User#5]
[DEBUG] 2020-02-17 10:54:44.467 [main] Loader - Result set row: 5
[DEBUG] 2020-02-17 10:54:44.467 [main] Loader - Result row: EntityKey[User#8]
[DEBUG] 2020-02-17 10:54:44.467 [main] TwoPhaseLoad - Resolving attributes for [User#1]
[DEBUG] 2020-02-17 10:54:44.467 [main] TwoPhaseLoad - Processing attribute `password` : value = notPassword
[DEBUG] 2020-02-17 10:54:44.467 [main] TwoPhaseLoad - Attribute (`password`)  - enhanced for lazy-loading? - false
[DEBUG] 2020-02-17 10:54:44.467 [main] TwoPhaseLoad - Processing attribute `username` : value = notAdmin
[DEBUG] 2020-02-17 10:54:44.467 [main] TwoPhaseLoad - Attribute (`username`)  - enhanced for lazy-loading? - false
[DEBUG] 2020-02-17 10:54:44.467 [main] TwoPhaseLoad - Done materializing entity [User#1]
[DEBUG] 2020-02-17 10:54:44.467 [main] TwoPhaseLoad - Resolving attributes for [User#2]
[DEBUG] 2020-02-17 10:54:44.467 [main] TwoPhaseLoad - Processing attribute `password` : value = password
[DEBUG] 2020-02-17 10:54:44.467 [main] TwoPhaseLoad - Attribute (`password`)  - enhanced for lazy-loading? - false
[DEBUG] 2020-02-17 10:54:44.467 [main] TwoPhaseLoad - Processing attribute `username` : value = admin
[DEBUG] 2020-02-17 10:54:44.467 [main] TwoPhaseLoad - Attribute (`username`)  - enhanced for lazy-loading? - false
[DEBUG] 2020-02-17 10:54:44.467 [main] TwoPhaseLoad - Done materializing entity [User#2]
[DEBUG] 2020-02-17 10:54:44.467 [main] TwoPhaseLoad - Resolving attributes for [User#3]
[DEBUG] 2020-02-17 10:54:44.467 [main] TwoPhaseLoad - Processing attribute `password` : value = secure
[DEBUG] 2020-02-17 10:54:44.467 [main] TwoPhaseLoad - Attribute (`password`)  - enhanced for lazy-loading? - false
[DEBUG] 2020-02-17 10:54:44.467 [main] TwoPhaseLoad - Processing attribute `username` : value = user
[DEBUG] 2020-02-17 10:54:44.467 [main] TwoPhaseLoad - Attribute (`username`)  - enhanced for lazy-loading? - false
[DEBUG] 2020-02-17 10:54:44.467 [main] TwoPhaseLoad - Done materializing entity [User#3]
[DEBUG] 2020-02-17 10:54:44.467 [main] TwoPhaseLoad - Resolving attributes for [User#4]
[DEBUG] 2020-02-17 10:54:44.467 [main] TwoPhaseLoad - Processing attribute `password` : value = password2
[DEBUG] 2020-02-17 10:54:44.467 [main] TwoPhaseLoad - Attribute (`password`)  - enhanced for lazy-loading? - false
[DEBUG] 2020-02-17 10:54:44.467 [main] TwoPhaseLoad - Processing attribute `username` : value = user2
[DEBUG] 2020-02-17 10:54:44.467 [main] TwoPhaseLoad - Attribute (`username`)  - enhanced for lazy-loading? - false
[DEBUG] 2020-02-17 10:54:44.468 [main] TwoPhaseLoad - Done materializing entity [User#4]
[DEBUG] 2020-02-17 10:54:44.468 [main] TwoPhaseLoad - Resolving attributes for [User#5]
[DEBUG] 2020-02-17 10:54:44.468 [main] TwoPhaseLoad - Processing attribute `password` : value = me
[DEBUG] 2020-02-17 10:54:44.468 [main] TwoPhaseLoad - Attribute (`password`)  - enhanced for lazy-loading? - false
[DEBUG] 2020-02-17 10:54:44.468 [main] TwoPhaseLoad - Processing attribute `username` : value = encrypt
[DEBUG] 2020-02-17 10:54:44.468 [main] TwoPhaseLoad - Attribute (`username`)  - enhanced for lazy-loading? - false
[DEBUG] 2020-02-17 10:54:44.468 [main] TwoPhaseLoad - Done materializing entity [User#5]
[DEBUG] 2020-02-17 10:54:44.468 [main] TwoPhaseLoad - Resolving attributes for [User#8]
[DEBUG] 2020-02-17 10:54:44.468 [main] TwoPhaseLoad - Processing attribute `password` : value = newPassword
[DEBUG] 2020-02-17 10:54:44.468 [main] TwoPhaseLoad - Attribute (`password`)  - enhanced for lazy-loading? - false
[DEBUG] 2020-02-17 10:54:44.468 [main] TwoPhaseLoad - Processing attribute `username` : value = newUser
[DEBUG] 2020-02-17 10:54:44.468 [main] TwoPhaseLoad - Attribute (`username`)  - enhanced for lazy-loading? - false
[DEBUG] 2020-02-17 10:54:44.468 [main] TwoPhaseLoad - Done materializing entity [User#8]
[DEBUG] 2020-02-17 10:54:44.468 [main] LogicalConnectionManagedImpl - Initiating JDBC connection release from afterTransaction
[DEBUG] 2020-02-17 10:54:44.510 [main] SQL - select user0_.id as id1_0_0_, user0_.password as password2_0_0_, user0_.username as username3_0_0_ from user user0_ where user0_.id=?
[DEBUG] 2020-02-17 10:54:44.513 [main] ResultSetProcessorImpl - Starting ResultSet row #0
[DEBUG] 2020-02-17 10:54:44.513 [main] EntityReferenceInitializerImpl - On call to EntityIdentifierReaderImpl#resolve, EntityKey was already known; should only happen on root returns with an optional identifier specified
[DEBUG] 2020-02-17 10:54:44.514 [main] TwoPhaseLoad - Resolving attributes for [User#1]
[DEBUG] 2020-02-17 10:54:44.514 [main] TwoPhaseLoad - Processing attribute `password` : value = notPassword
[DEBUG] 2020-02-17 10:54:44.514 [main] TwoPhaseLoad - Attribute (`password`)  - enhanced for lazy-loading? - false
[DEBUG] 2020-02-17 10:54:44.514 [main] TwoPhaseLoad - Processing attribute `username` : value = notAdmin
[DEBUG] 2020-02-17 10:54:44.514 [main] TwoPhaseLoad - Attribute (`username`)  - enhanced for lazy-loading? - false
[DEBUG] 2020-02-17 10:54:44.514 [main] TwoPhaseLoad - Done materializing entity [User#1]
[DEBUG] 2020-02-17 10:54:44.514 [main] ResourceRegistryStandardImpl - HHH000387: ResultSet's statement was not registered
[DEBUG] 2020-02-17 10:54:44.515 [main] AbstractLoadPlanBasedEntityLoader - Done entity load : User#1
[DEBUG] 2020-02-17 10:54:44.525 [main] LogicalConnectionManagedImpl - Initiating JDBC connection release from afterTransaction
[DEBUG] 2020-02-17 10:54:44.578 [main] SQL - select user0_.id as id1_0_0_, user0_.password as password2_0_0_, user0_.username as username3_0_0_ from user user0_ where user0_.id=?
[DEBUG] 2020-02-17 10:54:44.579 [main] ResultSetProcessorImpl - Starting ResultSet row #0
[DEBUG] 2020-02-17 10:54:44.579 [main] EntityReferenceInitializerImpl - On call to EntityIdentifierReaderImpl#resolve, EntityKey was already known; should only happen on root returns with an optional identifier specified
[DEBUG] 2020-02-17 10:54:44.580 [main] TwoPhaseLoad - Resolving attributes for [User#1]
[DEBUG] 2020-02-17 10:54:44.580 [main] TwoPhaseLoad - Processing attribute `password` : value = notPassword
[DEBUG] 2020-02-17 10:54:44.580 [main] TwoPhaseLoad - Attribute (`password`)  - enhanced for lazy-loading? - false
[DEBUG] 2020-02-17 10:54:44.580 [main] TwoPhaseLoad - Processing attribute `username` : value = notAdmin
[DEBUG] 2020-02-17 10:54:44.580 [main] TwoPhaseLoad - Attribute (`username`)  - enhanced for lazy-loading? - false
[DEBUG] 2020-02-17 10:54:44.580 [main] TwoPhaseLoad - Done materializing entity [User#1]
[DEBUG] 2020-02-17 10:54:44.580 [main] ResourceRegistryStandardImpl - HHH000387: ResultSet's statement was not registered
[DEBUG] 2020-02-17 10:54:44.580 [main] AbstractLoadPlanBasedEntityLoader - Done entity load : User#1
[DEBUG] 2020-02-17 10:54:44.580 [main] LogicalConnectionManagedImpl - Initiating JDBC connection release from afterTransaction
[DEBUG] 2020-02-17 10:54:44.581 [main] TransactionImpl - On TransactionImpl creation, JpaCompliance#isJpaTransactionComplianceEnabled == false
[DEBUG] 2020-02-17 10:54:44.581 [main] TransactionImpl - begin
[DEBUG] 2020-02-17 10:54:44.584 [main] TransactionImpl - committing
[DEBUG] 2020-02-17 10:54:44.584 [main] AbstractFlushingEventListener - Processing flush-time cascades
[DEBUG] 2020-02-17 10:54:44.584 [main] AbstractFlushingEventListener - Dirty checking collections
[DEBUG] 2020-02-17 10:54:44.584 [main] AbstractFlushingEventListener - Flushed: 0 insertions, 1 updates, 0 deletions to 1 objects
[DEBUG] 2020-02-17 10:54:44.584 [main] AbstractFlushingEventListener - Flushed: 0 (re)creations, 0 updates, 0 removals to 0 collections
[DEBUG] 2020-02-17 10:54:44.585 [main] EntityPrinter - Listing entities:
[DEBUG] 2020-02-17 10:54:44.585 [main] EntityPrinter - User{password=notPassword, id=1, username=resetUsername}
[DEBUG] 2020-02-17 10:54:44.585 [main] SQL - update user set password=?, username=? where id=?
[DEBUG] 2020-02-17 10:54:44.590 [main] LogicalConnectionManagedImpl - Initiating JDBC connection release from afterTransaction
[DEBUG] 2020-02-17 10:54:44.594 [main] LogicalConnectionManagedImpl - Initiating JDBC connection release from afterTransaction
[DEBUG] 2020-02-17 10:54:44.594 [main] SQL - select user0_.id as id1_0_0_, user0_.password as password2_0_0_, user0_.username as username3_0_0_ from user user0_ where user0_.id=?
[DEBUG] 2020-02-17 10:54:44.599 [main] ResultSetProcessorImpl - Starting ResultSet row #0
[DEBUG] 2020-02-17 10:54:44.599 [main] EntityReferenceInitializerImpl - On call to EntityIdentifierReaderImpl#resolve, EntityKey was already known; should only happen on root returns with an optional identifier specified
[DEBUG] 2020-02-17 10:54:44.599 [main] TwoPhaseLoad - Resolving attributes for [User#1]
[DEBUG] 2020-02-17 10:54:44.599 [main] TwoPhaseLoad - Processing attribute `password` : value = notPassword
[DEBUG] 2020-02-17 10:54:44.599 [main] TwoPhaseLoad - Attribute (`password`)  - enhanced for lazy-loading? - false
[DEBUG] 2020-02-17 10:54:44.599 [main] TwoPhaseLoad - Processing attribute `username` : value = resetUsername
[DEBUG] 2020-02-17 10:54:44.599 [main] TwoPhaseLoad - Attribute (`username`)  - enhanced for lazy-loading? - false
[DEBUG] 2020-02-17 10:54:44.599 [main] TwoPhaseLoad - Done materializing entity [User#1]
[DEBUG] 2020-02-17 10:54:44.599 [main] ResourceRegistryStandardImpl - HHH000387: ResultSet's statement was not registered
[DEBUG] 2020-02-17 10:54:44.600 [main] AbstractLoadPlanBasedEntityLoader - Done entity load : User#1
[DEBUG] 2020-02-17 10:54:44.600 [main] LogicalConnectionManagedImpl - Initiating JDBC connection release from afterTransaction
