[DEBUG] 2020-02-17 12:52:54.288 [main] IntegratorServiceImpl - Adding Integrator [org.hibernate.cfg.beanvalidation.BeanValidationIntegrator].
[DEBUG] 2020-02-17 12:52:54.290 [main] IntegratorServiceImpl - Adding Integrator [org.hibernate.secure.spi.JaccIntegrator].
[DEBUG] 2020-02-17 12:52:54.296 [main] IntegratorServiceImpl - Adding Integrator [org.hibernate.cache.internal.CollectionCacheInvalidator].
[INFO ] 2020-02-17 12:52:54.368 [main] Version - HHH000412: Hibernate Core {5.4.4.Final}
[DEBUG] 2020-02-17 12:52:54.370 [main] Environment - HHH000206: hibernate.properties not found
[DEBUG] 2020-02-17 12:52:54.557 [main] JaxbCfgProcessor - cfg.xml document did not define namespaces; wrapping in custom event reader to introduce namespace information
[DEBUG] 2020-02-17 12:52:54.802 [main] ServiceBinding - Overriding existing service binding [org.hibernate.secure.spi.JaccService]
[DEBUG] 2020-02-17 12:52:54.821 [main] RegionFactoryInitiator - Cannot default RegionFactory based on registered strategies as `[]` RegionFactory strategies were registered
[DEBUG] 2020-02-17 12:52:54.822 [main] RegionFactoryInitiator - Cache region factory : org.hibernate.cache.internal.NoCachingRegionFactory
[INFO ] 2020-02-17 12:52:54.840 [main] Version - HCANN000001: Hibernate Commons Annotations {5.1.0.Final}
[DEBUG] 2020-02-17 12:52:54.875 [main] BasicTypeRegistry - Adding type registration boolean -> org.hibernate.type.BooleanType@1846579f
[DEBUG] 2020-02-17 12:52:54.875 [main] BasicTypeRegistry - Adding type registration boolean -> org.hibernate.type.BooleanType@1846579f
[DEBUG] 2020-02-17 12:52:54.875 [main] BasicTypeRegistry - Adding type registration java.lang.Boolean -> org.hibernate.type.BooleanType@1846579f
[DEBUG] 2020-02-17 12:52:54.875 [main] BasicTypeRegistry - Adding type registration numeric_boolean -> org.hibernate.type.NumericBooleanType@5fac521d
[DEBUG] 2020-02-17 12:52:54.876 [main] BasicTypeRegistry - Adding type registration true_false -> org.hibernate.type.TrueFalseType@3abfe845
[DEBUG] 2020-02-17 12:52:54.876 [main] BasicTypeRegistry - Adding type registration yes_no -> org.hibernate.type.YesNoType@7f08caf
[DEBUG] 2020-02-17 12:52:54.877 [main] BasicTypeRegistry - Adding type registration byte -> org.hibernate.type.ByteType@40e60ece
[DEBUG] 2020-02-17 12:52:54.877 [main] BasicTypeRegistry - Adding type registration byte -> org.hibernate.type.ByteType@40e60ece
[DEBUG] 2020-02-17 12:52:54.880 [main] BasicTypeRegistry - Adding type registration java.lang.Byte -> org.hibernate.type.ByteType@40e60ece
[DEBUG] 2020-02-17 12:52:54.880 [main] BasicTypeRegistry - Adding type registration character -> org.hibernate.type.CharacterType@4893b344
[DEBUG] 2020-02-17 12:52:54.880 [main] BasicTypeRegistry - Adding type registration char -> org.hibernate.type.CharacterType@4893b344
[DEBUG] 2020-02-17 12:52:54.881 [main] BasicTypeRegistry - Adding type registration java.lang.Character -> org.hibernate.type.CharacterType@4893b344
[DEBUG] 2020-02-17 12:52:54.883 [main] BasicTypeRegistry - Adding type registration short -> org.hibernate.type.ShortType@51b35e4e
[DEBUG] 2020-02-17 12:52:54.884 [main] BasicTypeRegistry - Adding type registration short -> org.hibernate.type.ShortType@51b35e4e
[DEBUG] 2020-02-17 12:52:54.884 [main] BasicTypeRegistry - Adding type registration java.lang.Short -> org.hibernate.type.ShortType@51b35e4e
[DEBUG] 2020-02-17 12:52:54.885 [main] BasicTypeRegistry - Adding type registration integer -> org.hibernate.type.IntegerType@62db0521
[DEBUG] 2020-02-17 12:52:54.885 [main] BasicTypeRegistry - Adding type registration int -> org.hibernate.type.IntegerType@62db0521
[DEBUG] 2020-02-17 12:52:54.885 [main] BasicTypeRegistry - Adding type registration java.lang.Integer -> org.hibernate.type.IntegerType@62db0521
[DEBUG] 2020-02-17 12:52:54.886 [main] BasicTypeRegistry - Adding type registration long -> org.hibernate.type.LongType@7be3a9ce
[DEBUG] 2020-02-17 12:52:54.887 [main] BasicTypeRegistry - Adding type registration long -> org.hibernate.type.LongType@7be3a9ce
[DEBUG] 2020-02-17 12:52:54.887 [main] BasicTypeRegistry - Adding type registration java.lang.Long -> org.hibernate.type.LongType@7be3a9ce
[DEBUG] 2020-02-17 12:52:54.887 [main] BasicTypeRegistry - Adding type registration float -> org.hibernate.type.FloatType@2b59501e
[DEBUG] 2020-02-17 12:52:54.888 [main] BasicTypeRegistry - Adding type registration float -> org.hibernate.type.FloatType@2b59501e
[DEBUG] 2020-02-17 12:52:54.888 [main] BasicTypeRegistry - Adding type registration java.lang.Float -> org.hibernate.type.FloatType@2b59501e
[DEBUG] 2020-02-17 12:52:54.889 [main] BasicTypeRegistry - Adding type registration double -> org.hibernate.type.DoubleType@153cd6bb
[DEBUG] 2020-02-17 12:52:54.890 [main] BasicTypeRegistry - Adding type registration double -> org.hibernate.type.DoubleType@153cd6bb
[DEBUG] 2020-02-17 12:52:54.890 [main] BasicTypeRegistry - Adding type registration java.lang.Double -> org.hibernate.type.DoubleType@153cd6bb
[DEBUG] 2020-02-17 12:52:54.890 [main] BasicTypeRegistry - Adding type registration big_decimal -> org.hibernate.type.BigDecimalType@6428591a
[DEBUG] 2020-02-17 12:52:54.890 [main] BasicTypeRegistry - Adding type registration java.math.BigDecimal -> org.hibernate.type.BigDecimalType@6428591a
[DEBUG] 2020-02-17 12:52:54.891 [main] BasicTypeRegistry - Adding type registration big_integer -> org.hibernate.type.BigIntegerType@1d540566
[DEBUG] 2020-02-17 12:52:54.891 [main] BasicTypeRegistry - Adding type registration java.math.BigInteger -> org.hibernate.type.BigIntegerType@1d540566
[DEBUG] 2020-02-17 12:52:54.892 [main] BasicTypeRegistry - Adding type registration string -> org.hibernate.type.StringType@28c86134
[DEBUG] 2020-02-17 12:52:54.892 [main] BasicTypeRegistry - Adding type registration java.lang.String -> org.hibernate.type.StringType@28c86134
[DEBUG] 2020-02-17 12:52:54.893 [main] BasicTypeRegistry - Adding type registration nstring -> org.hibernate.type.StringNVarcharType@5c1f6d57
[DEBUG] 2020-02-17 12:52:54.893 [main] BasicTypeRegistry - Adding type registration ncharacter -> org.hibernate.type.CharacterNCharType@5cb5bb88
[DEBUG] 2020-02-17 12:52:54.894 [main] BasicTypeRegistry - Adding type registration url -> org.hibernate.type.UrlType@3a01773b
[DEBUG] 2020-02-17 12:52:54.894 [main] BasicTypeRegistry - Adding type registration java.net.URL -> org.hibernate.type.UrlType@3a01773b
[DEBUG] 2020-02-17 12:52:54.895 [main] BasicTypeRegistry - Adding type registration Duration -> org.hibernate.type.DurationType@472698d
[DEBUG] 2020-02-17 12:52:54.896 [main] BasicTypeRegistry - Adding type registration java.time.Duration -> org.hibernate.type.DurationType@472698d
[DEBUG] 2020-02-17 12:52:54.922 [main] BasicTypeRegistry - Adding type registration Instant -> org.hibernate.type.InstantType@288214b1
[DEBUG] 2020-02-17 12:52:54.922 [main] BasicTypeRegistry - Adding type registration java.time.Instant -> org.hibernate.type.InstantType@288214b1
[DEBUG] 2020-02-17 12:52:54.925 [main] BasicTypeRegistry - Adding type registration LocalDateTime -> org.hibernate.type.LocalDateTimeType@58cf8f94
[DEBUG] 2020-02-17 12:52:54.925 [main] BasicTypeRegistry - Adding type registration java.time.LocalDateTime -> org.hibernate.type.LocalDateTimeType@58cf8f94
[DEBUG] 2020-02-17 12:52:54.926 [main] BasicTypeRegistry - Adding type registration LocalDate -> org.hibernate.type.LocalDateType@fabb651
[DEBUG] 2020-02-17 12:52:54.926 [main] BasicTypeRegistry - Adding type registration java.time.LocalDate -> org.hibernate.type.LocalDateType@fabb651
[DEBUG] 2020-02-17 12:52:54.927 [main] BasicTypeRegistry - Adding type registration LocalTime -> org.hibernate.type.LocalTimeType@3872bc37
[DEBUG] 2020-02-17 12:52:54.927 [main] BasicTypeRegistry - Adding type registration java.time.LocalTime -> org.hibernate.type.LocalTimeType@3872bc37
[DEBUG] 2020-02-17 12:52:54.929 [main] BasicTypeRegistry - Adding type registration OffsetDateTime -> org.hibernate.type.OffsetDateTimeType@6c518474
[DEBUG] 2020-02-17 12:52:54.929 [main] BasicTypeRegistry - Adding type registration java.time.OffsetDateTime -> org.hibernate.type.OffsetDateTimeType@6c518474
[DEBUG] 2020-02-17 12:52:54.931 [main] BasicTypeRegistry - Adding type registration OffsetTime -> org.hibernate.type.OffsetTimeType@9e2ad91
[DEBUG] 2020-02-17 12:52:54.931 [main] BasicTypeRegistry - Adding type registration java.time.OffsetTime -> org.hibernate.type.OffsetTimeType@9e2ad91
[DEBUG] 2020-02-17 12:52:54.932 [main] BasicTypeRegistry - Adding type registration ZonedDateTime -> org.hibernate.type.ZonedDateTimeType@74dbb1ee
[DEBUG] 2020-02-17 12:52:54.932 [main] BasicTypeRegistry - Adding type registration java.time.ZonedDateTime -> org.hibernate.type.ZonedDateTimeType@74dbb1ee
[DEBUG] 2020-02-17 12:52:54.933 [main] BasicTypeRegistry - Adding type registration date -> org.hibernate.type.DateType@4867ab9f
[DEBUG] 2020-02-17 12:52:54.933 [main] BasicTypeRegistry - Adding type registration java.sql.Date -> org.hibernate.type.DateType@4867ab9f
[DEBUG] 2020-02-17 12:52:54.934 [main] BasicTypeRegistry - Adding type registration time -> org.hibernate.type.TimeType@38fc5554
[DEBUG] 2020-02-17 12:52:54.934 [main] BasicTypeRegistry - Adding type registration java.sql.Time -> org.hibernate.type.TimeType@38fc5554
[DEBUG] 2020-02-17 12:52:54.935 [main] BasicTypeRegistry - Adding type registration timestamp -> org.hibernate.type.TimestampType@222afc67
[DEBUG] 2020-02-17 12:52:54.936 [main] BasicTypeRegistry - Adding type registration java.sql.Timestamp -> org.hibernate.type.TimestampType@222afc67
[DEBUG] 2020-02-17 12:52:54.936 [main] BasicTypeRegistry - Adding type registration java.util.Date -> org.hibernate.type.TimestampType@222afc67
[DEBUG] 2020-02-17 12:52:54.937 [main] BasicTypeRegistry - Adding type registration dbtimestamp -> org.hibernate.type.DbTimestampType@149debbb
[DEBUG] 2020-02-17 12:52:54.939 [main] BasicTypeRegistry - Adding type registration calendar -> org.hibernate.type.CalendarType@43b40233
[DEBUG] 2020-02-17 12:52:54.939 [main] BasicTypeRegistry - Adding type registration java.util.Calendar -> org.hibernate.type.CalendarType@43b40233
[DEBUG] 2020-02-17 12:52:54.939 [main] BasicTypeRegistry - Adding type registration java.util.GregorianCalendar -> org.hibernate.type.CalendarType@43b40233
[DEBUG] 2020-02-17 12:52:54.940 [main] BasicTypeRegistry - Adding type registration calendar_date -> org.hibernate.type.CalendarDateType@7d199c68
[DEBUG] 2020-02-17 12:52:54.942 [main] BasicTypeRegistry - Adding type registration locale -> org.hibernate.type.LocaleType@5633dafd
[DEBUG] 2020-02-17 12:52:54.942 [main] BasicTypeRegistry - Adding type registration java.util.Locale -> org.hibernate.type.LocaleType@5633dafd
[DEBUG] 2020-02-17 12:52:54.944 [main] BasicTypeRegistry - Adding type registration currency -> org.hibernate.type.CurrencyType@408e96d9
[DEBUG] 2020-02-17 12:52:54.945 [main] BasicTypeRegistry - Adding type registration java.util.Currency -> org.hibernate.type.CurrencyType@408e96d9
[DEBUG] 2020-02-17 12:52:54.945 [main] BasicTypeRegistry - Adding type registration timezone -> org.hibernate.type.TimeZoneType@71ad3d8a
[DEBUG] 2020-02-17 12:52:54.946 [main] BasicTypeRegistry - Adding type registration java.util.TimeZone -> org.hibernate.type.TimeZoneType@71ad3d8a
[DEBUG] 2020-02-17 12:52:54.947 [main] BasicTypeRegistry - Adding type registration class -> org.hibernate.type.ClassType@3724b43e
[DEBUG] 2020-02-17 12:52:54.947 [main] BasicTypeRegistry - Adding type registration java.lang.Class -> org.hibernate.type.ClassType@3724b43e
[DEBUG] 2020-02-17 12:52:54.948 [main] BasicTypeRegistry - Adding type registration uuid-binary -> org.hibernate.type.UUIDBinaryType@81b5db0
[DEBUG] 2020-02-17 12:52:54.949 [main] BasicTypeRegistry - Adding type registration java.util.UUID -> org.hibernate.type.UUIDBinaryType@81b5db0
[DEBUG] 2020-02-17 12:52:54.949 [main] BasicTypeRegistry - Adding type registration uuid-char -> org.hibernate.type.UUIDCharType@4b3fe06e
[DEBUG] 2020-02-17 12:52:54.950 [main] BasicTypeRegistry - Adding type registration binary -> org.hibernate.type.BinaryType@6778aea6
[DEBUG] 2020-02-17 12:52:54.950 [main] BasicTypeRegistry - Adding type registration byte[] -> org.hibernate.type.BinaryType@6778aea6
[DEBUG] 2020-02-17 12:52:54.950 [main] BasicTypeRegistry - Adding type registration [B -> org.hibernate.type.BinaryType@6778aea6
[DEBUG] 2020-02-17 12:52:54.954 [main] BasicTypeRegistry - Adding type registration wrapper-binary -> org.hibernate.type.WrapperBinaryType@332820f4
[DEBUG] 2020-02-17 12:52:54.954 [main] BasicTypeRegistry - Adding type registration Byte[] -> org.hibernate.type.WrapperBinaryType@332820f4
[DEBUG] 2020-02-17 12:52:54.954 [main] BasicTypeRegistry - Adding type registration [Ljava.lang.Byte; -> org.hibernate.type.WrapperBinaryType@332820f4
[DEBUG] 2020-02-17 12:52:54.955 [main] BasicTypeRegistry - Adding type registration row_version -> org.hibernate.type.RowVersionType@84487f4
[DEBUG] 2020-02-17 12:52:54.955 [main] BasicTypeRegistry - Adding type registration image -> org.hibernate.type.ImageType@1290c49
[DEBUG] 2020-02-17 12:52:54.956 [main] BasicTypeRegistry - Adding type registration characters -> org.hibernate.type.CharArrayType@6ba7383d
[DEBUG] 2020-02-17 12:52:54.956 [main] BasicTypeRegistry - Adding type registration char[] -> org.hibernate.type.CharArrayType@6ba7383d
[DEBUG] 2020-02-17 12:52:54.956 [main] BasicTypeRegistry - Adding type registration [C -> org.hibernate.type.CharArrayType@6ba7383d
[DEBUG] 2020-02-17 12:52:54.957 [main] BasicTypeRegistry - Adding type registration wrapper-characters -> org.hibernate.type.CharacterArrayType@1b9776f5
[DEBUG] 2020-02-17 12:52:54.957 [main] BasicTypeRegistry - Adding type registration [Ljava.lang.Character; -> org.hibernate.type.CharacterArrayType@1b9776f5
[DEBUG] 2020-02-17 12:52:54.957 [main] BasicTypeRegistry - Adding type registration Character[] -> org.hibernate.type.CharacterArrayType@1b9776f5
[DEBUG] 2020-02-17 12:52:54.958 [main] BasicTypeRegistry - Adding type registration text -> org.hibernate.type.TextType@1dd7796b
[DEBUG] 2020-02-17 12:52:54.958 [main] BasicTypeRegistry - Adding type registration ntext -> org.hibernate.type.NTextType@702b06fb
[DEBUG] 2020-02-17 12:52:54.959 [main] BasicTypeRegistry - Adding type registration blob -> org.hibernate.type.BlobType@10f19647
[DEBUG] 2020-02-17 12:52:54.959 [main] BasicTypeRegistry - Adding type registration java.sql.Blob -> org.hibernate.type.BlobType@10f19647
[DEBUG] 2020-02-17 12:52:54.959 [main] BasicTypeRegistry - Adding type registration materialized_blob -> org.hibernate.type.MaterializedBlobType@12d1f1d4
[DEBUG] 2020-02-17 12:52:54.960 [main] BasicTypeRegistry - Adding type registration clob -> org.hibernate.type.ClobType@59d77850
[DEBUG] 2020-02-17 12:52:54.960 [main] BasicTypeRegistry - Adding type registration java.sql.Clob -> org.hibernate.type.ClobType@59d77850
[DEBUG] 2020-02-17 12:52:54.961 [main] BasicTypeRegistry - Adding type registration nclob -> org.hibernate.type.NClobType@8a2a6a
[DEBUG] 2020-02-17 12:52:54.961 [main] BasicTypeRegistry - Adding type registration java.sql.NClob -> org.hibernate.type.NClobType@8a2a6a
[DEBUG] 2020-02-17 12:52:54.961 [main] BasicTypeRegistry - Adding type registration materialized_clob -> org.hibernate.type.MaterializedClobType@481e91b6
[DEBUG] 2020-02-17 12:52:54.962 [main] BasicTypeRegistry - Adding type registration materialized_nclob -> org.hibernate.type.MaterializedNClobType@10bea4
[DEBUG] 2020-02-17 12:52:54.963 [main] BasicTypeRegistry - Adding type registration serializable -> org.hibernate.type.SerializableType@65c86db8
[DEBUG] 2020-02-17 12:52:54.965 [main] BasicTypeRegistry - Adding type registration object -> org.hibernate.type.ObjectType@6c15e8c7
[DEBUG] 2020-02-17 12:52:54.965 [main] BasicTypeRegistry - Adding type registration java.lang.Object -> org.hibernate.type.ObjectType@6c15e8c7
[DEBUG] 2020-02-17 12:52:54.965 [main] BasicTypeRegistry - Adding type registration imm_date -> org.hibernate.type.AdaptedImmutableType@282ffbf5
[DEBUG] 2020-02-17 12:52:54.965 [main] BasicTypeRegistry - Adding type registration imm_time -> org.hibernate.type.AdaptedImmutableType@3e104d4b
[DEBUG] 2020-02-17 12:52:54.965 [main] BasicTypeRegistry - Adding type registration imm_timestamp -> org.hibernate.type.AdaptedImmutableType@55e2fe3c
[DEBUG] 2020-02-17 12:52:54.966 [main] BasicTypeRegistry - Adding type registration imm_dbtimestamp -> org.hibernate.type.AdaptedImmutableType@45e1aa48
[DEBUG] 2020-02-17 12:52:54.966 [main] BasicTypeRegistry - Adding type registration imm_calendar -> org.hibernate.type.AdaptedImmutableType@12c60152
[DEBUG] 2020-02-17 12:52:54.966 [main] BasicTypeRegistry - Adding type registration imm_calendar_date -> org.hibernate.type.AdaptedImmutableType@2e807c54
[DEBUG] 2020-02-17 12:52:54.966 [main] BasicTypeRegistry - Adding type registration imm_binary -> org.hibernate.type.AdaptedImmutableType@6cd164a6
[DEBUG] 2020-02-17 12:52:54.966 [main] BasicTypeRegistry - Adding type registration imm_serializable -> org.hibernate.type.AdaptedImmutableType@242a209e
[DEBUG] 2020-02-17 12:52:54.993 [main] DefaultIdentifierGeneratorFactory - Registering IdentifierGenerator strategy [uuid2] -> [org.hibernate.id.UUIDGenerator]
[DEBUG] 2020-02-17 12:52:54.994 [main] DefaultIdentifierGeneratorFactory - Registering IdentifierGenerator strategy [guid] -> [org.hibernate.id.GUIDGenerator]
[DEBUG] 2020-02-17 12:52:54.994 [main] DefaultIdentifierGeneratorFactory - Registering IdentifierGenerator strategy [uuid] -> [org.hibernate.id.UUIDHexGenerator]
[DEBUG] 2020-02-17 12:52:54.995 [main] DefaultIdentifierGeneratorFactory - Registering IdentifierGenerator strategy [uuid.hex] -> [org.hibernate.id.UUIDHexGenerator]
[DEBUG] 2020-02-17 12:52:54.995 [main] DefaultIdentifierGeneratorFactory - Registering IdentifierGenerator strategy [assigned] -> [org.hibernate.id.Assigned]
[DEBUG] 2020-02-17 12:52:54.998 [main] DefaultIdentifierGeneratorFactory - Registering IdentifierGenerator strategy [identity] -> [org.hibernate.id.IdentityGenerator]
[DEBUG] 2020-02-17 12:52:54.998 [main] DefaultIdentifierGeneratorFactory - Registering IdentifierGenerator strategy [select] -> [org.hibernate.id.SelectGenerator]
[DEBUG] 2020-02-17 12:52:54.999 [main] DefaultIdentifierGeneratorFactory - Registering IdentifierGenerator strategy [sequence] -> [org.hibernate.id.enhanced.SequenceStyleGenerator]
[DEBUG] 2020-02-17 12:52:55.000 [main] DefaultIdentifierGeneratorFactory - Registering IdentifierGenerator strategy [seqhilo] -> [org.hibernate.id.SequenceHiLoGenerator]
[DEBUG] 2020-02-17 12:52:55.001 [main] DefaultIdentifierGeneratorFactory - Registering IdentifierGenerator strategy [increment] -> [org.hibernate.id.IncrementGenerator]
[DEBUG] 2020-02-17 12:52:55.001 [main] DefaultIdentifierGeneratorFactory - Registering IdentifierGenerator strategy [foreign] -> [org.hibernate.id.ForeignGenerator]
[DEBUG] 2020-02-17 12:52:55.001 [main] DefaultIdentifierGeneratorFactory - Registering IdentifierGenerator strategy [sequence-identity] -> [org.hibernate.id.SequenceIdentityGenerator]
[DEBUG] 2020-02-17 12:52:55.001 [main] DefaultIdentifierGeneratorFactory - Registering IdentifierGenerator strategy [enhanced-sequence] -> [org.hibernate.id.enhanced.SequenceStyleGenerator]
[DEBUG] 2020-02-17 12:52:55.002 [main] DefaultIdentifierGeneratorFactory - Registering IdentifierGenerator strategy [enhanced-table] -> [org.hibernate.id.enhanced.TableGenerator]
[INFO ] 2020-02-17 12:52:55.009 [main] C3P0ConnectionProvider - HHH010002: C3P0 using driver: com.mysql.cj.jdbc.Driver at URL: jdbc:mysql://localhost:3306/BookshelfBansheeTest
[INFO ] 2020-02-17 12:52:55.009 [main] C3P0ConnectionProvider - HHH10001001: Connection properties: {password=****, user=root}
[INFO ] 2020-02-17 12:52:55.009 [main] C3P0ConnectionProvider - HHH10001003: Autocommit mode: false
[INFO ] 2020-02-17 12:52:55.201 [main] C3P0ConnectionProvider - HHH10001007: JDBC isolation level: <unknown>
[DEBUG] 2020-02-17 12:52:55.414 [main] JdbcEnvironmentInitiator - Database ->
       name : MySQL
    version : 8.0.16
      major : 8
      minor : 0
[DEBUG] 2020-02-17 12:52:55.414 [main] JdbcEnvironmentInitiator - Driver ->
       name : MySQL Connector/J
    version : mysql-connector-java-8.0.16 (Revision: 34cbc6bc61f72836e26327537a432d6db7c77de6)
      major : 8
      minor : 0
[DEBUG] 2020-02-17 12:52:55.415 [main] JdbcEnvironmentInitiator - JDBC version : 4.2
[INFO ] 2020-02-17 12:52:55.457 [main] Dialect - HHH000400: Using dialect: org.hibernate.dialect.MySQL8Dialect
[DEBUG] 2020-02-17 12:52:55.469 [main] IdentifierHelperBuilder - JDBC driver metadata reported database stores quoted identifiers in more than one case
[DEBUG] 2020-02-17 12:52:55.487 [main] IdentifierHelperBuilder - IdentifierCaseStrategy for both quoted and unquoted identifiers was set to the same strategy [MIXED]; that will likely lead to problems in schema update and validation if using quoted identifiers
[DEBUG] 2020-02-17 12:52:55.513 [main] Namespace - Created database namespace [logicalName=Name{catalog=null, schema=null}, physicalName=Name{catalog=null, schema=null}]
[DEBUG] 2020-02-17 12:52:55.515 [main] TypeConfiguration$Scope - Scoping TypeConfiguration [org.hibernate.type.spi.TypeConfiguration@17947e6d] to MetadataBuildingContext [org.hibernate.boot.internal.MetadataBuildingContextRootImpl@2e17a321]
[DEBUG] 2020-02-17 12:52:55.542 [main] AnnotationMetadataSourceProcessorImpl - Encountered a non-categorized annotated class [com.bookshelfBanshee.entity.Role]; ignoring
[DEBUG] 2020-02-17 12:52:55.583 [main] AnnotationBinder - Binding entity from annotated class: com.bookshelfBanshee.entity.User
[DEBUG] 2020-02-17 12:52:55.604 [main] Ejb3Column - Binding column: Ejb3DiscriminatorColumn{logicalColumnName'DTYPE', discriminatorTypeName='string'}
[DEBUG] 2020-02-17 12:52:55.608 [main] EntityBinder - Import with entity name User
[DEBUG] 2020-02-17 12:52:55.610 [main] EntityBinder - Bind entity com.bookshelfBanshee.entity.User on table user
[DEBUG] 2020-02-17 12:52:55.626 [main] Ejb3Column - Binding column: Ejb3Column{table=org.hibernate.mapping.Table(user), mappingColumn=id, insertable=true, updatable=true, unique=false}
[DEBUG] 2020-02-17 12:52:55.628 [main] PropertyBinder - MetadataSourceProcessor property id with lazy=false
[DEBUG] 2020-02-17 12:52:55.629 [main] AbstractPropertyHolder - Attempting to locate auto-apply AttributeConverter for property [com.bookshelfBanshee.entity.User:id]
[DEBUG] 2020-02-17 12:52:55.630 [main] SimpleValueBinder - building SimpleValue for id
[DEBUG] 2020-02-17 12:52:55.632 [main] PropertyBinder - Building property id
[DEBUG] 2020-02-17 12:52:55.634 [main] BinderHelper - #makeIdGenerator(org.hibernate.mapping.SimpleValue([org.hibernate.mapping.Column(id)]), id, org.hibernate.id.enhanced.SequenceStyleGenerator, native, ...)
[DEBUG] 2020-02-17 12:52:55.635 [main] Ejb3Column - Binding column: Ejb3Column{table=org.hibernate.mapping.Table(user), mappingColumn=password, insertable=true, updatable=true, unique=false}
[DEBUG] 2020-02-17 12:52:55.635 [main] PropertyBinder - MetadataSourceProcessor property password with lazy=false
[DEBUG] 2020-02-17 12:52:55.635 [main] AbstractPropertyHolder - Attempting to locate auto-apply AttributeConverter for property [com.bookshelfBanshee.entity.User:password]
[DEBUG] 2020-02-17 12:52:55.635 [main] SimpleValueBinder - building SimpleValue for password
[DEBUG] 2020-02-17 12:52:55.635 [main] PropertyBinder - Building property password
[DEBUG] 2020-02-17 12:52:55.636 [main] Ejb3Column - Binding column: Ejb3Column{table=org.hibernate.mapping.Table(user), mappingColumn=username, insertable=true, updatable=true, unique=false}
[DEBUG] 2020-02-17 12:52:55.636 [main] PropertyBinder - MetadataSourceProcessor property username with lazy=false
[DEBUG] 2020-02-17 12:52:55.636 [main] AbstractPropertyHolder - Attempting to locate auto-apply AttributeConverter for property [com.bookshelfBanshee.entity.User:username]
[DEBUG] 2020-02-17 12:52:55.636 [main] SimpleValueBinder - building SimpleValue for username
[DEBUG] 2020-02-17 12:52:55.636 [main] PropertyBinder - Building property username
[DEBUG] 2020-02-17 12:52:55.637 [main] SimpleValueBinder - Starting fillSimpleValue for id
[DEBUG] 2020-02-17 12:52:55.638 [main] SimpleValueBinder - Starting fillSimpleValue for password
[DEBUG] 2020-02-17 12:52:55.638 [main] SimpleValueBinder - Starting fillSimpleValue for username
[DEBUG] 2020-02-17 12:52:55.638 [main] PrimaryKey - Forcing column [id] to be non-null as it is part of the primary key for table [user]
[DEBUG] 2020-02-17 12:52:55.662 [main] SessionFactoryImpl - Building session factory
[DEBUG] 2020-02-17 12:52:55.663 [main] Settings - SessionFactory name : null
[DEBUG] 2020-02-17 12:52:55.663 [main] Settings - Automatic flush during beforeCompletion(): enabled
[DEBUG] 2020-02-17 12:52:55.663 [main] Settings - Automatic session close at end of transaction: disabled
[DEBUG] 2020-02-17 12:52:55.663 [main] Settings - Statistics: disabled
[DEBUG] 2020-02-17 12:52:55.663 [main] Settings - Deleted entity synthetic identifier rollback: disabled
[DEBUG] 2020-02-17 12:52:55.663 [main] Settings - Default entity-mode: pojo
[DEBUG] 2020-02-17 12:52:55.663 [main] Settings - Check Nullability in Core (should be disabled when Bean Validation is on): enabled
[DEBUG] 2020-02-17 12:52:55.663 [main] Settings - Allow initialization of lazy state outside session : disabled
[DEBUG] 2020-02-17 12:52:55.664 [main] Settings - Using BatchFetchStyle : LEGACY
[DEBUG] 2020-02-17 12:52:55.664 [main] Settings - Default batch fetch size: -1
[DEBUG] 2020-02-17 12:52:55.664 [main] Settings - Maximum outer join fetch depth: 2
[DEBUG] 2020-02-17 12:52:55.664 [main] Settings - Default null ordering: NONE
[DEBUG] 2020-02-17 12:52:55.664 [main] Settings - Order SQL updates by primary key: disabled
[DEBUG] 2020-02-17 12:52:55.664 [main] Settings - Order SQL inserts for batching: disabled
[DEBUG] 2020-02-17 12:52:55.664 [main] Settings - multi-tenancy strategy : NONE
[DEBUG] 2020-02-17 12:52:55.664 [main] Settings - JTA Track by Thread: enabled
[DEBUG] 2020-02-17 12:52:55.664 [main] Settings - Query language substitutions: {}
[DEBUG] 2020-02-17 12:52:55.664 [main] Settings - Named query checking : enabled
[DEBUG] 2020-02-17 12:52:55.664 [main] Settings - Second-level cache: disabled
[DEBUG] 2020-02-17 12:52:55.664 [main] Settings - Second-level query cache: disabled
[DEBUG] 2020-02-17 12:52:55.664 [main] Settings - Second-level query cache factory: null
[DEBUG] 2020-02-17 12:52:55.664 [main] Settings - Second-level cache region prefix: null
[DEBUG] 2020-02-17 12:52:55.664 [main] Settings - Optimize second-level cache for minimal puts: disabled
[DEBUG] 2020-02-17 12:52:55.664 [main] Settings - Structured second-level cache entries: disabled
[DEBUG] 2020-02-17 12:52:55.664 [main] Settings - Second-level cache direct-reference entries: disabled
[DEBUG] 2020-02-17 12:52:55.664 [main] Settings - Automatic eviction of collection cache: disabled
[DEBUG] 2020-02-17 12:52:55.664 [main] Settings - JDBC batch size: 15
[DEBUG] 2020-02-17 12:52:55.664 [main] Settings - JDBC batch updates for versioned data: enabled
[DEBUG] 2020-02-17 12:52:55.664 [main] Settings - Scrollable result sets: enabled
[DEBUG] 2020-02-17 12:52:55.665 [main] Settings - Wrap result sets: disabled
[DEBUG] 2020-02-17 12:52:55.665 [main] Settings - JDBC3 getGeneratedKeys(): enabled
[DEBUG] 2020-02-17 12:52:55.665 [main] Settings - JDBC result set fetch size: null
[DEBUG] 2020-02-17 12:52:55.665 [main] Settings - Connection release mode: AFTER_TRANSACTION
[DEBUG] 2020-02-17 12:52:55.665 [main] Settings - Generate SQL with comments: disabled
[DEBUG] 2020-02-17 12:52:55.665 [main] Settings - JPA compliance - query : 
[DEBUG] 2020-02-17 12:52:55.665 [main] Settings - JPA compliance - closed-handling : 
[DEBUG] 2020-02-17 12:52:55.665 [main] Settings - JPA compliance - lists : 
[DEBUG] 2020-02-17 12:52:55.665 [main] Settings - JPA compliance - transactions : 
[INFO ] 2020-02-17 12:52:55.699 [main] beans - HHH10005002: No explicit CDI BeanManager reference was passed to Hibernate, but CDI is available on the Hibernate ClassLoader.
[DEBUG] 2020-02-17 12:52:55.710 [main] SessionFactoryImpl - Session factory constructed with filter configurations : {}
[DEBUG] 2020-02-17 12:52:55.711 [main] SessionFactoryImpl - Instantiating session factory with properties: {sun.desktop=gnome, awt.toolkit=sun.awt.X11.XToolkit, java.specification.version=11, sun.cpu.isalist=, hibernate.c3p0.idle_test_period=3000, sun.jnu.encoding=UTF-8, hibernate.c3p0.min_size=5, java.class.path=/home/student/IdeaProjects/bookshelfBanshee/target/test-classes:/home/student/IdeaProjects/bookshelfBanshee/target/classes:/home/student/.m2/repository/org/junit/platform/junit-platform-runner/1.0.0/junit-platform-runner-1.0.0.jar:/home/student/.m2/repository/org/apiguardian/apiguardian-api/1.0.0/apiguardian-api-1.0.0.jar:/home/student/.m2/repository/org/junit/platform/junit-platform-launcher/1.0.0/junit-platform-launcher-1.0.0.jar:/home/student/.m2/repository/org/junit/platform/junit-platform-suite-api/1.0.0/junit-platform-suite-api-1.0.0.jar:/home/student/.m2/repository/org/junit/platform/junit-platform-commons/1.0.0/junit-platform-commons-1.0.0.jar:/home/student/.m2/repository/org/junit/vintage/junit-vintage-engine/4.12.0/junit-vintage-engine-4.12.0.jar:/home/student/.m2/repository/org/junit/platform/junit-platform-engine/1.0.0/junit-platform-engine-1.0.0.jar:/home/student/.m2/repository/org/opentest4j/opentest4j/1.0.0/opentest4j-1.0.0.jar:/home/student/.m2/repository/org/junit/jupiter/junit-jupiter-engine/5.0.0/junit-jupiter-engine-5.0.0.jar:/home/student/.m2/repository/org/junit/jupiter/junit-jupiter-api/5.0.0/junit-jupiter-api-5.0.0.jar:/home/student/.m2/repository/junit/junit/4.12/junit-4.12.jar:/home/student/.m2/repository/org/hamcrest/hamcrest-core/1.3/hamcrest-core-1.3.jar:/home/student/.m2/repository/javax/javaee-web-api/7.0/javaee-web-api-7.0.jar:/home/student/.m2/repository/mysql/mysql-connector-java/8.0.16/mysql-connector-java-8.0.16.jar:/home/student/.m2/repository/com/google/protobuf/protobuf-java/3.6.1/protobuf-java-3.6.1.jar:/home/student/.m2/repository/jstl/jstl/1.2/jstl-1.2.jar:/home/student/.m2/repository/org/apache/logging/log4j/log4j-api/2.10.0/log4j-api-2.10.0.jar:/home/student/.m2/repository/org/apache/logging/log4j/log4j-core/2.10.0/log4j-core-2.10.0.jar:/home/student/.m2/repository/org/hibernate/hibernate-core/5.4.4.Final/hibernate-core-5.4.4.Final.jar:/home/student/.m2/repository/org/jboss/logging/jboss-logging/3.3.2.Final/jboss-logging-3.3.2.Final.jar:/home/student/.m2/repository/javax/persistence/javax.persistence-api/2.2/javax.persistence-api-2.2.jar:/home/student/.m2/repository/org/javassist/javassist/3.24.0-GA/javassist-3.24.0-GA.jar:/home/student/.m2/repository/net/bytebuddy/byte-buddy/1.9.11/byte-buddy-1.9.11.jar:/home/student/.m2/repository/antlr/antlr/2.7.7/antlr-2.7.7.jar:/home/student/.m2/repository/org/jboss/spec/javax/transaction/jboss-transaction-api_1.2_spec/1.1.1.Final/jboss-transaction-api_1.2_spec-1.1.1.Final.jar:/home/student/.m2/repository/org/jboss/jandex/2.0.5.Final/jandex-2.0.5.Final.jar:/home/student/.m2/repository/com/fasterxml/classmate/1.3.4/classmate-1.3.4.jar:/home/student/.m2/repository/javax/activation/javax.activation-api/1.2.0/javax.activation-api-1.2.0.jar:/home/student/.m2/repository/org/dom4j/dom4j/2.1.1/dom4j-2.1.1.jar:/home/student/.m2/repository/org/hibernate/common/hibernate-commons-annotations/5.1.0.Final/hibernate-commons-annotations-5.1.0.Final.jar:/home/student/.m2/repository/javax/xml/bind/jaxb-api/2.3.1/jaxb-api-2.3.1.jar:/home/student/.m2/repository/org/glassfish/jaxb/jaxb-runtime/2.3.1/jaxb-runtime-2.3.1.jar:/home/student/.m2/repository/org/glassfish/jaxb/txw2/2.3.1/txw2-2.3.1.jar:/home/student/.m2/repository/com/sun/istack/istack-commons-runtime/3.0.7/istack-commons-runtime-3.0.7.jar:/home/student/.m2/repository/org/jvnet/staxex/stax-ex/1.8/stax-ex-1.8.jar:/home/student/.m2/repository/com/sun/xml/fastinfoset/FastInfoset/1.2.15/FastInfoset-1.2.15.jar:/home/student/.m2/repository/org/hibernate/hibernate-c3p0/5.4.4.Final/hibernate-c3p0-5.4.4.Final.jar:/home/student/.m2/repository/com/mchange/c3p0/0.9.5.3/c3p0-0.9.5.3.jar:/home/student/.m2/repository/com/mchange/mchange-commons-java/0.2.15/mchange-commons-java-0.2.15.jar:, java.vm.vendor=Ubuntu, sun.arch.data.model=64, java.vendor.url=https://ubuntu.com/, user.timezone=America/Chicago, os.name=Linux, java.vm.specification.version=11, sun.java.launcher=SUN_STANDARD, user.country=US, sun.boot.library.path=/usr/lib/jvm/java-11-openjdk-amd64/lib, sun.java.command=/home/student/IdeaProjects/bookshelfBanshee/target/surefire/surefirebooter7592675797168894017.jar /home/student/IdeaProjects/bookshelfBanshee/target/surefire/surefire5009406450876607403tmp /home/student/IdeaProjects/bookshelfBanshee/target/surefire/surefire_03676389923130420751tmp, jdk.debug=release, surefire.test.class.path=/home/student/IdeaProjects/bookshelfBanshee/target/test-classes:/home/student/IdeaProjects/bookshelfBanshee/target/classes:/home/student/.m2/repository/org/junit/platform/junit-platform-runner/1.0.0/junit-platform-runner-1.0.0.jar:/home/student/.m2/repository/org/apiguardian/apiguardian-api/1.0.0/apiguardian-api-1.0.0.jar:/home/student/.m2/repository/org/junit/platform/junit-platform-launcher/1.0.0/junit-platform-launcher-1.0.0.jar:/home/student/.m2/repository/org/junit/platform/junit-platform-suite-api/1.0.0/junit-platform-suite-api-1.0.0.jar:/home/student/.m2/repository/org/junit/platform/junit-platform-commons/1.0.0/junit-platform-commons-1.0.0.jar:/home/student/.m2/repository/org/junit/vintage/junit-vintage-engine/4.12.0/junit-vintage-engine-4.12.0.jar:/home/student/.m2/repository/org/junit/platform/junit-platform-engine/1.0.0/junit-platform-engine-1.0.0.jar:/home/student/.m2/repository/org/opentest4j/opentest4j/1.0.0/opentest4j-1.0.0.jar:/home/student/.m2/repository/org/junit/jupiter/junit-jupiter-engine/5.0.0/junit-jupiter-engine-5.0.0.jar:/home/student/.m2/repository/org/junit/jupiter/junit-jupiter-api/5.0.0/junit-jupiter-api-5.0.0.jar:/home/student/.m2/repository/junit/junit/4.12/junit-4.12.jar:/home/student/.m2/repository/org/hamcrest/hamcrest-core/1.3/hamcrest-core-1.3.jar:/home/student/.m2/repository/javax/javaee-web-api/7.0/javaee-web-api-7.0.jar:/home/student/.m2/repository/mysql/mysql-connector-java/8.0.16/mysql-connector-java-8.0.16.jar:/home/student/.m2/repository/com/google/protobuf/protobuf-java/3.6.1/protobuf-java-3.6.1.jar:/home/student/.m2/repository/jstl/jstl/1.2/jstl-1.2.jar:/home/student/.m2/repository/org/apache/logging/log4j/log4j-api/2.10.0/log4j-api-2.10.0.jar:/home/student/.m2/repository/org/apache/logging/log4j/log4j-core/2.10.0/log4j-core-2.10.0.jar:/home/student/.m2/repository/org/hibernate/hibernate-core/5.4.4.Final/hibernate-core-5.4.4.Final.jar:/home/student/.m2/repository/org/jboss/logging/jboss-logging/3.3.2.Final/jboss-logging-3.3.2.Final.jar:/home/student/.m2/repository/javax/persistence/javax.persistence-api/2.2/javax.persistence-api-2.2.jar:/home/student/.m2/repository/org/javassist/javassist/3.24.0-GA/javassist-3.24.0-GA.jar:/home/student/.m2/repository/net/bytebuddy/byte-buddy/1.9.11/byte-buddy-1.9.11.jar:/home/student/.m2/repository/antlr/antlr/2.7.7/antlr-2.7.7.jar:/home/student/.m2/repository/org/jboss/spec/javax/transaction/jboss-transaction-api_1.2_spec/1.1.1.Final/jboss-transaction-api_1.2_spec-1.1.1.Final.jar:/home/student/.m2/repository/org/jboss/jandex/2.0.5.Final/jandex-2.0.5.Final.jar:/home/student/.m2/repository/com/fasterxml/classmate/1.3.4/classmate-1.3.4.jar:/home/student/.m2/repository/javax/activation/javax.activation-api/1.2.0/javax.activation-api-1.2.0.jar:/home/student/.m2/repository/org/dom4j/dom4j/2.1.1/dom4j-2.1.1.jar:/home/student/.m2/repository/org/hibernate/common/hibernate-commons-annotations/5.1.0.Final/hibernate-commons-annotations-5.1.0.Final.jar:/home/student/.m2/repository/javax/xml/bind/jaxb-api/2.3.1/jaxb-api-2.3.1.jar:/home/student/.m2/repository/org/glassfish/jaxb/jaxb-runtime/2.3.1/jaxb-runtime-2.3.1.jar:/home/student/.m2/repository/org/glassfish/jaxb/txw2/2.3.1/txw2-2.3.1.jar:/home/student/.m2/repository/com/sun/istack/istack-commons-runtime/3.0.7/istack-commons-runtime-3.0.7.jar:/home/student/.m2/repository/org/jvnet/staxex/stax-ex/1.8/stax-ex-1.8.jar:/home/student/.m2/repository/com/sun/xml/fastinfoset/FastInfoset/1.2.15/FastInfoset-1.2.15.jar:/home/student/.m2/repository/org/hibernate/hibernate-c3p0/5.4.4.Final/hibernate-c3p0-5.4.4.Final.jar:/home/student/.m2/repository/com/mchange/c3p0/0.9.5.3/c3p0-0.9.5.3.jar:/home/student/.m2/repository/com/mchange/mchange-commons-java/0.2.15/mchange-commons-java-0.2.15.jar:, sun.cpu.endian=little, user.home=/home/student, hibernate.c3p0.max_statements=50, user.language=en, java.specification.vendor=Oracle Corporation, java.version.date=2020-01-14, java.home=/usr/lib/jvm/java-11-openjdk-amd64, file.separator=/, basedir=/home/student/IdeaProjects/bookshelfBanshee, java.vm.compressedOopsMode=32-bit, line.separator=
, hibernate.c3p0.timeout=300, java.specification.name=Java Platform API Specification, java.vm.specification.vendor=Oracle Corporation, java.awt.graphicsenv=sun.awt.X11GraphicsEnvironment, surefire.real.class.path=/home/student/IdeaProjects/bookshelfBanshee/target/surefire/surefirebooter7592675797168894017.jar, connection.password=student, sun.management.compiler=HotSpot 64-Bit Tiered Compilers, hibernate.c3p0.max_size=20, java.runtime.version=11.0.6+10-post-Ubuntu-1ubuntu118.04.1, user.name=student, path.separator=:, hibernate.connection.username=****, os.version=5.3.0-28-generic, java.runtime.name=OpenJDK Runtime Environment, hibernate.connection.url=jdbc:mysql://localhost:3306/BookshelfBansheeTest, file.encoding=UTF-8, java.vm.name=OpenJDK 64-Bit Server VM, localRepository=/home/student/.m2/repository, hibernate.connection.driver_class=com.mysql.cj.jdbc.Driver, java.vendor.url.bug=https://bugs.launchpad.net/ubuntu/+source/openjdk-lts, java.io.tmpdir=/tmp, java.version=11.0.6, user.dir=/home/student/IdeaProjects/bookshelfBanshee, os.arch=amd64, connection.username=root, java.vm.specification.name=Java Virtual Machine Specification, java.awt.printerjob=sun.print.PSPrinterJob, hibernate.connection.password=****, sun.os.patch.level=unknown, connection.driver_class=com.mysql.cj.jdbc.Driver, hibernate.boot.CfgXmlAccessService.key=org.hibernate.boot.cfgxml.spi.LoadedConfig@30db5536, java.library.path=/usr/java/packages/lib:/usr/lib/x86_64-linux-gnu/jni:/lib/x86_64-linux-gnu:/usr/lib/x86_64-linux-gnu:/usr/lib/jni:/lib:/usr/lib, idea.version2019.1.4=true, java.vendor=Ubuntu, java.vm.info=mixed mode, sharing, java.vm.version=11.0.6+10-post-Ubuntu-1ubuntu118.04.1, hibernate.bytecode.use_reflection_optimizer=false, sun.io.unicode.encoding=UnicodeLittle, connection.url=jdbc:mysql://localhost:3306/BookshelfBansheeTest, java.class.version=55.0}
[DEBUG] 2020-02-17 12:52:55.724 [main] TypeSafeActivator - Unable to acquire Bean Validation ValidatorFactory, skipping activation
[DEBUG] 2020-02-17 12:52:55.724 [main] JaccIntegrator - Skipping JACC integration as it was not enabled
[DEBUG] 2020-02-17 12:52:55.725 [main] SessionFactoryImpl - Instantiated session factory
[DEBUG] 2020-02-17 12:52:55.725 [main] TypeConfiguration$Scope - Scoping TypeConfiguration [org.hibernate.type.spi.TypeConfiguration@17947e6d] to SessionFactoryImpl [org.hibernate.internal.SessionFactoryImpl@628b819d]
[DEBUG] 2020-02-17 12:52:55.761 [main] ClassLoaderAccessImpl - Not known whether passed class name [com.bookshelfBanshee.entity.User] is safe
[DEBUG] 2020-02-17 12:52:55.761 [main] ClassLoaderAccessImpl - No temp ClassLoader provided; using live ClassLoader for loading potentially unsafe class : com.bookshelfBanshee.entity.User
[DEBUG] 2020-02-17 12:52:55.788 [main] ClassLoaderAccessImpl - Not known whether passed class name [com.bookshelfBanshee.entity.User] is safe
[DEBUG] 2020-02-17 12:52:55.788 [main] ClassLoaderAccessImpl - No temp ClassLoader provided; using live ClassLoader for loading potentially unsafe class : com.bookshelfBanshee.entity.User
[DEBUG] 2020-02-17 12:52:55.977 [main] AbstractEntityPersister - Static SQL for entity: com.bookshelfBanshee.entity.User
[DEBUG] 2020-02-17 12:52:55.977 [main] AbstractEntityPersister -  Version select: select id from user where id =?
[DEBUG] 2020-02-17 12:52:55.977 [main] AbstractEntityPersister -  Snapshot select: select user_.id, user_.password as password2_0_, user_.username as username3_0_ from user user_ where user_.id=?
[DEBUG] 2020-02-17 12:52:55.977 [main] AbstractEntityPersister -  Insert 0: insert into user (password, username, id) values (?, ?, ?)
[DEBUG] 2020-02-17 12:52:55.977 [main] AbstractEntityPersister -  Update 0: update user set password=?, username=? where id=?
[DEBUG] 2020-02-17 12:52:55.977 [main] AbstractEntityPersister -  Delete 0: delete from user where id=?
[DEBUG] 2020-02-17 12:52:55.977 [main] AbstractEntityPersister -  Identity insert: insert into user (password, username) values (?, ?)
[DEBUG] 2020-02-17 12:52:56.006 [main] QuerySpacesImpl - Adding QuerySpace : uid = <gen:0> -> org.hibernate.loader.plan.build.internal.spaces.EntityQuerySpaceImpl@48bc2fce]
[DEBUG] 2020-02-17 12:52:56.007 [main] MetamodelGraphWalker - Visiting attribute path : password
[DEBUG] 2020-02-17 12:52:56.007 [main] MetamodelGraphWalker - Visiting attribute path : username
[DEBUG] 2020-02-17 12:52:56.007 [main] FetchStyleLoadPlanBuildingAssociationVisitationStrategy - Building LoadPlan...
[DEBUG] 2020-02-17 12:52:56.015 [main] LoadQueryJoinAndFetchProcessor - processing queryspace <gen:0>
[DEBUG] 2020-02-17 12:52:56.018 [main] LoadPlanTreePrinter - LoadPlan(entity=com.bookshelfBanshee.entity.User)
    - Returns
       - EntityReturnImpl(entity=com.bookshelfBanshee.entity.User, querySpaceUid=<gen:0>, path=com.bookshelfBanshee.entity.User)
    - QuerySpaces
       - EntityQuerySpaceImpl(uid=<gen:0>, entity=com.bookshelfBanshee.entity.User)
          - SQL table alias mapping - user0_
          - alias suffix - 0_
          - suffixed key columns - {id1_0_0_}

[DEBUG] 2020-02-17 12:52:56.020 [main] EntityLoader - Static select for entity com.bookshelfBanshee.entity.User [NONE]: select user0_.id as id1_0_0_, user0_.password as password2_0_0_, user0_.username as username3_0_0_ from user user0_ where user0_.id=?
[DEBUG] 2020-02-17 12:52:56.020 [main] QuerySpacesImpl - Adding QuerySpace : uid = <gen:0> -> org.hibernate.loader.plan.build.internal.spaces.EntityQuerySpaceImpl@6c951ada]
[DEBUG] 2020-02-17 12:52:56.020 [main] MetamodelGraphWalker - Visiting attribute path : password
[DEBUG] 2020-02-17 12:52:56.020 [main] MetamodelGraphWalker - Visiting attribute path : username
[DEBUG] 2020-02-17 12:52:56.021 [main] FetchStyleLoadPlanBuildingAssociationVisitationStrategy - Building LoadPlan...
[DEBUG] 2020-02-17 12:52:56.021 [main] LoadQueryJoinAndFetchProcessor - processing queryspace <gen:0>
[DEBUG] 2020-02-17 12:52:56.021 [main] LoadPlanTreePrinter - LoadPlan(entity=com.bookshelfBanshee.entity.User)
    - Returns
       - EntityReturnImpl(entity=com.bookshelfBanshee.entity.User, querySpaceUid=<gen:0>, path=com.bookshelfBanshee.entity.User)
    - QuerySpaces
       - EntityQuerySpaceImpl(uid=<gen:0>, entity=com.bookshelfBanshee.entity.User)
          - SQL table alias mapping - user0_
          - alias suffix - 0_
          - suffixed key columns - {id1_0_0_}

[DEBUG] 2020-02-17 12:52:56.021 [main] EntityLoader - Static select for entity com.bookshelfBanshee.entity.User [READ]: select user0_.id as id1_0_0_, user0_.password as password2_0_0_, user0_.username as username3_0_0_ from user user0_ where user0_.id=?
[DEBUG] 2020-02-17 12:52:56.031 [main] Loader - Static select for action ACTION_MERGE on entity com.bookshelfBanshee.entity.User: select user0_.id as id1_0_0_, user0_.password as password2_0_0_, user0_.username as username3_0_0_ from user user0_ where user0_.id=?
[DEBUG] 2020-02-17 12:52:56.031 [main] Loader - Static select for action ACTION_REFRESH on entity com.bookshelfBanshee.entity.User: select user0_.id as id1_0_0_, user0_.password as password2_0_0_, user0_.username as username3_0_0_ from user user0_ where user0_.id=?
[DEBUG] 2020-02-17 12:52:56.050 [main] SchemaManagementToolCoordinator - No actions specified; doing nothing
[DEBUG] 2020-02-17 12:52:56.050 [main] JtaPlatformInitiator - No JtaPlatform was specified, checking resolver
[DEBUG] 2020-02-17 12:52:56.051 [main] JtaPlatformResolverInitiator - No JtaPlatformResolver was specified, using default [org.hibernate.engine.transaction.jta.platform.internal.StandardJtaPlatformResolver]
[DEBUG] 2020-02-17 12:52:56.054 [main] StandardJtaPlatformResolver - Could not resolve JtaPlatform, using default [org.hibernate.engine.transaction.jta.platform.internal.NoJtaPlatform]
[INFO ] 2020-02-17 12:52:56.054 [main] JtaPlatformInitiator - HHH000490: Using JtaPlatform implementation: [org.hibernate.engine.transaction.jta.platform.internal.NoJtaPlatform]
[DEBUG] 2020-02-17 12:52:56.055 [main] NamedQueryRepository - Checking 0 named HQL queries
[DEBUG] 2020-02-17 12:52:56.055 [main] NamedQueryRepository - Checking 0 named SQL queries
[DEBUG] 2020-02-17 12:52:56.056 [main] SessionFactoryRegistry - Initializing SessionFactoryRegistry : org.hibernate.internal.SessionFactoryRegistry@3cb6e0ee
[DEBUG] 2020-02-17 12:52:56.067 [main] SessionFactoryRegistry - Registering SessionFactory: fe35b925-2da6-47fe-a09d-38b52a26254e (<unnamed>)
[DEBUG] 2020-02-17 12:52:56.067 [main] SessionFactoryRegistry - Not binding SessionFactory to JNDI, no JNDI name configured
[DEBUG] 2020-02-17 12:52:56.130 [main] StatisticsInitiator - Statistics initialized [enabled=false]
[DEBUG] 2020-02-17 12:52:56.142 [main] SQL - select user0_.id as id1_0_0_, user0_.password as password2_0_0_, user0_.username as username3_0_0_ from user user0_ where user0_.id=?
[DEBUG] 2020-02-17 12:52:56.162 [main] ResultSetProcessorImpl - Starting ResultSet row #0
[DEBUG] 2020-02-17 12:52:56.163 [main] EntityReferenceInitializerImpl - On call to EntityIdentifierReaderImpl#resolve, EntityKey was already known; should only happen on root returns with an optional identifier specified
[DEBUG] 2020-02-17 12:52:56.170 [main] TwoPhaseLoad - Resolving attributes for [com.bookshelfBanshee.entity.User#1]
[DEBUG] 2020-02-17 12:52:56.170 [main] TwoPhaseLoad - Processing attribute `password` : value = notPassword
[DEBUG] 2020-02-17 12:52:56.170 [main] TwoPhaseLoad - Attribute (`password`)  - enhanced for lazy-loading? - false
[DEBUG] 2020-02-17 12:52:56.170 [main] TwoPhaseLoad - Processing attribute `username` : value = notAdmin
[DEBUG] 2020-02-17 12:52:56.170 [main] TwoPhaseLoad - Attribute (`username`)  - enhanced for lazy-loading? - false
[DEBUG] 2020-02-17 12:52:56.171 [main] TwoPhaseLoad - Done materializing entity [com.bookshelfBanshee.entity.User#1]
[DEBUG] 2020-02-17 12:52:56.171 [main] ResourceRegistryStandardImpl - HHH000387: ResultSet's statement was not registered
[DEBUG] 2020-02-17 12:52:56.172 [main] AbstractLoadPlanBasedEntityLoader - Done entity load : com.bookshelfBanshee.entity.User#1
[DEBUG] 2020-02-17 12:52:56.172 [main] LogicalConnectionManagedImpl - Initiating JDBC connection release from afterTransaction
[DEBUG] 2020-02-17 12:52:56.180 [main] TransactionImpl - On TransactionImpl creation, JpaCompliance#isJpaTransactionComplianceEnabled == false
[DEBUG] 2020-02-17 12:52:56.180 [main] TransactionImpl - begin
[DEBUG] 2020-02-17 12:52:56.193 [main] TransactionImpl - committing
[DEBUG] 2020-02-17 12:52:56.194 [main] AbstractFlushingEventListener - Processing flush-time cascades
[DEBUG] 2020-02-17 12:52:56.194 [main] AbstractFlushingEventListener - Dirty checking collections
[DEBUG] 2020-02-17 12:52:56.195 [main] AbstractFlushingEventListener - Flushed: 0 insertions, 0 updates, 1 deletions to 1 objects
[DEBUG] 2020-02-17 12:52:56.195 [main] AbstractFlushingEventListener - Flushed: 0 (re)creations, 0 updates, 0 removals to 0 collections
[DEBUG] 2020-02-17 12:52:56.196 [main] EntityPrinter - Listing entities:
[DEBUG] 2020-02-17 12:52:56.196 [main] EntityPrinter - com.bookshelfBanshee.entity.User{password=notPassword, id=1, username=notAdmin}
[DEBUG] 2020-02-17 12:52:56.200 [main] SQL - delete from user where id=?
[DEBUG] 2020-02-17 12:52:56.211 [main] LogicalConnectionManagedImpl - Initiating JDBC connection release from afterTransaction
[DEBUG] 2020-02-17 12:52:56.212 [main] LogicalConnectionManagedImpl - Initiating JDBC connection release from afterTransaction
[DEBUG] 2020-02-17 12:52:56.212 [main] JdbcCoordinatorImpl - HHH000420: Closing un-released batch
[DEBUG] 2020-02-17 12:52:56.235 [main] CriteriaQueryImpl - Rendered criteria query -> select generatedAlias0 from User as generatedAlias0
[DEBUG] 2020-02-17 12:52:56.248 [main] QueryTranslatorFactoryInitiator - QueryTranslatorFactory: org.hibernate.hql.internal.ast.ASTQueryTranslatorFactory@2fbd390
[DEBUG] 2020-02-17 12:52:56.281 [main] QueryTranslatorImpl - parse() - HQL: select generatedAlias0 from com.bookshelfBanshee.entity.User as generatedAlias0
[DEBUG] 2020-02-17 12:52:56.289 [main] ErrorTracker - throwQueryException() : no errors
[DEBUG] 2020-02-17 12:52:56.301 [main] QueryTranslatorImpl - --- HQL AST ---
 \-[QUERY] Node: 'query'
    \-[SELECT_FROM] Node: 'SELECT_FROM'
       +-[FROM] Node: 'from'
       |  \-[RANGE] Node: 'RANGE'
       |     +-[DOT] Node: '.'
       |     |  +-[DOT] Node: '.'
       |     |  |  +-[DOT] Node: '.'
       |     |  |  |  +-[IDENT] Node: 'com'
       |     |  |  |  \-[IDENT] Node: 'bookshelfBanshee'
       |     |  |  \-[IDENT] Node: 'entity'
       |     |  \-[IDENT] Node: 'User'
       |     \-[ALIAS] Node: 'generatedAlias0'
       \-[SELECT] Node: 'select'
          \-[IDENT] Node: 'generatedAlias0'

[DEBUG] 2020-02-17 12:52:56.317 [main] HqlSqlBaseWalker - select << begin [level=1, statement=select]
[DEBUG] 2020-02-17 12:52:56.328 [main] FromElement - FromClause{level=1} : com.bookshelfBanshee.entity.User (generatedAlias0) -> user0_
[DEBUG] 2020-02-17 12:52:56.329 [main] FromReferenceNode - Resolved : generatedAlias0 -> user0_.id
[DEBUG] 2020-02-17 12:52:56.330 [main] HqlSqlBaseWalker - select : finishing up [level=1, statement=select]
[DEBUG] 2020-02-17 12:52:56.330 [main] HqlSqlWalker - processQuery() :  ( SELECT ( {select clause} user0_.id ) ( FromClause{level=1} user user0_ ) )
[DEBUG] 2020-02-17 12:52:56.337 [main] JoinProcessor - Using FROM fragment [user user0_]
[DEBUG] 2020-02-17 12:52:56.337 [main] HqlSqlBaseWalker - select >> end [level=1, statement=select]
[DEBUG] 2020-02-17 12:52:56.339 [main] QueryTranslatorImpl - --- SQL AST ---
 \-[SELECT] QueryNode: 'SELECT'  querySpaces (user)
    +-[SELECT_CLAUSE] SelectClause: '{select clause}'
    |  +-[ALIAS_REF] IdentNode: 'user0_.id as id1_0_' {alias=generatedAlias0, className=com.bookshelfBanshee.entity.User, tableAlias=user0_}
    |  \-[SQL_TOKEN] SqlFragment: 'user0_.password as password2_0_, user0_.username as username3_0_'
    \-[FROM] FromClause: 'from' FromClause{level=1, fromElementCounter=1, fromElements=1, fromElementByClassAlias=[generatedAlias0], fromElementByTableAlias=[user0_], fromElementsByPath=[], collectionJoinFromElementsByPath=[], impliedElements=[]}
       \-[FROM_FRAGMENT] FromElement: 'user user0_' FromElement{explicit,not a collection join,not a fetch join,fetch non-lazy properties,classAlias=generatedAlias0,role=null,tableName=user,tableAlias=user0_,origin=null,columns={,className=com.bookshelfBanshee.entity.User}}

[DEBUG] 2020-02-17 12:52:56.339 [main] ErrorTracker - throwQueryException() : no errors
[DEBUG] 2020-02-17 12:52:56.343 [main] QueryTranslatorImpl - HQL: select generatedAlias0 from com.bookshelfBanshee.entity.User as generatedAlias0
[DEBUG] 2020-02-17 12:52:56.343 [main] QueryTranslatorImpl - SQL: select user0_.id as id1_0_, user0_.password as password2_0_, user0_.username as username3_0_ from user user0_
[DEBUG] 2020-02-17 12:52:56.344 [main] ErrorTracker - throwQueryException() : no errors
[DEBUG] 2020-02-17 12:52:56.350 [main] SQL - select user0_.id as id1_0_, user0_.password as password2_0_, user0_.username as username3_0_ from user user0_
[DEBUG] 2020-02-17 12:52:56.354 [main] Loader - Result set row: 0
[DEBUG] 2020-02-17 12:52:56.354 [main] Loader - Result row: EntityKey[com.bookshelfBanshee.entity.User#2]
[DEBUG] 2020-02-17 12:52:56.354 [main] Loader - Result set row: 1
[DEBUG] 2020-02-17 12:52:56.354 [main] Loader - Result row: EntityKey[com.bookshelfBanshee.entity.User#3]
[DEBUG] 2020-02-17 12:52:56.355 [main] Loader - Result set row: 2
[DEBUG] 2020-02-17 12:52:56.355 [main] Loader - Result row: EntityKey[com.bookshelfBanshee.entity.User#4]
[DEBUG] 2020-02-17 12:52:56.355 [main] Loader - Result set row: 3
[DEBUG] 2020-02-17 12:52:56.355 [main] Loader - Result row: EntityKey[com.bookshelfBanshee.entity.User#5]
[DEBUG] 2020-02-17 12:52:56.355 [main] TwoPhaseLoad - Resolving attributes for [com.bookshelfBanshee.entity.User#2]
[DEBUG] 2020-02-17 12:52:56.355 [main] TwoPhaseLoad - Processing attribute `password` : value = password
[DEBUG] 2020-02-17 12:52:56.355 [main] TwoPhaseLoad - Attribute (`password`)  - enhanced for lazy-loading? - false
[DEBUG] 2020-02-17 12:52:56.355 [main] TwoPhaseLoad - Processing attribute `username` : value = admin
[DEBUG] 2020-02-17 12:52:56.355 [main] TwoPhaseLoad - Attribute (`username`)  - enhanced for lazy-loading? - false
[DEBUG] 2020-02-17 12:52:56.355 [main] TwoPhaseLoad - Done materializing entity [com.bookshelfBanshee.entity.User#2]
[DEBUG] 2020-02-17 12:52:56.355 [main] TwoPhaseLoad - Resolving attributes for [com.bookshelfBanshee.entity.User#3]
[DEBUG] 2020-02-17 12:52:56.355 [main] TwoPhaseLoad - Processing attribute `password` : value = secure
[DEBUG] 2020-02-17 12:52:56.355 [main] TwoPhaseLoad - Attribute (`password`)  - enhanced for lazy-loading? - false
[DEBUG] 2020-02-17 12:52:56.355 [main] TwoPhaseLoad - Processing attribute `username` : value = user
[DEBUG] 2020-02-17 12:52:56.355 [main] TwoPhaseLoad - Attribute (`username`)  - enhanced for lazy-loading? - false
[DEBUG] 2020-02-17 12:52:56.355 [main] TwoPhaseLoad - Done materializing entity [com.bookshelfBanshee.entity.User#3]
[DEBUG] 2020-02-17 12:52:56.355 [main] TwoPhaseLoad - Resolving attributes for [com.bookshelfBanshee.entity.User#4]
[DEBUG] 2020-02-17 12:52:56.355 [main] TwoPhaseLoad - Processing attribute `password` : value = password2
[DEBUG] 2020-02-17 12:52:56.355 [main] TwoPhaseLoad - Attribute (`password`)  - enhanced for lazy-loading? - false
[DEBUG] 2020-02-17 12:52:56.355 [main] TwoPhaseLoad - Processing attribute `username` : value = user2
[DEBUG] 2020-02-17 12:52:56.356 [main] TwoPhaseLoad - Attribute (`username`)  - enhanced for lazy-loading? - false
[DEBUG] 2020-02-17 12:52:56.356 [main] TwoPhaseLoad - Done materializing entity [com.bookshelfBanshee.entity.User#4]
[DEBUG] 2020-02-17 12:52:56.356 [main] TwoPhaseLoad - Resolving attributes for [com.bookshelfBanshee.entity.User#5]
[DEBUG] 2020-02-17 12:52:56.356 [main] TwoPhaseLoad - Processing attribute `password` : value = me
[DEBUG] 2020-02-17 12:52:56.356 [main] TwoPhaseLoad - Attribute (`password`)  - enhanced for lazy-loading? - false
[DEBUG] 2020-02-17 12:52:56.356 [main] TwoPhaseLoad - Processing attribute `username` : value = encrypt
[DEBUG] 2020-02-17 12:52:56.356 [main] TwoPhaseLoad - Attribute (`username`)  - enhanced for lazy-loading? - false
[DEBUG] 2020-02-17 12:52:56.356 [main] TwoPhaseLoad - Done materializing entity [com.bookshelfBanshee.entity.User#5]
[DEBUG] 2020-02-17 12:52:56.357 [main] LogicalConnectionManagedImpl - Initiating JDBC connection release from afterTransaction
[DEBUG] 2020-02-17 12:52:56.427 [main] CriteriaQueryImpl - Rendered criteria query -> select generatedAlias0 from User as generatedAlias0
[DEBUG] 2020-02-17 12:52:56.428 [main] SQL - select user0_.id as id1_0_, user0_.password as password2_0_, user0_.username as username3_0_ from user user0_
[DEBUG] 2020-02-17 12:52:56.436 [main] Loader - Result set row: 0
[DEBUG] 2020-02-17 12:52:56.436 [main] Loader - Result row: EntityKey[com.bookshelfBanshee.entity.User#1]
[DEBUG] 2020-02-17 12:52:56.437 [main] Loader - Result set row: 1
[DEBUG] 2020-02-17 12:52:56.437 [main] Loader - Result row: EntityKey[com.bookshelfBanshee.entity.User#2]
[DEBUG] 2020-02-17 12:52:56.437 [main] Loader - Result set row: 2
[DEBUG] 2020-02-17 12:52:56.437 [main] Loader - Result row: EntityKey[com.bookshelfBanshee.entity.User#3]
[DEBUG] 2020-02-17 12:52:56.437 [main] Loader - Result set row: 3
[DEBUG] 2020-02-17 12:52:56.437 [main] Loader - Result row: EntityKey[com.bookshelfBanshee.entity.User#4]
[DEBUG] 2020-02-17 12:52:56.437 [main] Loader - Result set row: 4
[DEBUG] 2020-02-17 12:52:56.437 [main] Loader - Result row: EntityKey[com.bookshelfBanshee.entity.User#5]
[DEBUG] 2020-02-17 12:52:56.437 [main] TwoPhaseLoad - Resolving attributes for [com.bookshelfBanshee.entity.User#1]
[DEBUG] 2020-02-17 12:52:56.437 [main] TwoPhaseLoad - Processing attribute `password` : value = notPassword
[DEBUG] 2020-02-17 12:52:56.437 [main] TwoPhaseLoad - Attribute (`password`)  - enhanced for lazy-loading? - false
[DEBUG] 2020-02-17 12:52:56.437 [main] TwoPhaseLoad - Processing attribute `username` : value = notAdmin
[DEBUG] 2020-02-17 12:52:56.437 [main] TwoPhaseLoad - Attribute (`username`)  - enhanced for lazy-loading? - false
[DEBUG] 2020-02-17 12:52:56.438 [main] TwoPhaseLoad - Done materializing entity [com.bookshelfBanshee.entity.User#1]
[DEBUG] 2020-02-17 12:52:56.438 [main] TwoPhaseLoad - Resolving attributes for [com.bookshelfBanshee.entity.User#2]
[DEBUG] 2020-02-17 12:52:56.438 [main] TwoPhaseLoad - Processing attribute `password` : value = password
[DEBUG] 2020-02-17 12:52:56.438 [main] TwoPhaseLoad - Attribute (`password`)  - enhanced for lazy-loading? - false
[DEBUG] 2020-02-17 12:52:56.439 [main] TwoPhaseLoad - Processing attribute `username` : value = admin
[DEBUG] 2020-02-17 12:52:56.439 [main] TwoPhaseLoad - Attribute (`username`)  - enhanced for lazy-loading? - false
[DEBUG] 2020-02-17 12:52:56.439 [main] TwoPhaseLoad - Done materializing entity [com.bookshelfBanshee.entity.User#2]
[DEBUG] 2020-02-17 12:52:56.439 [main] TwoPhaseLoad - Resolving attributes for [com.bookshelfBanshee.entity.User#3]
[DEBUG] 2020-02-17 12:52:56.439 [main] TwoPhaseLoad - Processing attribute `password` : value = secure
[DEBUG] 2020-02-17 12:52:56.439 [main] TwoPhaseLoad - Attribute (`password`)  - enhanced for lazy-loading? - false
[DEBUG] 2020-02-17 12:52:56.439 [main] TwoPhaseLoad - Processing attribute `username` : value = user
[DEBUG] 2020-02-17 12:52:56.439 [main] TwoPhaseLoad - Attribute (`username`)  - enhanced for lazy-loading? - false
[DEBUG] 2020-02-17 12:52:56.439 [main] TwoPhaseLoad - Done materializing entity [com.bookshelfBanshee.entity.User#3]
[DEBUG] 2020-02-17 12:52:56.439 [main] TwoPhaseLoad - Resolving attributes for [com.bookshelfBanshee.entity.User#4]
[DEBUG] 2020-02-17 12:52:56.439 [main] TwoPhaseLoad - Processing attribute `password` : value = password2
[DEBUG] 2020-02-17 12:52:56.439 [main] TwoPhaseLoad - Attribute (`password`)  - enhanced for lazy-loading? - false
[DEBUG] 2020-02-17 12:52:56.439 [main] TwoPhaseLoad - Processing attribute `username` : value = user2
[DEBUG] 2020-02-17 12:52:56.439 [main] TwoPhaseLoad - Attribute (`username`)  - enhanced for lazy-loading? - false
[DEBUG] 2020-02-17 12:52:56.439 [main] TwoPhaseLoad - Done materializing entity [com.bookshelfBanshee.entity.User#4]
[DEBUG] 2020-02-17 12:52:56.439 [main] TwoPhaseLoad - Resolving attributes for [com.bookshelfBanshee.entity.User#5]
[DEBUG] 2020-02-17 12:52:56.439 [main] TwoPhaseLoad - Processing attribute `password` : value = me
[DEBUG] 2020-02-17 12:52:56.439 [main] TwoPhaseLoad - Attribute (`password`)  - enhanced for lazy-loading? - false
[DEBUG] 2020-02-17 12:52:56.439 [main] TwoPhaseLoad - Processing attribute `username` : value = encrypt
[DEBUG] 2020-02-17 12:52:56.439 [main] TwoPhaseLoad - Attribute (`username`)  - enhanced for lazy-loading? - false
[DEBUG] 2020-02-17 12:52:56.441 [main] TwoPhaseLoad - Done materializing entity [com.bookshelfBanshee.entity.User#5]
[DEBUG] 2020-02-17 12:52:56.441 [main] LogicalConnectionManagedImpl - Initiating JDBC connection release from afterTransaction
[DEBUG] 2020-02-17 12:52:56.490 [main] TransactionImpl - On TransactionImpl creation, JpaCompliance#isJpaTransactionComplianceEnabled == false
[DEBUG] 2020-02-17 12:52:56.491 [main] TransactionImpl - begin
[DEBUG] 2020-02-17 12:52:56.494 [main] ActionQueue - Executing identity-insert immediately
[DEBUG] 2020-02-17 12:52:56.495 [main] SQL - insert into user (password, username) values (?, ?)
[DEBUG] 2020-02-17 12:52:56.500 [main] IdentifierGeneratorHelper - Natively generated identity: 20
[DEBUG] 2020-02-17 12:52:56.500 [main] ResourceRegistryStandardImpl - HHH000387: ResultSet's statement was not registered
[DEBUG] 2020-02-17 12:52:56.503 [main] TransactionImpl - committing
[DEBUG] 2020-02-17 12:52:56.503 [main] AbstractFlushingEventListener - Processing flush-time cascades
[DEBUG] 2020-02-17 12:52:56.503 [main] AbstractFlushingEventListener - Dirty checking collections
[DEBUG] 2020-02-17 12:52:56.504 [main] AbstractFlushingEventListener - Flushed: 0 insertions, 0 updates, 0 deletions to 1 objects
[DEBUG] 2020-02-17 12:52:56.504 [main] AbstractFlushingEventListener - Flushed: 0 (re)creations, 0 updates, 0 removals to 0 collections
[DEBUG] 2020-02-17 12:52:56.505 [main] EntityPrinter - Listing entities:
[DEBUG] 2020-02-17 12:52:56.505 [main] EntityPrinter - com.bookshelfBanshee.entity.User{password=newPassword, id=20, username=newUser}
[DEBUG] 2020-02-17 12:52:56.507 [main] LogicalConnectionManagedImpl - Initiating JDBC connection release from afterTransaction
[DEBUG] 2020-02-17 12:52:56.517 [main] LogicalConnectionManagedImpl - Initiating JDBC connection release from afterTransaction
[DEBUG] 2020-02-17 12:52:56.517 [main] CriteriaQueryImpl - Rendered criteria query -> select generatedAlias0 from User as generatedAlias0
[DEBUG] 2020-02-17 12:52:56.517 [main] SQL - select user0_.id as id1_0_, user0_.password as password2_0_, user0_.username as username3_0_ from user user0_
[DEBUG] 2020-02-17 12:52:56.520 [main] Loader - Result set row: 0
[DEBUG] 2020-02-17 12:52:56.520 [main] Loader - Result row: EntityKey[com.bookshelfBanshee.entity.User#1]
[DEBUG] 2020-02-17 12:52:56.521 [main] Loader - Result set row: 1
[DEBUG] 2020-02-17 12:52:56.521 [main] Loader - Result row: EntityKey[com.bookshelfBanshee.entity.User#2]
[DEBUG] 2020-02-17 12:52:56.521 [main] Loader - Result set row: 2
[DEBUG] 2020-02-17 12:52:56.521 [main] Loader - Result row: EntityKey[com.bookshelfBanshee.entity.User#3]
[DEBUG] 2020-02-17 12:52:56.521 [main] Loader - Result set row: 3
[DEBUG] 2020-02-17 12:52:56.521 [main] Loader - Result row: EntityKey[com.bookshelfBanshee.entity.User#4]
[DEBUG] 2020-02-17 12:52:56.521 [main] Loader - Result set row: 4
[DEBUG] 2020-02-17 12:52:56.521 [main] Loader - Result row: EntityKey[com.bookshelfBanshee.entity.User#5]
[DEBUG] 2020-02-17 12:52:56.521 [main] Loader - Result set row: 5
[DEBUG] 2020-02-17 12:52:56.521 [main] Loader - Result row: EntityKey[com.bookshelfBanshee.entity.User#20]
[DEBUG] 2020-02-17 12:52:56.521 [main] TwoPhaseLoad - Resolving attributes for [com.bookshelfBanshee.entity.User#1]
[DEBUG] 2020-02-17 12:52:56.521 [main] TwoPhaseLoad - Processing attribute `password` : value = notPassword
[DEBUG] 2020-02-17 12:52:56.522 [main] TwoPhaseLoad - Attribute (`password`)  - enhanced for lazy-loading? - false
[DEBUG] 2020-02-17 12:52:56.522 [main] TwoPhaseLoad - Processing attribute `username` : value = notAdmin
[DEBUG] 2020-02-17 12:52:56.522 [main] TwoPhaseLoad - Attribute (`username`)  - enhanced for lazy-loading? - false
[DEBUG] 2020-02-17 12:52:56.522 [main] TwoPhaseLoad - Done materializing entity [com.bookshelfBanshee.entity.User#1]
[DEBUG] 2020-02-17 12:52:56.522 [main] TwoPhaseLoad - Resolving attributes for [com.bookshelfBanshee.entity.User#2]
[DEBUG] 2020-02-17 12:52:56.522 [main] TwoPhaseLoad - Processing attribute `password` : value = password
[DEBUG] 2020-02-17 12:52:56.522 [main] TwoPhaseLoad - Attribute (`password`)  - enhanced for lazy-loading? - false
[DEBUG] 2020-02-17 12:52:56.522 [main] TwoPhaseLoad - Processing attribute `username` : value = admin
[DEBUG] 2020-02-17 12:52:56.522 [main] TwoPhaseLoad - Attribute (`username`)  - enhanced for lazy-loading? - false
[DEBUG] 2020-02-17 12:52:56.522 [main] TwoPhaseLoad - Done materializing entity [com.bookshelfBanshee.entity.User#2]
[DEBUG] 2020-02-17 12:52:56.523 [main] TwoPhaseLoad - Resolving attributes for [com.bookshelfBanshee.entity.User#3]
[DEBUG] 2020-02-17 12:52:56.523 [main] TwoPhaseLoad - Processing attribute `password` : value = secure
[DEBUG] 2020-02-17 12:52:56.523 [main] TwoPhaseLoad - Attribute (`password`)  - enhanced for lazy-loading? - false
[DEBUG] 2020-02-17 12:52:56.523 [main] TwoPhaseLoad - Processing attribute `username` : value = user
[DEBUG] 2020-02-17 12:52:56.523 [main] TwoPhaseLoad - Attribute (`username`)  - enhanced for lazy-loading? - false
[DEBUG] 2020-02-17 12:52:56.523 [main] TwoPhaseLoad - Done materializing entity [com.bookshelfBanshee.entity.User#3]
[DEBUG] 2020-02-17 12:52:56.523 [main] TwoPhaseLoad - Resolving attributes for [com.bookshelfBanshee.entity.User#4]
[DEBUG] 2020-02-17 12:52:56.523 [main] TwoPhaseLoad - Processing attribute `password` : value = password2
[DEBUG] 2020-02-17 12:52:56.523 [main] TwoPhaseLoad - Attribute (`password`)  - enhanced for lazy-loading? - false
[DEBUG] 2020-02-17 12:52:56.523 [main] TwoPhaseLoad - Processing attribute `username` : value = user2
[DEBUG] 2020-02-17 12:52:56.523 [main] TwoPhaseLoad - Attribute (`username`)  - enhanced for lazy-loading? - false
[DEBUG] 2020-02-17 12:52:56.523 [main] TwoPhaseLoad - Done materializing entity [com.bookshelfBanshee.entity.User#4]
[DEBUG] 2020-02-17 12:52:56.523 [main] TwoPhaseLoad - Resolving attributes for [com.bookshelfBanshee.entity.User#5]
[DEBUG] 2020-02-17 12:52:56.523 [main] TwoPhaseLoad - Processing attribute `password` : value = me
[DEBUG] 2020-02-17 12:52:56.523 [main] TwoPhaseLoad - Attribute (`password`)  - enhanced for lazy-loading? - false
[DEBUG] 2020-02-17 12:52:56.523 [main] TwoPhaseLoad - Processing attribute `username` : value = encrypt
[DEBUG] 2020-02-17 12:52:56.523 [main] TwoPhaseLoad - Attribute (`username`)  - enhanced for lazy-loading? - false
[DEBUG] 2020-02-17 12:52:56.523 [main] TwoPhaseLoad - Done materializing entity [com.bookshelfBanshee.entity.User#5]
[DEBUG] 2020-02-17 12:52:56.523 [main] TwoPhaseLoad - Resolving attributes for [com.bookshelfBanshee.entity.User#20]
[DEBUG] 2020-02-17 12:52:56.523 [main] TwoPhaseLoad - Processing attribute `password` : value = newPassword
[DEBUG] 2020-02-17 12:52:56.523 [main] TwoPhaseLoad - Attribute (`password`)  - enhanced for lazy-loading? - false
[DEBUG] 2020-02-17 12:52:56.523 [main] TwoPhaseLoad - Processing attribute `username` : value = newUser
[DEBUG] 2020-02-17 12:52:56.523 [main] TwoPhaseLoad - Attribute (`username`)  - enhanced for lazy-loading? - false
[DEBUG] 2020-02-17 12:52:56.523 [main] TwoPhaseLoad - Done materializing entity [com.bookshelfBanshee.entity.User#20]
[DEBUG] 2020-02-17 12:52:56.525 [main] LogicalConnectionManagedImpl - Initiating JDBC connection release from afterTransaction
[DEBUG] 2020-02-17 12:52:56.565 [main] SQL - select user0_.id as id1_0_0_, user0_.password as password2_0_0_, user0_.username as username3_0_0_ from user user0_ where user0_.id=?
[DEBUG] 2020-02-17 12:52:56.569 [main] ResultSetProcessorImpl - Starting ResultSet row #0
[DEBUG] 2020-02-17 12:52:56.569 [main] EntityReferenceInitializerImpl - On call to EntityIdentifierReaderImpl#resolve, EntityKey was already known; should only happen on root returns with an optional identifier specified
[DEBUG] 2020-02-17 12:52:56.569 [main] TwoPhaseLoad - Resolving attributes for [com.bookshelfBanshee.entity.User#1]
[DEBUG] 2020-02-17 12:52:56.570 [main] TwoPhaseLoad - Processing attribute `password` : value = notPassword
[DEBUG] 2020-02-17 12:52:56.570 [main] TwoPhaseLoad - Attribute (`password`)  - enhanced for lazy-loading? - false
[DEBUG] 2020-02-17 12:52:56.570 [main] TwoPhaseLoad - Processing attribute `username` : value = notAdmin
[DEBUG] 2020-02-17 12:52:56.570 [main] TwoPhaseLoad - Attribute (`username`)  - enhanced for lazy-loading? - false
[DEBUG] 2020-02-17 12:52:56.570 [main] TwoPhaseLoad - Done materializing entity [com.bookshelfBanshee.entity.User#1]
[DEBUG] 2020-02-17 12:52:56.570 [main] ResourceRegistryStandardImpl - HHH000387: ResultSet's statement was not registered
[DEBUG] 2020-02-17 12:52:56.571 [main] AbstractLoadPlanBasedEntityLoader - Done entity load : com.bookshelfBanshee.entity.User#1
[DEBUG] 2020-02-17 12:52:56.571 [main] LogicalConnectionManagedImpl - Initiating JDBC connection release from afterTransaction
[DEBUG] 2020-02-17 12:52:56.618 [main] SQL - select user0_.id as id1_0_0_, user0_.password as password2_0_0_, user0_.username as username3_0_0_ from user user0_ where user0_.id=?
[DEBUG] 2020-02-17 12:52:56.621 [main] ResultSetProcessorImpl - Starting ResultSet row #0
[DEBUG] 2020-02-17 12:52:56.621 [main] EntityReferenceInitializerImpl - On call to EntityIdentifierReaderImpl#resolve, EntityKey was already known; should only happen on root returns with an optional identifier specified
[DEBUG] 2020-02-17 12:52:56.622 [main] TwoPhaseLoad - Resolving attributes for [com.bookshelfBanshee.entity.User#1]
[DEBUG] 2020-02-17 12:52:56.622 [main] TwoPhaseLoad - Processing attribute `password` : value = notPassword
[DEBUG] 2020-02-17 12:52:56.622 [main] TwoPhaseLoad - Attribute (`password`)  - enhanced for lazy-loading? - false
[DEBUG] 2020-02-17 12:52:56.622 [main] TwoPhaseLoad - Processing attribute `username` : value = notAdmin
[DEBUG] 2020-02-17 12:52:56.622 [main] TwoPhaseLoad - Attribute (`username`)  - enhanced for lazy-loading? - false
[DEBUG] 2020-02-17 12:52:56.622 [main] TwoPhaseLoad - Done materializing entity [com.bookshelfBanshee.entity.User#1]
[DEBUG] 2020-02-17 12:52:56.623 [main] ResourceRegistryStandardImpl - HHH000387: ResultSet's statement was not registered
[DEBUG] 2020-02-17 12:52:56.623 [main] AbstractLoadPlanBasedEntityLoader - Done entity load : com.bookshelfBanshee.entity.User#1
[DEBUG] 2020-02-17 12:52:56.623 [main] LogicalConnectionManagedImpl - Initiating JDBC connection release from afterTransaction
[DEBUG] 2020-02-17 12:52:56.626 [main] TransactionImpl - On TransactionImpl creation, JpaCompliance#isJpaTransactionComplianceEnabled == false
[DEBUG] 2020-02-17 12:52:56.626 [main] TransactionImpl - begin
[DEBUG] 2020-02-17 12:52:56.628 [main] TransactionImpl - committing
[DEBUG] 2020-02-17 12:52:56.628 [main] AbstractFlushingEventListener - Processing flush-time cascades
[DEBUG] 2020-02-17 12:52:56.628 [main] AbstractFlushingEventListener - Dirty checking collections
[DEBUG] 2020-02-17 12:52:56.629 [main] AbstractFlushingEventListener - Flushed: 0 insertions, 1 updates, 0 deletions to 1 objects
[DEBUG] 2020-02-17 12:52:56.629 [main] AbstractFlushingEventListener - Flushed: 0 (re)creations, 0 updates, 0 removals to 0 collections
[DEBUG] 2020-02-17 12:52:56.629 [main] EntityPrinter - Listing entities:
[DEBUG] 2020-02-17 12:52:56.629 [main] EntityPrinter - com.bookshelfBanshee.entity.User{password=notPassword, id=1, username=resetUsername}
[DEBUG] 2020-02-17 12:52:56.629 [main] SQL - update user set password=?, username=? where id=?
[DEBUG] 2020-02-17 12:52:56.634 [main] LogicalConnectionManagedImpl - Initiating JDBC connection release from afterTransaction
[DEBUG] 2020-02-17 12:52:56.639 [main] LogicalConnectionManagedImpl - Initiating JDBC connection release from afterTransaction
[DEBUG] 2020-02-17 12:52:56.640 [main] SQL - select user0_.id as id1_0_0_, user0_.password as password2_0_0_, user0_.username as username3_0_0_ from user user0_ where user0_.id=?
[DEBUG] 2020-02-17 12:52:56.642 [main] ResultSetProcessorImpl - Starting ResultSet row #0
[DEBUG] 2020-02-17 12:52:56.642 [main] EntityReferenceInitializerImpl - On call to EntityIdentifierReaderImpl#resolve, EntityKey was already known; should only happen on root returns with an optional identifier specified
[DEBUG] 2020-02-17 12:52:56.643 [main] TwoPhaseLoad - Resolving attributes for [com.bookshelfBanshee.entity.User#1]
[DEBUG] 2020-02-17 12:52:56.643 [main] TwoPhaseLoad - Processing attribute `password` : value = notPassword
[DEBUG] 2020-02-17 12:52:56.643 [main] TwoPhaseLoad - Attribute (`password`)  - enhanced for lazy-loading? - false
[DEBUG] 2020-02-17 12:52:56.643 [main] TwoPhaseLoad - Processing attribute `username` : value = resetUsername
[DEBUG] 2020-02-17 12:52:56.643 [main] TwoPhaseLoad - Attribute (`username`)  - enhanced for lazy-loading? - false
[DEBUG] 2020-02-17 12:52:56.643 [main] TwoPhaseLoad - Done materializing entity [com.bookshelfBanshee.entity.User#1]
[DEBUG] 2020-02-17 12:52:56.643 [main] ResourceRegistryStandardImpl - HHH000387: ResultSet's statement was not registered
[DEBUG] 2020-02-17 12:52:56.643 [main] AbstractLoadPlanBasedEntityLoader - Done entity load : com.bookshelfBanshee.entity.User#1
[DEBUG] 2020-02-17 12:52:56.644 [main] LogicalConnectionManagedImpl - Initiating JDBC connection release from afterTransaction
